Log file open, 07/05/18 16:51:14
LogWindows: Failed to load 'aqProf.dll' (GetLastError=126)
LogWindows: File 'aqProf.dll' does not exist
LogWindows: Failed to load 'VtuneApi.dll' (GetLastError=126)
LogWindows: File 'VtuneApi.dll' does not exist
LogWindows: Failed to load 'VtuneApi32e.dll' (GetLastError=126)
LogWindows: File 'VtuneApi32e.dll' does not exist
LogInit: Display: Running engine for game: GK_Live
LogPlatformFile: Not using cached read wrapper
LogInit: Display: RandInit(534105498) SRandInit(534105498).
LogInit: Read version file with build ID '3944462'
LogInit: Overriding engine version to CL 4033788, compatible CL 3944462
LogInit: Registered custom module enumerator with build ID '3944462'
LogTaskGraph: Started task graph with 5 named threads and 23 total threads with 3 sets of task threads.
LogStats: Stats thread started at 0.294527
LogD3D11RHI: Aftermath initialized
LogICUInternationalization: Display: ICU TimeZone Detection - Raw Offset: +0:00, Platform Override: ''
LogModuleManager: Display: Found up-to-date module file ../../../Engine/Plugins/2D/Paper2D/Binaries/Win64/UE4Editor-Paper2D.dll (API version 3944462).
LogModuleManager: Display: Found up-to-date module file ../../../Engine/Plugins/2D/Paper2D/Binaries/Win64/UE4Editor-Paper2DEditor.dll (API version 3944462).
LogModuleManager: Display: Found up-to-date module file ../../../Engine/Plugins/2D/Paper2D/Binaries/Win64/UE4Editor-PaperSpriteSheetImporter.dll (API version 3944462).
LogModuleManager: Display: Found up-to-date module file ../../../Engine/Plugins/2D/Paper2D/Binaries/Win64/UE4Editor-PaperTiledImporter.dll (API version 3944462).
LogModuleManager: Display: Found up-to-date module file ../../../Engine/Plugins/2D/Paper2D/Binaries/Win64/UE4Editor-SmartSnapping.dll (API version 3944462).
LogModuleManager: Display: Found up-to-date module file ../../../Engine/Plugins/Blendables/LightPropagationVolume/Binaries/Win64/UE4Editor-LightPropagationVolumeRuntime.dll (API version 3944462).
LogModuleManager: Display: Found up-to-date module file ../../../Engine/Plugins/Blendables/LightPropagationVolume/Binaries/Win64/UE4Editor-LightPropagationVolumeEditor.dll (API version 3944462).
LogModuleManager: Display: Found up-to-date module file ../../../Engine/Plugins/Developer/CLionSourceCodeAccess/Binaries/Win64/UE4Editor-CLionSourceCodeAccess.dll (API version 3944462).
LogModuleManager: Display: Found up-to-date module file ../../../Engine/Plugins/Developer/GitSourceControl/Binaries/Win64/UE4Editor-GitSourceControl.dll (API version 3944462).
LogModuleManager: Display: Found up-to-date module file ../../../Engine/Plugins/Developer/PerforceSourceControl/Binaries/Win64/UE4Editor-PerforceSourceControl.dll (API version 3944462).
LogModuleManager: Display: Found up-to-date module file ../../../Engine/Plugins/Developer/SubversionSourceControl/Binaries/Win64/UE4Editor-SubversionSourceControl.dll (API version 3944462).
LogModuleManager: Display: Found up-to-date module file ../../../Engine/Plugins/Developer/UObjectPlugin/Binaries/Win64/UE4Editor-UObjectPlugin.dll (API version 3944462).
LogModuleManager: Display: Found up-to-date module file ../../../Engine/Plugins/Developer/VisualStudioCodeSourceCodeAccess/Binaries/Win64/UE4Editor-VisualStudioCodeSourceCodeAccess.dll (API version 3944462).
LogModuleManager: Display: Found up-to-date module file ../../../Engine/Plugins/Developer/VisualStudioSourceCodeAccess/Binaries/Win64/UE4Editor-VisualStudioSourceCodeAccess.dll (API version 3944462).
LogModuleManager: Display: Found up-to-date module file ../../../Engine/Plugins/Editor/AssetManagerEditor/Binaries/Win64/UE4Editor-AssetManagerEditor.dll (API version 3944462).
LogModuleManager: Display: Found up-to-date module file ../../../Engine/Plugins/Editor/CryptoKeys/Binaries/Win64/UE4Editor-CryptoKeys.dll (API version 3944462).
LogModuleManager: Display: Found up-to-date module file ../../../Engine/Plugins/Editor/CryptoKeys/Binaries/Win64/UE4Editor-CryptoKeysOpenSSL.dll (API version 3944462).
LogModuleManager: Display: Found up-to-date module file ../../../Engine/Plugins/Editor/DataValidation/Binaries/Win64/UE4Editor-DataValidation.dll (API version 3944462).
LogModuleManager: Display: Found up-to-date module file ../../../Engine/Plugins/Editor/FacialAnimation/Binaries/Win64/UE4Editor-FacialAnimation.dll (API version 3944462).
LogModuleManager: Display: Found up-to-date module file ../../../Engine/Plugins/Editor/FacialAnimation/Binaries/Win64/UE4Editor-FacialAnimationEditor.dll (API version 3944462).
LogModuleManager: Display: Found up-to-date module file ../../../Engine/Plugins/Editor/GameplayTagsEditor/Binaries/Win64/UE4Editor-GameplayTagsEditor.dll (API version 3944462).
LogModuleManager: Display: Found up-to-date module file ../../../Engine/Plugins/Editor/MobileLauncherProfileWizard/Binaries/Win64/UE4Editor-MobileLauncherProfileWizard.dll (API version 3944462).
LogModuleManager: Display: Found up-to-date module file ../../../Engine/Plugins/Editor/PluginBrowser/Binaries/Win64/UE4Editor-PluginBrowser.dll (API version 3944462).
LogModuleManager: Display: Found up-to-date module file ../../../Engine/Plugins/Editor/SpeedTreeImporter/Binaries/Win64/UE4Editor-SpeedTreeImporter.dll (API version 3944462).
LogModuleManager: Display: Found up-to-date module file ../../../Engine/Plugins/Enterprise/DatasmithContent/Binaries/Win64/UE4Editor-DatasmithContent.dll (API version 3944462).
LogModuleManager: Display: Found up-to-date module file ../../../Engine/Plugins/Experimental/AlembicImporter/Binaries/Win64/UE4Editor-AlembicImporter.dll (API version 3944462).
LogModuleManager: Display: Found up-to-date module file ../../../Engine/Plugins/Experimental/AlembicImporter/Binaries/Win64/UE4Editor-AlembicLibrary.dll (API version 3944462).
LogModuleManager: Display: Found up-to-date module file ../../../Engine/Plugins/Experimental/CharacterAI/Binaries/Win64/UE4Editor-CharacterAI.dll (API version 3944462).
LogModuleManager: Display: Found up-to-date module file ../../../Engine/Plugins/Experimental/HTML5Networking/Binaries/Win64/UE4Editor-HTML5Networking.dll (API version 3944462).
LogModuleManager: Display: Found up-to-date module file ../../../Engine/Plugins/Media/AndroidMedia/Binaries/Win64/UE4Editor-AndroidMediaEditor.dll (API version 3944462).
LogModuleManager: Display: Found up-to-date module file ../../../Engine/Plugins/Media/AndroidMedia/Binaries/Win64/UE4Editor-AndroidMediaFactory.dll (API version 3944462).
LogModuleManager: Display: Found up-to-date module file ../../../Engine/Plugins/Media/AvfMedia/Binaries/Win64/UE4Editor-AvfMediaEditor.dll (API version 3944462).
LogModuleManager: Display: Found up-to-date module file ../../../Engine/Plugins/Media/AvfMedia/Binaries/Win64/UE4Editor-AvfMediaFactory.dll (API version 3944462).
LogModuleManager: Display: Found up-to-date module file ../../../Engine/Plugins/Media/AvfMedia/Binaries/Win64/UE4Editor-AvfMediaFactory.dll (API version 3944462).
LogModuleManager: Display: Found up-to-date module file ../../../Engine/Plugins/Media/ImgMedia/Binaries/Win64/UE4Editor-ImgMedia.dll (API version 3944462).
LogModuleManager: Display: Found up-to-date module file ../../../Engine/Plugins/Media/ImgMedia/Binaries/Win64/UE4Editor-ImgMediaEditor.dll (API version 3944462).
LogModuleManager: Display: Found up-to-date module file ../../../Engine/Plugins/Media/ImgMedia/Binaries/Win64/UE4Editor-ImgMediaFactory.dll (API version 3944462).
LogModuleManager: Display: Found up-to-date module file ../../../Engine/Plugins/Media/ImgMedia/Binaries/Win64/UE4Editor-ImgMediaFactory.dll (API version 3944462).
LogModuleManager: Display: Found up-to-date module file ../../../Engine/Plugins/Media/ImgMedia/Binaries/Win64/UE4Editor-OpenExrWrapper.dll (API version 3944462).
LogModuleManager: Display: Found up-to-date module file ../../../Engine/Plugins/Media/LinearTimecode/Binaries/Win64/UE4Editor-LinearTimecode.dll (API version 3944462).
LogModuleManager: Display: Found up-to-date module file ../../../Engine/Plugins/Media/MediaCompositing/Binaries/Win64/UE4Editor-MediaCompositing.dll (API version 3944462).
LogModuleManager: Display: Found up-to-date module file ../../../Engine/Plugins/Media/MediaCompositing/Binaries/Win64/UE4Editor-MediaCompositingEditor.dll (API version 3944462).
LogModuleManager: Display: Found up-to-date module file ../../../Engine/Plugins/Media/MediaPlayerEditor/Binaries/Win64/UE4Editor-MediaPlayerEditor.dll (API version 3944462).
LogModuleManager: Display: Found up-to-date module file ../../../Engine/Plugins/Media/WmfMedia/Binaries/Win64/UE4Editor-WmfMedia.dll (API version 3944462).
LogModuleManager: Display: Found up-to-date module file ../../../Engine/Plugins/Media/WmfMedia/Binaries/Win64/UE4Editor-WmfMediaEditor.dll (API version 3944462).
LogModuleManager: Display: Found up-to-date module file ../../../Engine/Plugins/Media/WmfMedia/Binaries/Win64/UE4Editor-WmfMediaFactory.dll (API version 3944462).
LogModuleManager: Display: Found up-to-date module file ../../../Engine/Plugins/Media/WmfMedia/Binaries/Win64/UE4Editor-WmfMediaFactory.dll (API version 3944462).
LogModuleManager: Display: Found up-to-date module file ../../../Engine/Plugins/Messaging/TcpMessaging/Binaries/Win64/UE4Editor-TcpMessaging.dll (API version 3944462).
LogModuleManager: Display: Found up-to-date module file ../../../Engine/Plugins/Messaging/UdpMessaging/Binaries/Win64/UE4Editor-UdpMessaging.dll (API version 3944462).
LogModuleManager: Display: Found up-to-date module file ../../../Engine/Plugins/MovieScene/ActorSequence/Binaries/Win64/UE4Editor-ActorSequence.dll (API version 3944462).
LogModuleManager: Display: Found up-to-date module file ../../../Engine/Plugins/MovieScene/LevelSequenceEditor/Binaries/Win64/UE4Editor-LevelSequenceEditor.dll (API version 3944462).
LogModuleManager: Display: Found up-to-date module file ../../../Engine/Plugins/MovieScene/MatineeToLevelSequence/Binaries/Win64/UE4Editor-MatineeToLevelSequence.dll (API version 3944462).
LogModuleManager: Display: Found up-to-date module file ../../../Engine/Plugins/NetcodeUnitTest/NetcodeUnitTest/Binaries/Win64/UE4Editor-NetcodeUnitTest.dll (API version 3944462).
LogModuleManager: Display: Found up-to-date module file ../../../Engine/Plugins/NetcodeUnitTest/NUTUnrealEngine4/Binaries/Win64/UE4Editor-NUTUnrealEngine4.dll (API version 3944462).
LogModuleManager: Display: Found up-to-date module file ../../../Engine/Plugins/Online/OnlineSubsystem/Binaries/Win64/UE4Editor-OnlineSubsystem.dll (API version 3944462).
LogModuleManager: Display: Found up-to-date module file ../../../Engine/Plugins/Runtime/AndroidPermission/Binaries/Win64/UE4Editor-AndroidPermission.dll (API version 3944462).
LogModuleManager: Display: Found up-to-date module file ../../../Engine/Plugins/Online/OnlineSubsystemNull/Binaries/Win64/UE4Editor-OnlineSubsystemNull.dll (API version 3944462).
LogModuleManager: Display: Found up-to-date module file ../../../Engine/Plugins/Online/OnlineSubsystemUtils/Binaries/Win64/UE4Editor-OnlineSubsystemUtils.dll (API version 3944462).
LogModuleManager: Display: Found up-to-date module file ../../../Engine/Plugins/Online/OnlineSubsystemUtils/Binaries/Win64/UE4Editor-OnlineBlueprintSupport.dll (API version 3944462).
LogModuleManager: Display: Found up-to-date module file ../../../Engine/Plugins/Runtime/AndroidDeviceProfileSelector/Binaries/Win64/UE4Editor-AndroidDeviceProfileSelector.dll (API version 3944462).
LogModuleManager: Display: Found up-to-date module file ../../../Engine/Plugins/Runtime/AppleARKit/Binaries/Win64/UE4Editor-AppleARKit.dll (API version 3944462).
LogModuleManager: Display: Found up-to-date module file ../../../Engine/Plugins/Runtime/ProceduralMeshComponent/Binaries/Win64/UE4Editor-ProceduralMeshComponent.dll (API version 3944462).
LogModuleManager: Display: Found up-to-date module file ../../../Engine/Plugins/Runtime/ProceduralMeshComponent/Binaries/Win64/UE4Editor-ProceduralMeshComponentEditor.dll (API version 3944462).
LogModuleManager: Display: Found up-to-date module file ../../../Engine/Plugins/Animation/LiveLink/Binaries/Win64/UE4Editor-LiveLink.dll (API version 3944462).
LogModuleManager: Display: Found up-to-date module file ../../../Engine/Plugins/Animation/LiveLink/Binaries/Win64/UE4Editor-LiveLinkEditor.dll (API version 3944462).
LogModuleManager: Display: Found up-to-date module file ../../../Engine/Plugins/Runtime/ArchVisCharacter/Binaries/Win64/UE4Editor-ArchVisCharacter.dll (API version 3944462).
LogModuleManager: Display: Found up-to-date module file ../../../Engine/Plugins/Runtime/AudioCapture/Binaries/Win64/UE4Editor-AudioCapture.dll (API version 3944462).
LogModuleManager: Display: Found up-to-date module file ../../../Engine/Plugins/Runtime/AudioCapture/Binaries/Win64/UE4Editor-AudioCaptureEditor.dll (API version 3944462).
LogModuleManager: Display: Found up-to-date module file ../../../Engine/Plugins/Runtime/CableComponent/Binaries/Win64/UE4Editor-CableComponent.dll (API version 3944462).
LogModuleManager: Display: Found up-to-date module file ../../../Engine/Plugins/Runtime/CustomMeshComponent/Binaries/Win64/UE4Editor-CustomMeshComponent.dll (API version 3944462).
LogModuleManager: Display: Found up-to-date module file ../../../Engine/Plugins/Runtime/ExampleDeviceProfileSelector/Binaries/Win64/UE4Editor-ExampleDeviceProfileSelector.dll (API version 3944462).
LogModuleManager: Display: Found up-to-date module file ../../../Engine/Plugins/Runtime/ImmediatePhysics/Binaries/Win64/UE4Editor-ImmediatePhysics.dll (API version 3944462).
LogModuleManager: Display: Found up-to-date module file ../../../Engine/Plugins/Runtime/ImmediatePhysics/Binaries/Win64/UE4Editor-ImmediatePhysicsEditor.dll (API version 3944462).
LogModuleManager: Display: Found up-to-date module file ../../../Engine/Plugins/Runtime/LocationServicesBPLibrary/Binaries/Win64/UE4Editor-LocationServicesBPLibrary.dll (API version 3944462).
LogModuleManager: Display: Found up-to-date module file ../../../Engine/Plugins/Runtime/MobilePatchingUtils/Binaries/Win64/UE4Editor-MobilePatchingUtils.dll (API version 3944462).
LogModuleManager: Display: Found up-to-date module file ../../../Engine/Plugins/Runtime/Oculus/OculusVR/Binaries/Win64/UE4Editor-OculusHMD.dll (API version 3944462).
LogModuleManager: Display: Found up-to-date module file ../../../Engine/Plugins/Runtime/Oculus/OculusVR/Binaries/Win64/UE4Editor-OculusInput.dll (API version 3944462).
LogModuleManager: Display: Found up-to-date module file ../../../Engine/Plugins/Runtime/Oculus/OculusVR/Binaries/Win64/UE4Editor-OculusEditor.dll (API version 3944462).
LogModuleManager: Display: Found up-to-date module file ../../../Engine/Plugins/Runtime/PhysXVehicles/Binaries/Win64/UE4Editor-PhysXVehicles.dll (API version 3944462).
LogModuleManager: Display: Found up-to-date module file ../../../Engine/Plugins/Runtime/PhysXVehicles/Binaries/Win64/UE4Editor-PhysXVehiclesEditor.dll (API version 3944462).
LogModuleManager: Display: Found up-to-date module file ../../../Engine/Plugins/Runtime/RuntimePhysXCooking/Binaries/Win64/UE4Editor-RuntimePhysXCooking.dll (API version 3944462).
LogModuleManager: Display: Found up-to-date module file ../../../Engine/Plugins/Runtime/Steam/SteamVR/Binaries/Win64/UE4Editor-SteamVR.dll (API version 3944462).
LogModuleManager: Display: Found up-to-date module file ../../../Engine/Plugins/Runtime/Steam/SteamVR/Binaries/Win64/UE4Editor-SteamVRController.dll (API version 3944462).
LogModuleManager: Display: Found up-to-date module file ../../../Engine/Plugins/Runtime/WindowsMoviePlayer/Binaries/Win64/UE4Editor-WindowsMoviePlayer.dll (API version 3944462).
LogPluginManager: Mounting plugin Paper2D
LogPluginManager: Mounting plugin LiveLink
LogPluginManager: Mounting plugin LightPropagationVolume
LogPluginManager: Mounting plugin CLionSourceCodeAccess
LogPluginManager: Mounting plugin CodeLiteSourceCodeAccess
LogPluginManager: Mounting plugin GitSourceControl
LogPluginManager: Mounting plugin KDevelopSourceCodeAccess
LogPluginManager: Mounting plugin NullSourceCodeAccess
LogPluginManager: Mounting plugin PerforceSourceControl
LogPluginManager: Mounting plugin SubversionSourceControl
LogPluginManager: Mounting plugin UObjectPlugin
LogPluginManager: Mounting plugin VisualStudioCodeSourceCodeAccess
LogPluginManager: Mounting plugin VisualStudioSourceCodeAccess
LogPluginManager: Mounting plugin XCodeSourceCodeAccess
LogPluginManager: Mounting plugin AssetManagerEditor
LogPluginManager: Mounting plugin CryptoKeys
LogPluginManager: Mounting plugin DataValidation
LogPluginManager: Mounting plugin FacialAnimation
LogPluginManager: Mounting plugin GameplayTagsEditor
LogPluginManager: Mounting plugin MobileLauncherProfileWizard
LogPluginManager: Mounting plugin PluginBrowser
LogPluginManager: Mounting plugin SpeedTreeImporter
LogPluginManager: Mounting plugin DatasmithContent
LogPluginManager: Mounting plugin AlembicImporter
LogPluginManager: Mounting plugin CharacterAI
LogPluginManager: Mounting plugin HTML5Networking
LogPluginManager: Mounting plugin AndroidMedia
LogPluginManager: Mounting plugin AvfMedia
LogPluginManager: Mounting plugin ImgMedia
LogPluginManager: Mounting plugin LinearTimecode
LogPluginManager: Mounting plugin MediaCompositing
LogPluginManager: Mounting plugin MediaPlayerEditor
LogPluginManager: Mounting plugin WmfMedia
LogPluginManager: Mounting plugin TcpMessaging
LogPluginManager: Mounting plugin UdpMessaging
LogPluginManager: Mounting plugin ActorSequence
LogPluginManager: Mounting plugin LevelSequenceEditor
LogPluginManager: Mounting plugin MatineeToLevelSequence
LogPluginManager: Mounting plugin NetcodeUnitTest
LogPluginManager: Mounting plugin NUTUnrealEngine4
LogPluginManager: Mounting plugin OnlineSubsystemGooglePlay
LogPluginManager: Mounting plugin OnlineSubsystemIOS
LogPluginManager: Mounting plugin OnlineSubsystem
LogPluginManager: Mounting plugin OnlineSubsystemNull
LogPluginManager: Mounting plugin OnlineSubsystemUtils
LogPluginManager: Mounting plugin AndroidDeviceProfileSelector
LogPluginManager: Mounting plugin AndroidMoviePlayer
LogPluginManager: Mounting plugin AndroidPermission
LogPluginManager: Mounting plugin AppleARKit
LogPluginManager: Mounting plugin AppleMoviePlayer
LogPluginManager: Mounting plugin ArchVisCharacter
LogPluginManager: Mounting plugin AudioCapture
LogPluginManager: Mounting plugin CableComponent
LogPluginManager: Mounting plugin CustomMeshComponent
LogPluginManager: Mounting plugin ExampleDeviceProfileSelector
LogPluginManager: Mounting plugin GoogleCloudMessaging
LogPluginManager: Mounting plugin ImmediatePhysics
LogPluginManager: Mounting plugin IOSDeviceProfileSelector
LogPluginManager: Mounting plugin LinuxDeviceProfileSelector
LogPluginManager: Mounting plugin LocationServicesBPLibrary
LogPluginManager: Mounting plugin MobilePatchingUtils
LogPluginManager: Mounting plugin OculusVR
LogPluginManager: Plugin shader directory ../../../Engine/Plugins/Runtime/Oculus/OculusVR/Shaders found
LogPluginManager: Mapping shader source directory ../../../Engine/Plugins/Runtime/Oculus/OculusVR/Shaders to virtual directory /Plugin/OculusVR
LogPluginManager: Mounting plugin PhysXVehicles
LogPluginManager: Mounting plugin ProceduralMeshComponent
LogPluginManager: Mounting plugin RuntimePhysXCooking
LogPluginManager: Mounting plugin SteamVR
LogPluginManager: Mounting plugin WindowsMoviePlayer
LogStreaming: Display: Took  1.524s to configure plugins.
LogInit: Using libcurl 7.47.1
LogInit:  - built for x86_64-pc-win32
LogInit:  - supports SSL with OpenSSL/1.0.2g
LogInit:  - supports HTTP deflate (compression) using libz 1.2.8
LogInit:  - other features:
LogInit:      CURL_VERSION_SSL
LogInit:      CURL_VERSION_LIBZ
LogInit:      CURL_VERSION_IPV6
LogInit:      CURL_VERSION_ASYNCHDNS
LogInit:      CURL_VERSION_LARGEFILE
LogInit:      CURL_VERSION_IDN
LogInit:  CurlRequestOptions (configurable via config and command line):
LogInit:  - bVerifyPeer = false  - Libcurl will NOT verify peer certificate
LogInit:  - bUseHttpProxy = false  - Libcurl will NOT use HTTP proxy
LogInit:  - bDontReuseConnections = false  - Libcurl will reuse connections
LogInit:  - CertBundlePath = nullptr  - Libcurl will use whatever was configured at build time.
LogInit:  - MaxHostConnections = 16  - Libcurl will limit the number of connections to a host
LogInit:  - LocalHostAddr = Default
LogInit: WinSock: version 1.1 (2.2), MaxSocks=32767, MaxUdp=65467
LogInit: WinSock: I am CC1601T2-LW1669 (10.33.179.192:0)
LogInit: Build: ++UE4+Release-4.19-CL-4033788
LogInit: Engine Version: 4.19.2-4033788+++UE4+Release-4.19
LogInit: Compatible Engine Version: 4.19.0-3944462+++UE4+Release-4.19
LogInit: Net CL: 3944462
LogDevObjectVersion: Number of dev versions registered: 18
LogDevObjectVersion:   Dev-Blueprints (B0D832E4-1F89-4F0D-ACCF-7EB736FD4AA2): 10
LogDevObjectVersion:   Dev-Build (E1C64328-A22C-4D53-A36C-8E866417BD8C): 0
LogDevObjectVersion:   Dev-Core (375EC13C-06E4-48FB-B500-84F0262A717E): 2
LogDevObjectVersion:   Dev-Editor (E4B068ED-F494-42E9-A231-DA0B2E46BB41): 23
LogDevObjectVersion:   Dev-Framework (CFFC743F-43B0-4480-9391-14DF171D2073): 33
LogDevObjectVersion:   Dev-Mobile (B02B49B5-BB20-44E9-A304-32B752E40360): 2
LogDevObjectVersion:   Dev-Networking (A4E4105C-59A1-49B5-A7C5-40C4547EDFEE): 0
LogDevObjectVersion:   Dev-Online (39C831C9-5AE6-47DC-9A44-9C173E1C8E7C): 0
LogDevObjectVersion:   Dev-Physics (78F01B33-EBEA-4F98-B9B4-84EACCB95AA2): 0
LogDevObjectVersion:   Dev-Platform (6631380F-2D4D-43E0-8009-CF276956A95A): 0
LogDevObjectVersion:   Dev-Rendering (12F88B9F-8875-4AFC-A67C-D90C383ABD29): 25
LogDevObjectVersion:   Dev-Sequencer (7B5AE74C-D270-4C10-A958-57980B212A5A): 6
LogDevObjectVersion:   Dev-VR (D7296918-1DD6-4BDD-9DE2-64A83CC13884): 1
LogDevObjectVersion:   Dev-LoadTimes (C2A15278-BFE7-4AFE-6C17-90FF531DF755): 1
LogDevObjectVersion:   Private-Geometry (6EACA3D4-40EC-4CC1-B786-8BED09428FC5): 2
LogDevObjectVersion:   Dev-AnimPhys (29E575DD-E0A3-4627-9D10-D276232CDCEA): 16
LogDevObjectVersion:   Dev-ReflectionCapture (6B266CEC-1EC7-4B8F-A30B-E4D90942FC07): 1
LogDevObjectVersion:   Dev-Automation (0DF73D61-A23F-47EA-B727-89E90C41499A): 1
LogInit: Compiled (64-bit): Apr 27 2018 02:06:57
LogInit: Compiled with Visual C++: 19.00.24215.01
LogInit: Build Configuration: Development
LogInit: Branch Name: ++UE4+Release-4.19
LogInit: Command Line:  
LogInit: Base Directory: C:/Program Files/Epic Games/UE_4.19/Engine/Binaries/Win64/
LogInit: Installed Engine Build: 1
LogStreaming: Display: Took  0.002s to delete old logs.
LogInit: Presizing for max 8388607 objects, including 0 objects not considered by GC, pre-allocating 0 bytes for permanent pool.
LogInit: Object subsystem initialized
[2018.07.05-15.51.16:476][  0]LogInit: Selected Device Profile: [Windows]
[2018.07.05-15.51.16:476][  0]LogInit: Applying CVar settings loaded from the selected device profile: [Windows]
[2018.07.05-15.51.16:492][  0]LogInit: Computer: CC1601T2-LW1669
[2018.07.05-15.51.16:492][  0]LogInit: User: NTI
[2018.07.05-15.51.16:492][  0]LogInit: CPU Page size=4096, Cores=4
[2018.07.05-15.51.16:492][  0]LogInit: High frequency timer resolution =2.531250 MHz
[2018.07.05-15.51.16:492][  0]LogMemory: Memory total: Physical=15.4GB (16GB approx)
[2018.07.05-15.51.16:492][  0]LogMemory: Platform Memory Stats for Windows
[2018.07.05-15.51.16:492][  0]LogMemory: Process Physical Memory: 274.51 MB used, 274.51 MB peak
[2018.07.05-15.51.16:492][  0]LogMemory: Process Virtual Memory: 264.86 MB used, 264.86 MB peak
[2018.07.05-15.51.16:492][  0]LogMemory: Physical Memory: 6040.20 MB used,  9722.19 MB free, 15762.38 MB total
[2018.07.05-15.51.16:492][  0]LogMemory: Virtual Memory: 4779.99 MB used,  9722.19 MB free, 134217728.00 MB total
[2018.07.05-15.51.16:520][  0]LogInit: Using OS detected language (en-US).
[2018.07.05-15.51.16:520][  0]LogInit: Using OS detected locale (en-GB).
[2018.07.05-15.51.16:523][  0]LogTextLocalizationManager: No specific localization for 'en-US' exists, so the 'en' localization will be used.
[2018.07.05-15.51.17:014][  0]LogStreaming: Display: Took  0.494s to EndInitTextLocalization.
[2018.07.05-15.51.17:015][  0]LogInit: Setting process to per monitor DPI aware
[2018.07.05-15.51.17:067][  0]LogSlate: New Slate User Created.  User Index 0, Is Virtual User: 0
[2018.07.05-15.51.17:067][  0]LogSlate: Slate User Registered.  User Index 0, Is Virtual User: 0
[2018.07.05-15.51.17:333][  0]LogD3D11RHI: D3D11 adapters:
[2018.07.05-15.51.17:381][  0]LogD3D11RHI:    0. 'NVIDIA Quadro M1000M' (Feature Level 11_0)
[2018.07.05-15.51.17:381][  0]LogD3D11RHI:       4063/0/7881 MB DedicatedVideo/DedicatedSystem/SharedSystem, Outputs:1, VendorId:0x10de
[2018.07.05-15.51.17:390][  0]LogD3D11RHI:    1. 'Intel(R) HD Graphics 530' (Feature Level 11_0)
[2018.07.05-15.51.17:390][  0]LogD3D11RHI:       128/0/7881 MB DedicatedVideo/DedicatedSystem/SharedSystem, Outputs:0, VendorId:0x8086
[2018.07.05-15.51.17:393][  0]LogD3D11RHI:    2. 'Microsoft Basic Render Driver' (Feature Level 11_0)
[2018.07.05-15.51.17:393][  0]LogD3D11RHI:       0/0/7881 MB DedicatedVideo/DedicatedSystem/SharedSystem, Outputs:0, VendorId:0x1414
[2018.07.05-15.51.17:393][  0]LogD3D11RHI: Chosen D3D11 Adapter: 0
[2018.07.05-15.51.17:413][  0]LogD3D11RHI: Creating new Direct3DDevice
[2018.07.05-15.51.17:413][  0]LogD3D11RHI:     GPU DeviceId: 0x13b1 (for the marketing name, search the web for "GPU Device Id")
[2018.07.05-15.51.17:413][  0]LogWindows: EnumDisplayDevices:
[2018.07.05-15.51.17:413][  0]LogWindows:    0. 'Intel(R) HD Graphics 530' (P:1 D:1)
[2018.07.05-15.51.17:413][  0]LogWindows:    1. 'Intel(R) HD Graphics 530' (P:0 D:0)
[2018.07.05-15.51.17:413][  0]LogWindows:    2. 'Intel(R) HD Graphics 530' (P:0 D:0)
[2018.07.05-15.51.17:414][  0]LogWindows:    3. 'NVIDIA Quadro M1000M' (P:0 D:0)
[2018.07.05-15.51.17:414][  0]LogWindows:    4. 'NVIDIA Quadro M1000M' (P:0 D:0)
[2018.07.05-15.51.17:414][  0]LogWindows:    5. 'NVIDIA Quadro M1000M' (P:0 D:0)
[2018.07.05-15.51.17:414][  0]LogWindows:    6. 'NVIDIA Quadro M1000M' (P:0 D:0)
[2018.07.05-15.51.17:414][  0]LogWindows: DebugString: GetVideoDriverDetailsInvalid PrimaryIsNotTheChoosenAdapter GetVideoDriverDetailsInvalid PrimaryIsNotTheChoosenAdapter GetVideoDriverDetailsInvalid PrimaryIsNotTheChoosenAdapter GetVideoDriverDetailsInvalid PrimaryIsNotTheChoosenAdapter GetVideoDriverDetailsInvalid PrimaryIsNotTheChoosenAdapter GetVideoDriverDetailsInvalid PrimaryIsNotTheChoosenAdapter GetVideoDriverDetailsInvalid PrimaryIsNotTheChoosenAdapter FoundDriverCount:0 
[2018.07.05-15.51.17:415][  0]LogD3D11RHI:     Adapter Name: NVIDIA Quadro M1000M
[2018.07.05-15.51.17:415][  0]LogD3D11RHI:   Driver Version: Unknown (internal:Unknown, unified:Unknown)
[2018.07.05-15.51.17:415][  0]LogD3D11RHI:      Driver Date: Unknown
[2018.07.05-15.51.17:415][  0]LogRHI: Texture pool is 2844 MB (70% of 4063 MB)
[2018.07.05-15.51.17:443][  0]LogD3D11RHI: [Aftermath] Aftermath enabled but failed to initialize
[2018.07.05-15.51.17:443][  0]LogD3D11RHI: [Aftermath] Aftermath enabled and primed
[2018.07.05-15.51.17:443][  0]LogD3D11RHI: Async texture creation enabled
[2018.07.05-15.51.17:455][  0]LogD3D11RHI: GPU Timing Frequency: 1000.000000 (Debug: 2 1)
[2018.07.05-15.51.17:457][  0]LogShaderCompilers: Guid format shader working directory is 1 characters bigger than the processId version (../../../../../../Users/NTI/Desktop/GK_Live/Intermediate/Shaders/WorkingDirectory/9788/).
[2018.07.05-15.51.17:457][  0]LogShaderCompilers: Cleaned the shader compiler working directory 'C:/Users/NTI/AppData/Local/Temp/UnrealShaderWorkingDir/6BC5C4A64C531C68D761C79E0C9A66EE/'.
[2018.07.05-15.51.17:720][  0]LogTemp: Display: Loaded TP AllDesktopTargetPlatform
[2018.07.05-15.51.17:739][  0]LogTemp: Display: Loaded TP MacClientTargetPlatform
[2018.07.05-15.51.17:757][  0]LogTemp: Display: Loaded TP MacNoEditorTargetPlatform
[2018.07.05-15.51.17:783][  0]LogTemp: Display: Loaded TP MacServerTargetPlatform
[2018.07.05-15.51.17:801][  0]LogTemp: Display: Loaded TP MacTargetPlatform
[2018.07.05-15.51.17:821][  0]LogTemp: Display: Loaded TP WindowsClientTargetPlatform
[2018.07.05-15.51.17:838][  0]LogTemp: Display: Loaded TP WindowsNoEditorTargetPlatform
[2018.07.05-15.51.17:857][  0]LogTemp: Display: Loaded TP WindowsServerTargetPlatform
[2018.07.05-15.51.17:865][  0]LogTemp: Display: Loaded TP WindowsTargetPlatform
[2018.07.05-15.51.17:880][  0]LogTemp: Display: Loaded TP Android_ASTCTargetPlatform
[2018.07.05-15.51.17:896][  0]LogTemp: Display: Loaded TP Android_ATCTargetPlatform
[2018.07.05-15.51.17:913][  0]LogTemp: Display: Loaded TP Android_DXTTargetPlatform
[2018.07.05-15.51.17:932][  0]LogTemp: Display: Loaded TP Android_ETC1aTargetPlatform
[2018.07.05-15.51.17:955][  0]LogTemp: Display: Loaded TP Android_ETC1TargetPlatform
[2018.07.05-15.51.17:977][  0]LogTemp: Display: Loaded TP Android_ETC2TargetPlatform
[2018.07.05-15.51.18:018][  0]LogTemp: Display: Loaded TP Android_MultiTargetPlatform
[2018.07.05-15.51.18:019][  0]LogTemp: Display: Loaded TP Android_PVRTCTargetPlatform
[2018.07.05-15.51.18:038][  0]LogTemp: Display: Loaded TP AndroidTargetPlatform
[2018.07.05-15.51.18:041][  0]LogTemp: Display: Loaded TP HTML5TargetPlatform
[2018.07.05-15.51.18:085][  0]LogTemp: Display: Loaded TP IOSTargetPlatform
[2018.07.05-15.51.18:098][  0]LogTemp: Display: Loaded TP TVOSTargetPlatform
[2018.07.05-15.51.18:112][  0]LogTemp: Display: Loaded TP LinuxClientTargetPlatform
[2018.07.05-15.51.18:125][  0]LogTemp: Display: Loaded TP LinuxNoEditorTargetPlatform
[2018.07.05-15.51.18:138][  0]LogTemp: Display: Loaded TP LinuxServerTargetPlatform
[2018.07.05-15.51.18:153][  0]LogTemp: Display: Loaded TP LinuxTargetPlatform
[2018.07.05-15.51.18:153][  0]LogTargetPlatformManager: Display: Building Assets For Windows
[2018.07.05-15.51.18:297][  0]LogXGEController: Cannot use XGE Controller as Incredibuild is not installed on this machine.
[2018.07.05-15.51.18:298][  0]LogShaderCompilers: Cannot use XGE Shader Compiler as Incredibuild is not installed on this machine.
[2018.07.05-15.51.18:298][  0]LogShaderCompilers: Display: Using Local Shader Compiler.
[2018.07.05-15.51.19:080][  0]LogDerivedDataCache: Display: Max Cache Size: 512 MB
[2018.07.05-15.51.19:170][  0]LogDerivedDataCache: Loaded boot cache 0.09s 74MB C:/Users/NTI/AppData/Local/UnrealEngine/4.19/DerivedDataCache/Boot.ddc.
[2018.07.05-15.51.19:170][  0]LogDerivedDataCache: Display: Loaded Boot cache: C:/Users/NTI/AppData/Local/UnrealEngine/4.19/DerivedDataCache/Boot.ddc
[2018.07.05-15.51.19:170][  0]LogDerivedDataCache: FDerivedDataBackendGraph:  Pak pak cache file ../../../../../../Users/NTI/Desktop/GK_Live/DerivedDataCache/DDC.ddp not found, will not use a pak cache.
[2018.07.05-15.51.19:170][  0]LogDerivedDataCache: Unable to find inner node Pak for hierarchical cache Hierarchy.
[2018.07.05-15.51.19:170][  0]LogDerivedDataCache: FDerivedDataBackendGraph:  CompressedPak pak cache file ../../../../../../Users/NTI/Desktop/GK_Live/DerivedDataCache/Compressed.ddp not found, will not use a pak cache.
[2018.07.05-15.51.19:170][  0]LogDerivedDataCache: Unable to find inner node CompressedPak for hierarchical cache Hierarchy.
[2018.07.05-15.51.19:188][  0]LogDerivedDataCache: Display: Pak cache opened for reading ../../../Engine/DerivedDataCache/Compressed.ddp.
[2018.07.05-15.51.19:202][  0]LogDerivedDataCache: Using Local data cache path C:/Users/NTI/AppData/Local/UnrealEngine/Common/DerivedDataCache: Writable
[2018.07.05-15.51.19:202][  0]LogDerivedDataCache: Shared data cache path not found in *engine.ini, will not use an Shared cache.
[2018.07.05-15.51.19:202][  0]LogDerivedDataCache: Unable to find inner node Shared for hierarchical cache Hierarchy.
[2018.07.05-15.51.19:215][  0]LogMaterial: Verifying Global Shaders for PCD3D_SM5
[2018.07.05-15.51.19:216][  0]LogSlate: Using Freetype 2.6.0
[2018.07.05-15.51.19:217][  0]LogSlate: SlateFontCache - WITH_FREETYPE: 1, WITH_HARFBUZZ: 1
[2018.07.05-15.51.19:217][  0]LogSlate: SlateFontCache - WITH_FREETYPE: 1, WITH_HARFBUZZ: 1
[2018.07.05-15.51.19:373][  0]LogAssetRegistry: FAssetRegistry took 0.0263 seconds to start up
[2018.07.05-15.51.19:718][  0]LogInit: Selected Device Profile: [Windows]
[2018.07.05-15.51.19:908][  0]LogSimplygon: Simplygon DLL not present - disabling.
[2018.07.05-15.51.19:911][  0]LogMeshReduction: Using SimplygonSwarm for distributed automatic mesh merging
[2018.07.05-15.51.19:911][  0]LogMeshReduction: Using QuadricMeshReduction for automatic static mesh reduction
[2018.07.05-15.51.19:911][  0]LogMeshReduction: No automatic skeletal mesh reduction module available
[2018.07.05-15.51.19:911][  0]LogMeshReduction: No automatic mesh merging module available
[2018.07.05-15.51.19:911][  0]LogMeshMerging: No automatic mesh merging module available
[2018.07.05-15.51.19:961][  0]LogNetVersion: GK_Live , NetCL: 3944462, EngineNetVer: 2, GameNetVer: 0 (Checksum: 2787594906)
[2018.07.05-15.51.20:596][  0]LogPackageLocalizationCache: Processed 9 localized package path(s) for 2 prioritized culture(s) in 0.136965 seconds
[2018.07.05-15.51.20:609][  0]LogUObjectArray: 36728 objects as part of root set at end of initial load.
[2018.07.05-15.51.20:609][  0]LogUObjectAllocator: 7314312 out of 0 bytes used by permanent object pool.
[2018.07.05-15.51.20:609][  0]LogUObjectArray: CloseDisregardForGC: 0/0 objects in disregard for GC pool
[2018.07.05-15.51.22:751][  0]LogTcpMessaging: Initializing TcpMessaging bridge
[2018.07.05-15.51.22:787][  0]LogUdpMessaging: Initializing bridge on interface 0.0.0.0:0 to multicast group 230.0.0.1:6666.
[2018.07.05-15.51.23:264][  0]SourceControl: Source control is disabled
[2018.07.05-15.51.23:264][  0]SourceControl: Source control is disabled
[2018.07.05-15.51.23:288][  0]SourceControl: Source control is disabled
[2018.07.05-15.51.23:312][  0]SourceControl: Source control is disabled
[2018.07.05-15.51.24:005][  0]LogAndroidPermission: UAndroidPermissionCallbackProxy::GetInstance
[2018.07.05-15.51.24:204][  0]LogOcInput: OculusInput pre-init called
[2018.07.05-15.51.24:348][  0]LogEngine: Initializing Engine...
[2018.07.05-15.51.24:350][  0]LogHMD: Failed to initialize OpenVR with code 110
[2018.07.05-15.51.24:352][  0]LogStats: UGameplayTagsManager::ConstructGameplayTagTree: Construct from data asset -  0.000 s
[2018.07.05-15.51.24:352][  0]LogStats: UGameplayTagsManager::ConstructGameplayTagTree: GameplayTagTreeChangedEvent.Broadcast -  0.000 s
[2018.07.05-15.51.24:645][  0]LogAIModule: Creating AISystem for world Untitled
[2018.07.05-15.51.24:669][  0]LogInit: XAudio2 using 'Speaker/HP (Realtek High Definition Audio)' : 2 channels at 48 kHz using 32 bits per sample (channel mask 0x3)
[2018.07.05-15.51.24:820][  0]LogInit: FAudioDevice initialized.
[2018.07.05-15.51.24:895][  0]LogDerivedDataCache: Saved boot cache 0.08s 75MB C:/Users/NTI/AppData/Local/UnrealEngine/4.19/DerivedDataCache/Boot.ddc.
[2018.07.05-15.51.24:904][  0]LogInit: Texture streaming: Enabled
[2018.07.05-15.51.24:928][  0]LogEngineSessionManager: EngineSessionManager initialized
[2018.07.05-15.51.24:945][  0]LogInit: Transaction tracking system initialized
[2018.07.05-15.51.24:977][  0]BlueprintLog: New page: Editor Load
[2018.07.05-15.51.25:086][  0]LocalizationService: Localization service is disabled
[2018.07.05-15.51.25:241][  0]LogConsoleResponse: Display: 
[2018.07.05-15.51.25:426][  0]LogCook: Display: Max memory allowance for cook 16384mb min free memory 0mb
[2018.07.05-15.51.25:426][  0]LogCook: Display: Mobile HDR setting 1
[2018.07.05-15.51.25:426][  0]LogGameplayTags: Display: UGameplayTagsManager::DoneAddingNativeTags. DelegateIsBound: 0
[2018.07.05-15.51.25:426][  0]LogStats: UGameplayTagsManager::ConstructGameplayTagTree: Construct from data asset -  0.000 s
[2018.07.05-15.51.25:427][  0]LogStats: UGameplayTagsManager::ConstructGameplayTagTree: GameplayTagTreeChangedEvent.Broadcast -  0.000 s
[2018.07.05-15.51.25:951][  0]LogFileCache: Scanning file cache for directory 'C:/Users/NTI/Desktop/GK_Live/Content/' took 0.02s
[2018.07.05-15.51.25:951][  0]SourceControl: Source control is disabled
[2018.07.05-15.51.25:951][  0]Cmd: MAP LOAD FILE="../../../../../../Users/NTI/Desktop/GK_Live/Content/Maps/Map_01.umap" TEMPLATE=0 SHOWPROGRESS=1 FEATURELEVEL=3
[2018.07.05-15.51.25:952][  0]LightingResults: New page: Lighting Build
[2018.07.05-15.51.25:955][  0]MapCheck: New page: Map Check
[2018.07.05-15.51.25:955][  0]LightingResults: New page: Lighting Build
[2018.07.05-15.51.26:022][  0]LogUObjectGlobals: Created PersistentFrame Addr=0x000002231deeb1c0, Size=64, Default__ThirdPerson_AnimBP_C Function /Game/Mannequin/Animations/ThirdPerson_AnimBP.ThirdPerson_AnimBP_C:ExecuteUbergraph_ThirdPerson_AnimBP
[2018.07.05-15.51.26:034][  0]LogUObjectGlobals: Destroyed PersistentFrame Addr=0x000002231deeb1c0, Size=64
[2018.07.05-15.51.26:034][  0]LogUObjectGlobals: Created PersistentFrame Addr=0x000002231deeb280, Size=64, Default__ThirdPerson_AnimBP_C Function /Engine/Transient.REINST_ThirdPerson_AnimBP_C_0:ExecuteUbergraph_ThirdPerson_AnimBP
[2018.07.05-15.51.26:046][  0]LogUObjectGlobals: Created PersistentFrame Addr=0x000002231db20680, Size=72, Default__ThirdPerson_AnimBP_C Function /Game/Mannequin/Animations/ThirdPerson_AnimBP.ThirdPerson_AnimBP_C:ExecuteUbergraph_ThirdPerson_AnimBP
[2018.07.05-15.51.26:092][  0]LogUObjectGlobals: Created PersistentFrame Addr=0x000002233739ac00, Size=296, Default__ThirdPersonCharacter_C Function /Game/ThirdPersonBP/Blueprints/ThirdPersonCharacter.ThirdPersonCharacter_C:ExecuteUbergraph_ThirdPersonCharacter
[2018.07.05-15.51.26:099][  0]LogUObjectGlobals: Destroyed PersistentFrame Addr=0x000002233739ac00, Size=296
[2018.07.05-15.51.26:099][  0]LogUObjectGlobals: Created PersistentFrame Addr=0x000002233739ac00, Size=296, Default__ThirdPersonCharacter_C Function /Engine/Transient.REINST_ThirdPersonCharacter_C_4:ExecuteUbergraph_ThirdPersonCharacter
[2018.07.05-15.51.26:106][  0]LogUObjectGlobals: Created PersistentFrame Addr=0x0000022337399080, Size=296, Default__ThirdPersonCharacter_C Function /Game/ThirdPersonBP/Blueprints/ThirdPersonCharacter.ThirdPersonCharacter_C:ExecuteUbergraph_ThirdPersonCharacter
[2018.07.05-15.51.26:194][  0]LogUObjectGlobals: Created PersistentFrame Addr=0x00000223217b7ce0, Size=152, Default__Map_01_C Function /Game/Maps/Map_01.Map_01_C:ExecuteUbergraph_Map_01
[2018.07.05-15.51.26:204][  0]LogUObjectGlobals: Destroyed PersistentFrame Addr=0x00000223217b7ce0, Size=152
[2018.07.05-15.51.26:204][  0]LogUObjectGlobals: Created PersistentFrame Addr=0x00000223217b49a0, Size=152, Default__Map_01_C Function /Engine/Transient.REINST_Map_01_C_8:ExecuteUbergraph_Map_01
[2018.07.05-15.51.26:209][  0]LogUObjectGlobals: Created PersistentFrame Addr=0x0000022321759da0, Size=152, Default__Map_01_C Function /Game/Maps/Map_01.Map_01_C:ExecuteUbergraph_Map_01
[2018.07.05-15.51.26:337][  0]MapCheck: Warning: LandscapeComponent_0 : Fixed up deleted layer weightmap 
[2018.07.05-15.51.26:353][  0]MapCheck: Warning: LandscapeComponent_1 : Fixed up deleted layer weightmap 
[2018.07.05-15.51.26:359][  0]MapCheck: Warning: LandscapeComponent_2 : Fixed up deleted layer weightmap 
[2018.07.05-15.51.26:362][  0]MapCheck: Warning: LandscapeComponent_3 : Fixed up deleted layer weightmap 
[2018.07.05-15.51.26:367][  0]MapCheck: Warning: LandscapeComponent_4 : Fixed up deleted layer weightmap 
[2018.07.05-15.51.26:371][  0]MapCheck: Warning: LandscapeComponent_5 : Fixed up deleted layer weightmap 
[2018.07.05-15.51.26:377][  0]MapCheck: Warning: LandscapeComponent_6 : Fixed up deleted layer weightmap 
[2018.07.05-15.51.26:381][  0]MapCheck: Warning: LandscapeComponent_7 : Fixed up deleted layer weightmap 
[2018.07.05-15.51.26:386][  0]MapCheck: Warning: LandscapeComponent_8 : Fixed up deleted layer weightmap 
[2018.07.05-15.51.26:390][  0]MapCheck: Warning: LandscapeComponent_9 : Fixed up deleted layer weightmap 
[2018.07.05-15.51.26:394][  0]MapCheck: Warning: LandscapeComponent_10 : Fixed up deleted layer weightmap 
[2018.07.05-15.51.26:399][  0]MapCheck: Warning: LandscapeComponent_11 : Fixed up deleted layer weightmap 
[2018.07.05-15.51.26:403][  0]MapCheck: Warning: LandscapeComponent_12 : Fixed up deleted layer weightmap 
[2018.07.05-15.51.26:407][  0]MapCheck: Warning: LandscapeComponent_13 : Fixed up deleted layer weightmap 
[2018.07.05-15.51.26:412][  0]MapCheck: Warning: LandscapeComponent_14 : Fixed up deleted layer weightmap 
[2018.07.05-15.51.26:416][  0]MapCheck: Warning: LandscapeComponent_15 : Fixed up deleted layer weightmap 
[2018.07.05-15.51.26:422][  0]MapCheck: Warning: LandscapeComponent_16 : Fixed up deleted layer weightmap 
[2018.07.05-15.51.26:426][  0]MapCheck: Warning: LandscapeComponent_17 : Fixed up deleted layer weightmap 
[2018.07.05-15.51.26:430][  0]MapCheck: Warning: LandscapeComponent_18 : Fixed up deleted layer weightmap 
[2018.07.05-15.51.26:435][  0]MapCheck: Warning: LandscapeComponent_19 : Fixed up deleted layer weightmap 
[2018.07.05-15.51.26:439][  0]MapCheck: Warning: LandscapeComponent_20 : Fixed up deleted layer weightmap 
[2018.07.05-15.51.26:443][  0]MapCheck: Warning: LandscapeComponent_21 : Fixed up deleted layer weightmap 
[2018.07.05-15.51.26:447][  0]MapCheck: Warning: LandscapeComponent_22 : Fixed up deleted layer weightmap 
[2018.07.05-15.51.26:452][  0]MapCheck: Warning: LandscapeComponent_23 : Fixed up deleted layer weightmap 
[2018.07.05-15.51.26:456][  0]MapCheck: Warning: LandscapeComponent_24 : Fixed up deleted layer weightmap 
[2018.07.05-15.51.26:460][  0]MapCheck: Warning: LandscapeComponent_25 : Fixed up deleted layer weightmap 
[2018.07.05-15.51.26:465][  0]MapCheck: Warning: LandscapeComponent_26 : Fixed up deleted layer weightmap 
[2018.07.05-15.51.26:469][  0]MapCheck: Warning: LandscapeComponent_27 : Fixed up deleted layer weightmap 
[2018.07.05-15.51.26:473][  0]MapCheck: Warning: LandscapeComponent_28 : Fixed up deleted layer weightmap 
[2018.07.05-15.51.26:478][  0]MapCheck: Warning: LandscapeComponent_29 : Fixed up deleted layer weightmap 
[2018.07.05-15.51.26:483][  0]MapCheck: Warning: LandscapeComponent_30 : Fixed up deleted layer weightmap 
[2018.07.05-15.51.26:488][  0]MapCheck: Warning: LandscapeComponent_31 : Fixed up deleted layer weightmap 
[2018.07.05-15.51.26:492][  0]MapCheck: Warning: LandscapeComponent_32 : Fixed up deleted layer weightmap 
[2018.07.05-15.51.26:497][  0]MapCheck: Warning: LandscapeComponent_33 : Fixed up deleted layer weightmap 
[2018.07.05-15.51.26:501][  0]MapCheck: Warning: LandscapeComponent_34 : Fixed up deleted layer weightmap 
[2018.07.05-15.51.26:522][  0]MapCheck: Warning: LandscapeComponent_35 : Fixed up deleted layer weightmap 
[2018.07.05-15.51.26:534][  0]MapCheck: Warning: LandscapeComponent_36 : Fixed up deleted layer weightmap 
[2018.07.05-15.51.26:548][  0]MapCheck: Warning: LandscapeComponent_37 : Fixed up deleted layer weightmap 
[2018.07.05-15.51.26:552][  0]MapCheck: Warning: LandscapeComponent_38 : Fixed up deleted layer weightmap 
[2018.07.05-15.51.26:556][  0]MapCheck: Warning: LandscapeComponent_39 : Fixed up deleted layer weightmap 
[2018.07.05-15.51.26:560][  0]MapCheck: Warning: LandscapeComponent_40 : Fixed up deleted layer weightmap 
[2018.07.05-15.51.26:564][  0]MapCheck: Warning: LandscapeComponent_41 : Fixed up deleted layer weightmap 
[2018.07.05-15.51.26:569][  0]MapCheck: Warning: LandscapeComponent_42 : Fixed up deleted layer weightmap 
[2018.07.05-15.51.26:585][  0]MapCheck: Warning: LandscapeComponent_43 : Fixed up deleted layer weightmap 
[2018.07.05-15.51.26:597][  0]MapCheck: Warning: LandscapeComponent_44 : Fixed up deleted layer weightmap 
[2018.07.05-15.51.26:610][  0]MapCheck: Warning: LandscapeComponent_45 : Fixed up deleted layer weightmap 
[2018.07.05-15.51.26:614][  0]MapCheck: Warning: LandscapeComponent_46 : Fixed up deleted layer weightmap 
[2018.07.05-15.51.26:618][  0]MapCheck: Warning: LandscapeComponent_47 : Fixed up deleted layer weightmap 
[2018.07.05-15.51.26:622][  0]MapCheck: Warning: LandscapeComponent_48 : Fixed up deleted layer weightmap 
[2018.07.05-15.51.26:627][  0]MapCheck: Warning: LandscapeComponent_49 : Fixed up deleted layer weightmap 
[2018.07.05-15.51.26:631][  0]MapCheck: Warning: LandscapeComponent_50 : Fixed up deleted layer weightmap 
[2018.07.05-15.51.26:635][  0]MapCheck: Warning: LandscapeComponent_51 : Fixed up deleted layer weightmap 
[2018.07.05-15.51.26:644][  0]MapCheck: Warning: LandscapeComponent_52 : Fixed up deleted layer weightmap 
[2018.07.05-15.51.26:653][  0]MapCheck: Warning: LandscapeComponent_53 : Fixed up deleted layer weightmap 
[2018.07.05-15.51.26:657][  0]MapCheck: Warning: LandscapeComponent_54 : Fixed up deleted layer weightmap 
[2018.07.05-15.51.26:661][  0]MapCheck: Warning: LandscapeComponent_55 : Fixed up deleted layer weightmap 
[2018.07.05-15.51.26:665][  0]MapCheck: Warning: LandscapeComponent_56 : Fixed up deleted layer weightmap 
[2018.07.05-15.51.26:669][  0]MapCheck: Warning: LandscapeComponent_57 : Fixed up deleted layer weightmap 
[2018.07.05-15.51.26:674][  0]MapCheck: Warning: LandscapeComponent_58 : Fixed up deleted layer weightmap 
[2018.07.05-15.51.26:679][  0]MapCheck: Warning: LandscapeComponent_59 : Fixed up deleted layer weightmap 
[2018.07.05-15.51.26:683][  0]MapCheck: Warning: LandscapeComponent_60 : Fixed up deleted layer weightmap 
[2018.07.05-15.51.26:687][  0]MapCheck: Warning: LandscapeComponent_61 : Fixed up deleted layer weightmap 
[2018.07.05-15.51.26:691][  0]MapCheck: Warning: LandscapeComponent_62 : Fixed up deleted layer weightmap 
[2018.07.05-15.51.26:696][  0]MapCheck: Warning: LandscapeComponent_63 : Fixed up deleted layer weightmap 
[2018.07.05-15.51.27:005][  0]LogSkeletalMesh: Skeletal Mesh found in DDC [13.664790ms] /Game/Mannequin/Character/Mesh/SK_Mannequin.SK_Mannequin
[2018.07.05-15.51.27:098][  0]LogAIModule: Creating AISystem for world Map_01
[2018.07.05-15.51.27:176][  0]LogEditorServer: Finished looking for orphan Actors (0.000 secs)
[2018.07.05-15.51.27:201][  0]LogUObjectGlobals: Destroyed PersistentFrame Addr=0x000002231deeb280, Size=64
[2018.07.05-15.51.27:201][  0]LogUObjectGlobals: Destroyed PersistentFrame Addr=0x000002233739ac00, Size=296
[2018.07.05-15.51.27:201][  0]LogUObjectGlobals: Destroyed PersistentFrame Addr=0x00000223217b49a0, Size=152
[2018.07.05-15.51.27:203][  0]Cmd: MAP CHECKDEP NOCLEARLOG
[2018.07.05-15.51.27:297][  0]MapCheck: Map check complete: 0 Error(s), 64 Warning(s), took 93.905ms to complete.
[2018.07.05-15.51.27:305][  0]LogFileHelpers: Loading map 'Map_01' took 1.353
[2018.07.05-15.51.27:475][  0]LogCollectionManager: Loaded 0 collections in 0.002133 seconds
[2018.07.05-15.51.27:522][  0]LogFileCache: Scanning file cache for directory 'C:/Users/NTI/Desktop/GK_Live/Saved/Collections/' took 0.01s
[2018.07.05-15.51.27:522][  0]LogFileCache: Scanning file cache for directory 'C:/Users/NTI/Desktop/GK_Live/Content/Developers/NTI/Collections/' took 0.01s
[2018.07.05-15.51.27:522][  0]LogFileCache: Scanning file cache for directory 'C:/Users/NTI/Desktop/GK_Live/Content/Collections/' took 0.01s
[2018.07.05-15.51.27:522][  0]LogCollectionManager: Rebuilt the GUID cache for 0 collections in 0.000000 seconds
[2018.07.05-15.51.27:534][  0]LogContentBrowser: Native class hierarchy populated in 0.0117 seconds. Added 2452 classes and 558 folders.
[2018.07.05-15.51.27:542][  0]LogContentBrowser: Native class hierarchy updated for 'WidgetCarousel' in 0.0005 seconds. Added 0 classes and 0 folders.
[2018.07.05-15.51.27:603][  0]LogContentBrowser: Native class hierarchy updated for 'AddContentDialog' in 0.0002 seconds. Added 0 classes and 0 folders.
[2018.07.05-15.51.27:610][  0]LogContentBrowser: Native class hierarchy updated for 'SceneOutliner' in 0.0004 seconds. Added 1 classes and 2 folders.
[2018.07.05-15.51.28:957][  0]LogSlate: Only BGRA pngs, bmps or icos are supported in by External Image Picker
[2018.07.05-15.51.29:000][  0]LogSlate: Took 0.000686 seconds to synchronously load lazily loaded font '../../../Engine/Content/Slate/Fonts/Roboto-Regular.ttf' (155K)
[2018.07.05-15.51.29:004][  0]LogSlate: Took 0.000734 seconds to synchronously load lazily loaded font '../../../Engine/Content/Slate/Fonts/Roboto-Bold.ttf' (160K)
[2018.07.05-15.51.29:020][  0]LogSlate: Took 0.000966 seconds to synchronously load lazily loaded font '../../../Engine/Content/Editor/Slate/Fonts/FontAwesome.ttf' (139K)
[2018.07.05-15.51.29:171][  0]LogTemp: Executing iPhonePackager certificates Engine -bundlename com.YourCompany.GKLive
[2018.07.05-15.51.29:171][  0]LogTemp: CWD: C:\Program Files\Epic Games\UE_4.19\Engine\Binaries\DotNET\IOS
[2018.07.05-15.51.29:172][  0]LogTemp: Initial Dir: C:\Program Files\Epic Games\UE_4.19
[2018.07.05-15.51.29:172][  0]LogTemp: Env CWD: C:\Program Files\Epic Games\UE_4.19\Engine\Binaries\DotNET\IOS
[2018.07.05-15.51.29:172][  0]LogTemp: BranchPath = CC1601T2-LW1669/C/Program Files/Epic Games/UE_4.19/Engine/Binaries --- GameBranchPath = CC1601T2-LW1669/C/Program Files/Epic Games/UE_4.19/Engine/Binaries
[2018.07.05-15.51.29:172][  0]LogTemp: IPP ERROR: Could not find provision directory 'C:\Users\NTI\AppData\Local/Apple Computer/MobileDevice/Provisioning Profiles/'.
[2018.07.05-15.51.29:172][  0]LogRenderer: Reallocating scene render targets to support 588x340 Format 9 NumSamples 1 (Frame:1).
[2018.07.05-15.51.29:480][  0]LogContentBrowser: Native class hierarchy updated for 'HierarchicalLODOutliner' in 0.0002 seconds. Added 0 classes and 0 folders.
[2018.07.05-15.51.29:480][  0]LogLoad: (Engine Initialization) Total time: 16.21 seconds
[2018.07.05-15.51.29:480][  0]LogLoad: (Engine Initialization) Total Blueprint compile time: 0.00 seconds
[2018.07.05-15.51.29:499][  0]LogWindowsTextInputMethodSystem: Display: IME system now deactivated.
[2018.07.05-15.51.29:521][  0]LogContentStreaming: Texture pool size now 800 MB
[2018.07.05-15.51.29:830][  2]LogAssetRegistry: Asset discovery search completed in 10.4788 seconds
[2018.07.05-15.51.29:836][  2]LogCollectionManager: Rebuilt the object cache for 0 collections in 0.000000 seconds (found 0 objects)
[2018.07.05-15.51.29:836][  2]LogCollectionManager: Fixed up redirectors for 0 collections in 0.000061 seconds (updated 0 objects)
[2018.07.05-15.51.35:114][303]LogSlate: FSceneViewport::OnFocusLost() reason 0
[2018.07.05-15.51.35:182][307]LogSlate: Window 'Project Settings' being destroyed
[2018.07.05-15.51.35:196][307]LogSlate: Window 'Project Settings' being destroyed
[2018.07.05-15.51.57:674][652]LogSlate: FSceneViewport::OnFocusLost() reason 0
[2018.07.05-15.51.57:814][656]LogSlate: Window 'GK_Live - Unreal Editor' being destroyed
[2018.07.05-15.51.57:815][656]LogWindowsTextInputMethodSystem: Display: IME system now deactivated.
[2018.07.05-15.51.58:031][657]Cmd: QUIT_EDITOR
[2018.07.05-15.51.58:073][657]LogSlate: Slate User Destroyed.  User Index 0, Is Virtual User: 0
[2018.07.05-15.51.58:073][657]LogExit: Preparing to exit.
[2018.07.05-15.51.58:880][657]LogDirectoryWatcher: A directory notification for 'C:/Users/NTI/Desktop/GK_Live/Content/' was aborted.
[2018.07.05-15.51.58:908][657]LogExit: Editor shut down
[2018.07.05-15.51.58:913][657]LogExit: Transaction tracking system shut down
[2018.07.05-15.51.58:914][657]LogUObjectGlobals: Destroyed PersistentFrame Addr=0x000002231db20680, Size=72
[2018.07.05-15.51.58:914][657]LogUObjectGlobals: Destroyed PersistentFrame Addr=0x0000022337399080, Size=296
[2018.07.05-15.51.58:915][657]LogUObjectGlobals: Destroyed PersistentFrame Addr=0x0000022321759da0, Size=152
[2018.07.05-15.51.59:125][657]LogDirectoryWatcher: A directory notification for '../../../Engine/Content/' was aborted.
[2018.07.05-15.51.59:125][657]LogDirectoryWatcher: A directory notification for '../../../../../../Users/NTI/Desktop/GK_Live/Content/' was aborted.
[2018.07.05-15.51.59:125][657]LogDirectoryWatcher: A directory notification for '../../Plugins/2D/Paper2D/Content/' was aborted.
[2018.07.05-15.51.59:125][657]LogDirectoryWatcher: A directory notification for '../../Plugins/Enterprise/DatasmithContent/Content/' was aborted.
[2018.07.05-15.51.59:125][657]LogDirectoryWatcher: A directory notification for '../../Plugins/Media/MediaCompositing/Content/' was aborted.
[2018.07.05-15.51.59:125][657]LogDirectoryWatcher: A directory notification for '../../Plugins/Runtime/AppleARKit/Content/' was aborted.
[2018.07.05-15.51.59:125][657]LogDirectoryWatcher: A directory notification for '../../Plugins/Runtime/Oculus/OculusVR/Content/' was aborted.
[2018.07.05-15.51.59:125][657]LogDirectoryWatcher: A directory notification for '../../Plugins/Runtime/Steam/SteamVR/Content/' was aborted.
[2018.07.05-15.51.59:201][657]LogExit: Object subsystem successfully closed.
[2018.07.05-15.51.59:238][657]LogShaderCompilers: Display: Shaders left to compile 0
[2018.07.05-15.51.59:242][657]LogD3D11RHI: Shutdown
[2018.07.05-15.51.59:242][657]LogD3D11RHI: CleanupD3DDevice
[2018.07.05-15.51.59:244][657]LogD3D11RHI: ~FD3D11DynamicRHI
[2018.07.05-15.51.59:275][657]LogModuleManager: Shutting down and abandoning module HierarchicalLODOutliner (576)
[2018.07.05-15.51.59:275][657]LogModuleManager: Shutting down and abandoning module ExternalImagePicker (574)
[2018.07.05-15.51.59:275][657]LogModuleManager: Shutting down and abandoning module SceneOutliner (572)
[2018.07.05-15.51.59:275][657]LogModuleManager: Shutting down and abandoning module AddContentDialog (570)
[2018.07.05-15.51.59:275][657]LogDirectoryWatcher: A directory notification for 'C:/Program Files/Epic Games/UE_4.19/FeaturePacks/' was aborted.
[2018.07.05-15.51.59:276][657]LogModuleManager: Shutting down and abandoning module WidgetCarousel (569)
[2018.07.05-15.51.59:276][657]LogModuleManager: Shutting down and abandoning module EditorWidgets (566)
[2018.07.05-15.51.59:276][657]LogModuleManager: Shutting down and abandoning module CollectionManager (564)
[2018.07.05-15.51.59:276][657]LogDirectoryWatcher: A directory notification for 'C:/Users/NTI/Desktop/GK_Live/Content/Collections/' was aborted.
[2018.07.05-15.51.59:276][657]LogDirectoryWatcher: A directory notification for 'C:/Users/NTI/Desktop/GK_Live/Content/Developers/NTI/Collections/' was aborted.
[2018.07.05-15.51.59:276][657]LogDirectoryWatcher: A directory notification for 'C:/Users/NTI/Desktop/GK_Live/Saved/Collections/' was aborted.
[2018.07.05-15.51.59:276][657]LogModuleManager: Shutting down and abandoning module StatsViewer (562)
[2018.07.05-15.51.59:276][657]LogModuleManager: Shutting down and abandoning module FoliageEdit (560)
[2018.07.05-15.51.59:276][657]LogModuleManager: Shutting down and abandoning module LandscapeEditor (558)
[2018.07.05-15.51.59:277][657]LogModuleManager: Shutting down and abandoning module MeshPaintMode (556)
[2018.07.05-15.51.59:277][657]LogModuleManager: Shutting down and abandoning module SceneDepthPickerMode (554)
[2018.07.05-15.51.59:277][657]LogModuleManager: Shutting down and abandoning module ActorPickerMode (552)
[2018.07.05-15.51.59:277][657]LogModuleManager: Shutting down and abandoning module GeometryMode (550)
[2018.07.05-15.51.59:277][657]LogModuleManager: Shutting down and abandoning module TextureAlignMode (548)
[2018.07.05-15.51.59:277][657]LogModuleManager: Shutting down and abandoning module BspMode (546)
[2018.07.05-15.51.59:277][657]LogModuleManager: Shutting down and abandoning module PIEPreviewDeviceProfileSelector (544)
[2018.07.05-15.51.59:277][657]LogModuleManager: Shutting down and abandoning module HardwareSurvey (542)
[2018.07.05-15.51.59:277][657]LogModuleManager: Shutting down and abandoning module SequenceRecorderSections (540)
[2018.07.05-15.51.59:277][657]LogModuleManager: Shutting down and abandoning module AutomationWorker (538)
[2018.07.05-15.51.59:277][657]LogModuleManager: Shutting down and abandoning module AudioCaptureEditor (536)
[2018.07.05-15.51.59:277][657]LogModuleManager: Shutting down and abandoning module SequenceRecorder (535)
[2018.07.05-15.51.59:277][657]LogModuleManager: Shutting down and abandoning module MatineeToLevelSequence (532)
[2018.07.05-15.51.59:277][657]LogModuleManager: Shutting down and abandoning module LevelSequenceEditor (530)
[2018.07.05-15.51.59:277][657]LogModuleManager: Shutting down and abandoning module PlacementMode (529)
[2018.07.05-15.51.59:277][657]LogModuleManager: Shutting down and abandoning module MaterialEditor (528)
[2018.07.05-15.51.59:277][657]LogModuleManager: Shutting down and abandoning module WmfMediaFactory (524)
[2018.07.05-15.51.59:277][657]LogModuleManager: Shutting down and abandoning module WmfMediaEditor (522)
[2018.07.05-15.51.59:277][657]LogModuleManager: Shutting down and abandoning module MediaPlayerEditor (520)
[2018.07.05-15.51.59:277][657]LogModuleManager: Shutting down and abandoning module OpenExrWrapper (518)
[2018.07.05-15.51.59:277][657]LogModuleManager: Shutting down and abandoning module ImgMediaFactory (516)
[2018.07.05-15.51.59:277][657]LogModuleManager: Shutting down and abandoning module ImgMediaEditor (514)
[2018.07.05-15.51.59:277][657]LogModuleManager: Shutting down and abandoning module AvfMediaFactory (512)
[2018.07.05-15.51.59:277][657]LogModuleManager: Shutting down and abandoning module AvfMediaEditor (510)
[2018.07.05-15.51.59:278][657]LogModuleManager: Shutting down and abandoning module AndroidMediaFactory (508)
[2018.07.05-15.51.59:278][657]LogModuleManager: Shutting down and abandoning module AndroidMediaEditor (506)
[2018.07.05-15.51.59:278][657]LogModuleManager: Shutting down and abandoning module CharacterAI (504)
[2018.07.05-15.51.59:278][657]LogModuleManager: Shutting down and abandoning module SmartSnapping (502)
[2018.07.05-15.51.59:278][657]LogModuleManager: Shutting down and abandoning module SessionServices (500)
[2018.07.05-15.51.59:278][657]LogModuleManager: Shutting down and abandoning module ViewportSnapping (498)
[2018.07.05-15.51.59:278][657]LogModuleManager: Shutting down and abandoning module ViewportInteraction (496)
[2018.07.05-15.51.59:278][657]LogModuleManager: Shutting down and abandoning module ClothPainter (494)
[2018.07.05-15.51.59:278][657]LogModuleManager: Shutting down and abandoning module SkeletalMeshEditor (493)
[2018.07.05-15.51.59:278][657]LogModuleManager: Shutting down and abandoning module LogVisualizer (490)
[2018.07.05-15.51.59:278][657]LogModuleManager: Shutting down and abandoning module IntroTutorials (488)
[2018.07.05-15.51.59:278][657]LogModuleManager: Shutting down and abandoning module GameProjectGeneration (487)
[2018.07.05-15.51.59:278][657]LogModuleManager: Shutting down and abandoning module IOSPlatformEditor (484)
[2018.07.05-15.51.59:278][657]LogModuleManager: Shutting down and abandoning module HTML5PlatformEditor (482)
[2018.07.05-15.51.59:278][657]LogModuleManager: Shutting down and abandoning module AndroidPlatformEditor (480)
[2018.07.05-15.51.59:278][657]LogModuleManager: Shutting down and abandoning module AndroidDeviceDetection (479)
[2018.07.05-15.52.00:187][657]LogModuleManager: Shutting down and abandoning module WindowsPlatformEditor (476)
[2018.07.05-15.52.00:187][657]LogModuleManager: Shutting down and abandoning module IOSRuntimeSettings (474)
[2018.07.05-15.52.00:187][657]LogModuleManager: Shutting down and abandoning module AndroidRuntimeSettings (472)
[2018.07.05-15.52.00:187][657]LogModuleManager: Shutting down and abandoning module InputBindingEditor (470)
[2018.07.05-15.52.00:187][657]LogModuleManager: Shutting down and abandoning module MergeActors (468)
[2018.07.05-15.52.00:187][657]LogModuleManager: Shutting down and abandoning module LocalizationDashboard (466)
[2018.07.05-15.52.00:187][657]LogModuleManager: Shutting down and abandoning module LocalizationService (465)
[2018.07.05-15.52.00:187][657]LogModuleManager: Shutting down and abandoning module HardwareTargeting (462)
[2018.07.05-15.52.00:187][657]LogModuleManager: Shutting down and abandoning module DeviceProfileEditor (460)
[2018.07.05-15.52.00:188][657]LogModuleManager: Shutting down and abandoning module UndoHistory (458)
[2018.07.05-15.52.00:188][657]LogModuleManager: Shutting down and abandoning module XmlParser (456)
[2018.07.05-15.52.00:188][657]LogModuleManager: Shutting down and abandoning module Blutility (454)
[2018.07.05-15.52.00:188][657]LogModuleManager: Shutting down and abandoning module ProjectSettingsViewer (452)
[2018.07.05-15.52.00:188][657]LogModuleManager: Shutting down and abandoning module ProjectTargetPlatformEditor (451)
[2018.07.05-15.52.00:188][657]LogModuleManager: Shutting down and abandoning module EditorSettingsViewer (448)
[2018.07.05-15.52.00:188][657]LogModuleManager: Shutting down and abandoning module SettingsEditor (446)
[2018.07.05-15.52.00:188][657]LogModuleManager: Shutting down and abandoning module ProjectLauncher (444)
[2018.07.05-15.52.00:188][657]LogModuleManager: Shutting down and abandoning module SessionFrontend (442)
[2018.07.05-15.52.00:188][657]LogModuleManager: Shutting down and abandoning module ProfilerClient (440)
[2018.07.05-15.52.00:188][657]LogModuleManager: Shutting down and abandoning module DeviceManager (438)
[2018.07.05-15.52.00:188][657]LogModuleManager: Shutting down and abandoning module TargetDeviceServices (437)
[2018.07.05-15.52.00:243][657]LogModuleManager: Shutting down and abandoning module AutomationController (434)
[2018.07.05-15.52.00:243][657]LogModuleManager: Shutting down and abandoning module AutomationWindow (432)
[2018.07.05-15.52.00:243][657]LogModuleManager: Shutting down and abandoning module Layers (430)
[2018.07.05-15.52.00:243][657]LogModuleManager: Shutting down and abandoning module ComponentVisualizers (428)
[2018.07.05-15.52.00:243][657]LogModuleManager: Shutting down and abandoning module DetailCustomizations (426)
[2018.07.05-15.52.00:243][657]LogModuleManager: Shutting down and abandoning module PackagesDialog (424)
[2018.07.05-15.52.00:243][657]LogModuleManager: Shutting down and abandoning module Persona (422)
[2018.07.05-15.52.00:243][657]LogModuleManager: Shutting down and abandoning module AdvancedPreviewScene (421)
[2018.07.05-15.52.00:243][657]LogModuleManager: Shutting down and abandoning module AnimGraph (419)
[2018.07.05-15.52.00:243][657]LogModuleManager: Shutting down and abandoning module Kismet (416)
[2018.07.05-15.52.00:243][657]LogModuleManager: Shutting down and abandoning module GraphEditor (414)
[2018.07.05-15.52.00:243][657]LogModuleManager: Shutting down and abandoning module ClassViewer (412)
[2018.07.05-15.52.00:243][657]LogModuleManager: Shutting down and abandoning module Toolbox (410)
[2018.07.05-15.52.00:243][657]LogModuleManager: Shutting down and abandoning module ModuleUI (408)
[2018.07.05-15.52.00:243][657]LogModuleManager: Shutting down and abandoning module MovieSceneTools (406)
[2018.07.05-15.52.00:243][657]LogModuleManager: Shutting down and abandoning module OutputLog (404)
[2018.07.05-15.52.00:243][657]LogModuleManager: Shutting down and abandoning module GammaUI (402)
[2018.07.05-15.52.00:243][657]LogModuleManager: Shutting down and abandoning module Documentation (400)
[2018.07.05-15.52.00:244][657]LogModuleManager: Shutting down and abandoning module MovieSceneTracks (398)
[2018.07.05-15.52.00:244][657]LogModuleManager: Shutting down and abandoning module MovieScene (396)
[2018.07.05-15.52.00:244][657]LogModuleManager: Shutting down and abandoning module StreamingPauseRendering (394)
[2018.07.05-15.52.00:244][657]LogModuleManager: Shutting down and abandoning module LauncherPlatform (392)
[2018.07.05-15.52.00:244][657]LogModuleManager: Shutting down and abandoning module AnalyticsET (390)
[2018.07.05-15.52.00:244][657]LogModuleManager: Shutting down and abandoning module PortalServices (388)
[2018.07.05-15.52.00:244][657]LogModuleManager: Shutting down and abandoning module PortalRpc (386)
[2018.07.05-15.52.00:244][657]LogModuleManager: Shutting down and abandoning module MessagingRpc (384)
[2018.07.05-15.52.00:244][657]LogModuleManager: Shutting down and abandoning module AIModule (382)
[2018.07.05-15.52.00:244][657]LogModuleManager: Shutting down and abandoning module GameplayDebugger (381)
[2018.07.05-15.52.00:244][657]LogModuleManager: Shutting down and abandoning module AITestSuite (379)
[2018.07.05-15.52.00:244][657]LogModuleManager: Shutting down and abandoning module DesktopPlatform (376)
[2018.07.05-15.52.00:244][657]LogModuleManager: Shutting down and abandoning module ProfilerService (374)
[2018.07.05-15.52.00:355][657]LogModuleManager: Shutting down and abandoning module TaskGraph (372)
[2018.07.05-15.52.00:355][657]LogModuleManager: Shutting down and abandoning module SteamVRController (370)
[2018.07.05-15.52.00:355][657]LogModuleManager: Shutting down and abandoning module ProceduralMeshComponentEditor (368)
[2018.07.05-15.52.00:355][657]LogModuleManager: Shutting down and abandoning module ProceduralMeshComponent (366)
[2018.07.05-15.52.00:355][657]LogModuleManager: Shutting down and abandoning module OculusInput (364)
[2018.07.05-15.52.00:355][657]LogModuleManager: Shutting down and abandoning module MobilePatchingUtils (362)
[2018.07.05-15.52.00:355][657]LogModuleManager: Shutting down and abandoning module CustomMeshComponent (360)
[2018.07.05-15.52.00:355][657]LogModuleManager: Shutting down and abandoning module CableComponent (358)
[2018.07.05-15.52.00:355][657]LogModuleManager: Shutting down and abandoning module AudioCapture (356)
[2018.07.05-15.52.00:355][657]LogModuleManager: Shutting down and abandoning module ArchVisCharacter (354)
[2018.07.05-15.52.00:355][657]LogModuleManager: Shutting down and abandoning module AndroidPermission (352)
[2018.07.05-15.52.00:355][657]LogModuleManager: Shutting down and abandoning module NUTUnrealEngine4 (348)
[2018.07.05-15.52.00:355][657]LogModuleManager: Shutting down and abandoning module NetcodeUnitTest (346)
[2018.07.05-15.52.00:355][657]LogModuleManager: Shutting down and abandoning module MediaCompositingEditor (344)
[2018.07.05-15.52.00:356][657]LogModuleManager: Shutting down and abandoning module MediaCompositing (342)
[2018.07.05-15.52.00:356][657]LogModuleManager: Shutting down and abandoning module LinearTimecode (340)
[2018.07.05-15.52.00:356][657]LogModuleManager: Shutting down and abandoning module ImgMedia (338)
[2018.07.05-15.52.00:360][657]LogModuleManager: Shutting down and abandoning module HTML5Networking (336)
[2018.07.05-15.52.00:360][657]LogModuleManager: Shutting down and abandoning module AlembicImporter (334)
[2018.07.05-15.52.00:360][657]LogModuleManager: Shutting down and abandoning module AlembicLibrary (333)
[2018.07.05-15.52.00:360][657]LogModuleManager: Shutting down and abandoning module GeometryCache (332)
[2018.07.05-15.52.00:360][657]LogModuleManager: Shutting down and abandoning module GeometryCacheEd (331)
[2018.07.05-15.52.00:360][657]LogModuleManager: Shutting down and abandoning module DatasmithContent (326)
[2018.07.05-15.52.00:360][657]LogModuleManager: Shutting down and abandoning module SpeedTreeImporter (324)
[2018.07.05-15.52.00:360][657]LogModuleManager: Shutting down and abandoning module PluginBrowser (322)
[2018.07.05-15.52.00:360][657]LogModuleManager: Shutting down and abandoning module MobileLauncherProfileWizard (320)
[2018.07.05-15.52.00:360][657]LogModuleManager: Shutting down and abandoning module CryptoKeysOpenSSL (318)
[2018.07.05-15.52.00:361][657]LogModuleManager: Shutting down and abandoning module CryptoKeys (316)
[2018.07.05-15.52.00:361][657]LogModuleManager: Shutting down and abandoning module VisualStudioSourceCodeAccess (314)
[2018.07.05-15.52.00:361][657]LogModuleManager: Shutting down and abandoning module VisualStudioCodeSourceCodeAccess (312)
[2018.07.05-15.52.00:361][657]LogModuleManager: Shutting down and abandoning module UObjectPlugin (310)
[2018.07.05-15.52.00:361][657]LogModuleManager: Shutting down and abandoning module SubversionSourceControl (308)
[2018.07.05-15.52.00:361][657]LogModuleManager: Shutting down and abandoning module PerforceSourceControl (306)
[2018.07.05-15.52.00:361][657]LogModuleManager: Shutting down and abandoning module GitSourceControl (304)
[2018.07.05-15.52.00:361][657]LogModuleManager: Shutting down and abandoning module SourceControl (303)
[2018.07.05-15.52.00:361][657]LogModuleManager: Shutting down and abandoning module CLionSourceCodeAccess (300)
[2018.07.05-15.52.00:361][657]LogModuleManager: Shutting down and abandoning module LightPropagationVolumeEditor (298)
[2018.07.05-15.52.00:361][657]LogModuleManager: Shutting down and abandoning module PaperTiledImporter (296)
[2018.07.05-15.52.00:361][657]LogModuleManager: Shutting down and abandoning module PaperSpriteSheetImporter (294)
[2018.07.05-15.52.00:361][657]LogModuleManager: Shutting down and abandoning module Paper2DEditor (292)
[2018.07.05-15.52.00:361][657]LogModuleManager: Shutting down and abandoning module MeshPaint (291)
[2018.07.05-15.52.00:361][657]LogModuleManager: Shutting down and abandoning module RuntimePhysXCooking (288)
[2018.07.05-15.52.00:361][657]LogModuleManager: Shutting down and abandoning module PhysXVehiclesEditor (286)
[2018.07.05-15.52.00:361][657]LogModuleManager: Shutting down and abandoning module PhysXVehicles (284)
[2018.07.05-15.52.00:361][657]LogModuleManager: Shutting down and abandoning module OculusEditor (282)
[2018.07.05-15.52.00:361][657]LogModuleManager: Shutting down and abandoning module LocationServicesBPLibrary (280)
[2018.07.05-15.52.00:361][657]LogModuleManager: Shutting down and abandoning module ImmediatePhysicsEditor (278)
[2018.07.05-15.52.00:361][657]LogModuleManager: Shutting down and abandoning module ImmediatePhysics (276)
[2018.07.05-15.52.00:361][657]LogModuleManager: Shutting down and abandoning module ActorSequence (274)
[2018.07.05-15.52.00:361][657]LogModuleManager: Shutting down and abandoning module UdpMessaging (272)
[2018.07.05-15.52.00:462][657]LogModuleManager: Shutting down and abandoning module TcpMessaging (270)
[2018.07.05-15.52.00:562][657]LogModuleManager: Shutting down and abandoning module GameplayTagsEditor (268)
[2018.07.05-15.52.00:562][657]LogModuleManager: Shutting down and abandoning module FacialAnimationEditor (266)
[2018.07.05-15.52.00:562][657]LogModuleManager: Shutting down and abandoning module FacialAnimation (264)
[2018.07.05-15.52.00:562][657]LogModuleManager: Shutting down and abandoning module DataValidation (262)
[2018.07.05-15.52.00:563][657]LogModuleManager: Shutting down and abandoning module AssetManagerEditor (260)
[2018.07.05-15.52.00:563][657]LogModuleManager: Shutting down and abandoning module LevelEditor (259)
[2018.07.05-15.52.00:565][657]LogModuleManager: Shutting down and abandoning module PixelInspectorModule (258)
[2018.07.05-15.52.00:565][657]LogModuleManager: Shutting down and abandoning module CommonMenuExtensions (256)
[2018.07.05-15.52.00:565][657]LogModuleManager: Shutting down and abandoning module MainFrame (254)
[2018.07.05-15.52.00:566][657]LogModuleManager: Shutting down and abandoning module HotReload (253)
[2018.07.05-15.52.00:566][657]LogModuleManager: Shutting down and abandoning module ContentBrowser (249)
[2018.07.05-15.52.00:568][657]LogModuleManager: Shutting down and abandoning module TreeMap (247)
[2018.07.05-15.52.00:568][657]LogModuleManager: Shutting down and abandoning module LightPropagationVolumeRuntime (244)
[2018.07.05-15.52.00:568][657]LogModuleManager: Shutting down and abandoning module LiveLinkEditor (242)
[2018.07.05-15.52.00:568][657]LogModuleManager: Shutting down and abandoning module LiveLink (240)
[2018.07.05-15.52.01:349][657]LogModuleManager: Shutting down and abandoning module Paper2D (238)
[2018.07.05-15.52.01:350][657]LogModuleManager: Shutting down and abandoning module WindowsMoviePlayer (236)
[2018.07.05-15.52.01:350][657]LogModuleManager: Shutting down and abandoning module WmfMedia (234)
[2018.07.05-15.52.01:351][657]LogModuleManager: Shutting down and abandoning module Media (233)
[2018.07.05-15.52.01:357][657]LogModuleManager: Shutting down and abandoning module PacketHandler (230)
[2018.07.05-15.52.01:357][657]LogModuleManager: Shutting down and abandoning module ClothingSystemEditor (228)
[2018.07.05-15.52.01:357][657]LogModuleManager: Shutting down and abandoning module ClothingSystemRuntime (226)
[2018.07.05-15.52.01:357][657]LogModuleManager: Shutting down and abandoning module MediaAssets (224)
[2018.07.05-15.52.01:357][657]LogModuleManager: Shutting down and abandoning module Overlay (222)
[2018.07.05-15.52.01:357][657]LogModuleManager: Shutting down and abandoning module OverlayEditor (221)
[2018.07.05-15.52.01:357][657]LogModuleManager: Shutting down and abandoning module VREditor (218)
[2018.07.05-15.52.01:357][657]LogModuleManager: Shutting down and abandoning module StringTableEditor (216)
[2018.07.05-15.52.01:357][657]LogModuleManager: Shutting down and abandoning module GameplayTasksEditor (214)
[2018.07.05-15.52.01:357][657]LogModuleManager: Shutting down and abandoning module BehaviorTreeEditor (212)
[2018.07.05-15.52.01:358][657]LogModuleManager: Shutting down and abandoning module FunctionalTesting (210)
[2018.07.05-15.52.01:358][657]LogModuleManager: Shutting down and abandoning module CollisionAnalyzer (208)
[2018.07.05-15.52.01:358][657]LogModuleManager: Shutting down and abandoning module WorkspaceMenuStructure (207)
[2018.07.05-15.52.01:358][657]LogModuleManager: Shutting down and abandoning module UMG (204)
[2018.07.05-15.52.01:358][657]LogModuleManager: Shutting down and abandoning module UMGEditor (203)
[2018.07.05-15.52.01:358][657]LogModuleManager: Shutting down and abandoning module Sequencer (202)
[2018.07.05-15.52.01:358][657]LogModuleManager: Shutting down and abandoning module MessageLog (199)
[2018.07.05-15.52.01:358][657]LogModuleManager: Shutting down and abandoning module SlateReflector (194)
[2018.07.05-15.52.01:358][657]LogModuleManager: Shutting down and abandoning module Slate (192)
[2018.07.05-15.52.01:358][657]LogModuleManager: Shutting down and abandoning module EditorStyle (190)
[2018.07.05-15.52.01:359][657]LogModuleManager: Shutting down and abandoning module MRMesh (188)
[2018.07.05-15.52.01:359][657]LogModuleManager: Shutting down and abandoning module SourceCodeAccess (186)
[2018.07.05-15.52.01:359][657]LogModuleManager: Shutting down and abandoning module HeadMountedDisplay (184)
[2018.07.05-15.52.01:359][657]LogModuleManager: Shutting down and abandoning module XAudio2 (182)
[2018.07.05-15.52.01:359][657]LogModuleManager: Shutting down and abandoning module Networking (180)
[2018.07.05-15.52.01:359][657]LogModuleManager: Shutting down and abandoning module Core (178)
[2018.07.05-15.52.01:359][657]LogModuleManager: Shutting down and abandoning module LevelSequence (176)
[2018.07.05-15.52.01:360][657]LogModuleManager: Shutting down and abandoning module KismetCompiler (174)
[2018.07.05-15.52.01:360][657]LogModuleManager: Shutting down and abandoning module MeshUtilities (172)
[2018.07.05-15.52.01:360][657]LogModuleManager: Shutting down and abandoning module MeshMergeUtilities (171)
[2018.07.05-15.52.01:360][657]LogModuleManager: Shutting down and abandoning module MeshReductionInterface (170)
[2018.07.05-15.52.01:360][657]LogModuleManager: Shutting down and abandoning module SimplygonSwarm (169)
[2018.07.05-15.52.01:360][657]LogModuleManager: Shutting down and abandoning module SimplygonMeshReduction (167)
[2018.07.05-15.52.01:360][657]LogModuleManager: Shutting down and abandoning module QuadricMeshReduction (165)
[2018.07.05-15.52.01:360][657]LogModuleManager: Shutting down and abandoning module MaterialBaking (161)
[2018.07.05-15.52.01:360][657]LogModuleManager: Shutting down and abandoning module DirectoryWatcher (157)
[2018.07.05-15.52.01:364][657]LogModuleManager: Shutting down and abandoning module DerivedDataCache (154)
[2018.07.05-15.52.01:740][657]LogDerivedDataCache: Shutdown
[2018.07.05-15.52.01:740][657]LogModuleManager: Shutting down and abandoning module XGEController (152)
[2018.07.05-15.52.01:740][657]LogModuleManager: Shutting down and abandoning module TargetPlatform (150)
[2018.07.05-15.52.01:740][657]LogModuleManager: Shutting down and abandoning module VulkanShaderFormat (149)
[2018.07.05-15.52.01:741][657]LogModuleManager: Shutting down and abandoning module ShaderFormatVectorVM (147)
[2018.07.05-15.52.01:741][657]LogModuleManager: Shutting down and abandoning module ShaderFormatOpenGL (145)
[2018.07.05-15.52.01:741][657]LogModuleManager: Shutting down and abandoning module ShaderFormatD3D (143)
[2018.07.05-15.52.01:741][657]LogModuleManager: Shutting down and abandoning module MetalShaderFormat (141)
[2018.07.05-15.52.01:741][657]LogModuleManager: Shutting down and abandoning module TextureFormatUncompressed (139)
[2018.07.05-15.52.01:741][657]LogModuleManager: Shutting down and abandoning module TextureFormatPVR (137)
[2018.07.05-15.52.01:741][657]LogModuleManager: Shutting down and abandoning module TextureFormatDXT (135)
[2018.07.05-15.52.01:741][657]LogModuleManager: Shutting down and abandoning module TextureFormatIntelISPCTexComp (133)
[2018.07.05-15.52.01:741][657]LogModuleManager: Shutting down and abandoning module TextureFormatASTC (131)
[2018.07.05-15.52.01:741][657]LogModuleManager: Shutting down and abandoning module ImageWrapper (130)
[2018.07.05-15.52.01:741][657]LogModuleManager: Shutting down and abandoning module TextureFormatAndroid (127)
[2018.07.05-15.52.01:741][657]LogModuleManager: Shutting down and abandoning module AudioFormatOpus (125)
[2018.07.05-15.52.01:741][657]LogModuleManager: Shutting down and abandoning module AudioFormatOgg (123)
[2018.07.05-15.52.01:741][657]LogModuleManager: Shutting down and abandoning module AudioFormatADPCM (121)
[2018.07.05-15.52.01:741][657]LogModuleManager: Shutting down and abandoning module LinuxTargetPlatform (119)
[2018.07.05-15.52.01:741][657]LogModuleManager: Shutting down and abandoning module LinuxServerTargetPlatform (117)
[2018.07.05-15.52.01:741][657]LogModuleManager: Shutting down and abandoning module LinuxNoEditorTargetPlatform (115)
[2018.07.05-15.52.01:741][657]LogModuleManager: Shutting down and abandoning module LinuxClientTargetPlatform (113)
[2018.07.05-15.52.01:741][657]LogModuleManager: Shutting down and abandoning module TVOSTargetPlatform (111)
[2018.07.05-15.52.01:741][657]LogModuleManager: Shutting down and abandoning module Messaging (109)
[2018.07.05-15.52.01:741][657]LogModuleManager: Shutting down and abandoning module IOSTargetPlatform (107)
[2018.07.05-15.52.01:741][657]LogModuleManager: Shutting down and abandoning module HTML5TargetPlatform (105)
[2018.07.05-15.52.01:741][657]LogModuleManager: Shutting down and abandoning module AndroidTargetPlatform (103)
[2018.07.05-15.52.01:741][657]LogModuleManager: Shutting down and abandoning module Android_PVRTCTargetPlatform (101)
[2018.07.05-15.52.01:741][657]LogModuleManager: Shutting down and abandoning module Android_MultiTargetPlatform (99)
[2018.07.05-15.52.01:741][657]LogModuleManager: Shutting down and abandoning module Android_ETC2TargetPlatform (97)
[2018.07.05-15.52.01:741][657]LogModuleManager: Shutting down and abandoning module Android_ETC1TargetPlatform (95)
[2018.07.05-15.52.01:741][657]LogModuleManager: Shutting down and abandoning module Android_ETC1aTargetPlatform (93)
[2018.07.05-15.52.01:741][657]LogModuleManager: Shutting down and abandoning module Android_DXTTargetPlatform (91)
[2018.07.05-15.52.01:742][657]LogModuleManager: Shutting down and abandoning module Android_ATCTargetPlatform (89)
[2018.07.05-15.52.01:742][657]LogModuleManager: Shutting down and abandoning module Android_ASTCTargetPlatform (87)
[2018.07.05-15.52.01:742][657]LogModuleManager: Shutting down and abandoning module WindowsTargetPlatform (85)
[2018.07.05-15.52.01:742][657]LogModuleManager: Shutting down and abandoning module WindowsServerTargetPlatform (83)
[2018.07.05-15.52.01:742][657]LogModuleManager: Shutting down and abandoning module WindowsNoEditorTargetPlatform (81)
[2018.07.05-15.52.01:742][657]LogModuleManager: Shutting down and abandoning module WindowsClientTargetPlatform (79)
[2018.07.05-15.52.01:742][657]LogModuleManager: Shutting down and abandoning module MacTargetPlatform (77)
[2018.07.05-15.52.01:742][657]LogModuleManager: Shutting down and abandoning module MacServerTargetPlatform (75)
[2018.07.05-15.52.01:742][657]LogModuleManager: Shutting down and abandoning module MacNoEditorTargetPlatform (73)
[2018.07.05-15.52.01:742][657]LogModuleManager: Shutting down and abandoning module MacClientTargetPlatform (71)
[2018.07.05-15.52.01:742][657]LogModuleManager: Shutting down and abandoning module AllDesktopTargetPlatform (69)
[2018.07.05-15.52.01:742][657]LogModuleManager: Shutting down and abandoning module InputCore (66)
[2018.07.05-15.52.01:742][657]LogModuleManager: Shutting down and abandoning module Settings (64)
[2018.07.05-15.52.01:742][657]LogModuleManager: Shutting down and abandoning module PhysXCooking (62)
[2018.07.05-15.52.01:742][657]LogModuleManager: Shutting down and abandoning module SteamVR (60)
[2018.07.05-15.52.01:742][657]LogModuleManager: Shutting down and abandoning module OculusHMD (58)
[2018.07.05-15.52.01:742][657]LogModuleManager: Shutting down and abandoning module ExampleDeviceProfileSelector (56)
[2018.07.05-15.52.01:742][657]LogModuleManager: Shutting down and abandoning module AppleARKit (54)
[2018.07.05-15.52.01:742][657]LogModuleManager: Shutting down and abandoning module AugmentedReality (51)
[2018.07.05-15.52.01:742][657]LogModuleManager: Shutting down and abandoning module OnlineBlueprintSupport (48)
[2018.07.05-15.52.01:742][657]LogModuleManager: Shutting down and abandoning module OnlineSubsystem (44)
[2018.07.05-15.52.01:742][657]LogModuleManager: Shutting down and abandoning module XMPP (43)
[2018.07.05-15.52.01:743][657]LogModuleManager: Shutting down and abandoning module HTTP (41)
[2018.07.05-15.52.01:743][657]LogHttp: Display: Http module shutting down, but needs to wait on 1 outstanding Http requests:
[2018.07.05-15.52.01:743][657]LogHttp: Display: 	verb=[POST] url=[https://datarouter.ol.epicgames.com/datarouter/api/v1/public/data?SessionID=%7BF290DA87-4E2C-B0A4-E699-B6B160E39FC4%7D&AppID=UEEditor.Rocket.Release&AppVersion=4.19.2-4033788%2B%2B%2BUE4%2BRelease-4.19&UserID=e60a136a41b963e820c4648f19b150a9%7C07b09b362d3542dfbc3a0e9119d61f2f%7C258ba680-0669-4804-8e33-27bb93a4e339&AppEnvironment=datacollector-binary&UploadType=eteventstream] status=Processing
[2018.07.05-15.52.01:752][657]LogModuleManager: Shutting down and abandoning module SSL (40)
[2018.07.05-15.52.01:753][657]LogModuleManager: Shutting down and abandoning module AnimationModifiers (36)
[2018.07.05-15.52.01:753][657]LogModuleManager: Shutting down and abandoning module PropertyEditor (35)
[2018.07.05-15.52.01:753][657]LogModuleManager: Shutting down and abandoning module AudioEditor (32)
[2018.07.05-15.52.01:753][657]LogModuleManager: Shutting down and abandoning module TextureCompressor (30)
[2018.07.05-15.52.01:754][657]LogModuleManager: Shutting down and abandoning module ShaderCore (28)
[2018.07.05-15.52.01:754][657]LogModuleManager: Shutting down and abandoning module Landscape (26)
[2018.07.05-15.52.01:754][657]LogModuleManager: Shutting down and abandoning module SlateRHIRenderer (24)
[2018.07.05-15.52.01:755][657]LogModuleManager: Shutting down and abandoning module OpenGLDrv (22)
[2018.07.05-15.52.01:755][657]LogModuleManager: Shutting down and abandoning module D3D11RHI (20)
[2018.07.05-15.52.01:755][657]LogModuleManager: Shutting down and abandoning module AnimGraphRuntime (18)
[2018.07.05-15.52.01:755][657]LogModuleManager: Shutting down and abandoning module Renderer (16)
[2018.07.05-15.52.01:755][657]LogModuleManager: Shutting down and abandoning module Engine (14)
[2018.07.05-15.52.01:755][657]LogModuleManager: Shutting down and abandoning module CoreUObject (12)
[2018.07.05-15.52.01:755][657]LogModuleManager: Shutting down and abandoning module NetworkFile (10)
[2018.07.05-15.52.01:755][657]LogModuleManager: Shutting down and abandoning module CookedIterativeFile (8)
[2018.07.05-15.52.01:755][657]LogModuleManager: Shutting down and abandoning module StreamingFile (6)
[2018.07.05-15.52.01:755][657]LogModuleManager: Shutting down and abandoning module SandboxFile (4)
[2018.07.05-15.52.01:755][657]LogModuleManager: Shutting down and abandoning module PakFile (2)
[2018.07.05-15.52.01:771][657]LogExit: Exiting.
[2018.07.05-15.52.01:790][657]Log file closed, 07/05/18 16:52:01
