Log file open, 07/05/18 16:52:13
LogWindows: Failed to load 'aqProf.dll' (GetLastError=126)
LogWindows: File 'aqProf.dll' does not exist
LogWindows: Failed to load 'VtuneApi.dll' (GetLastError=126)
LogWindows: File 'VtuneApi.dll' does not exist
LogWindows: Failed to load 'VtuneApi32e.dll' (GetLastError=126)
LogWindows: File 'VtuneApi32e.dll' does not exist
LogInit: Display: Running engine for game: GK_Live
LogPlatformFile: Not using cached read wrapper
LogInit: Display: RandInit(683221925) SRandInit(683221925).
LogInit: Read version file with build ID '3944462'
LogInit: Overriding engine version to CL 4033788, compatible CL 3944462
LogInit: Registered custom module enumerator with build ID '3944462'
LogTaskGraph: Started task graph with 5 named threads and 23 total threads with 3 sets of task threads.
LogStats: Stats thread started at 0.298283
LogD3D11RHI: Aftermath initialized
LogICUInternationalization: Display: ICU TimeZone Detection - Raw Offset: +0:00, Platform Override: ''
LogModuleManager: Display: Found up-to-date module file ../../../Engine/Plugins/2D/Paper2D/Binaries/Win64/UE4Editor-Paper2D.dll (API version 3944462).
LogModuleManager: Display: Found up-to-date module file ../../../Engine/Plugins/2D/Paper2D/Binaries/Win64/UE4Editor-Paper2DEditor.dll (API version 3944462).
LogModuleManager: Display: Found up-to-date module file ../../../Engine/Plugins/2D/Paper2D/Binaries/Win64/UE4Editor-PaperSpriteSheetImporter.dll (API version 3944462).
LogModuleManager: Display: Found up-to-date module file ../../../Engine/Plugins/2D/Paper2D/Binaries/Win64/UE4Editor-PaperTiledImporter.dll (API version 3944462).
LogModuleManager: Display: Found up-to-date module file ../../../Engine/Plugins/2D/Paper2D/Binaries/Win64/UE4Editor-SmartSnapping.dll (API version 3944462).
LogModuleManager: Display: Found up-to-date module file ../../../Engine/Plugins/Blendables/LightPropagationVolume/Binaries/Win64/UE4Editor-LightPropagationVolumeRuntime.dll (API version 3944462).
LogModuleManager: Display: Found up-to-date module file ../../../Engine/Plugins/Blendables/LightPropagationVolume/Binaries/Win64/UE4Editor-LightPropagationVolumeEditor.dll (API version 3944462).
LogModuleManager: Display: Found up-to-date module file ../../../Engine/Plugins/Developer/CLionSourceCodeAccess/Binaries/Win64/UE4Editor-CLionSourceCodeAccess.dll (API version 3944462).
LogModuleManager: Display: Found up-to-date module file ../../../Engine/Plugins/Developer/GitSourceControl/Binaries/Win64/UE4Editor-GitSourceControl.dll (API version 3944462).
LogModuleManager: Display: Found up-to-date module file ../../../Engine/Plugins/Developer/PerforceSourceControl/Binaries/Win64/UE4Editor-PerforceSourceControl.dll (API version 3944462).
LogModuleManager: Display: Found up-to-date module file ../../../Engine/Plugins/Developer/SubversionSourceControl/Binaries/Win64/UE4Editor-SubversionSourceControl.dll (API version 3944462).
LogModuleManager: Display: Found up-to-date module file ../../../Engine/Plugins/Developer/UObjectPlugin/Binaries/Win64/UE4Editor-UObjectPlugin.dll (API version 3944462).
LogModuleManager: Display: Found up-to-date module file ../../../Engine/Plugins/Developer/VisualStudioCodeSourceCodeAccess/Binaries/Win64/UE4Editor-VisualStudioCodeSourceCodeAccess.dll (API version 3944462).
LogModuleManager: Display: Found up-to-date module file ../../../Engine/Plugins/Developer/VisualStudioSourceCodeAccess/Binaries/Win64/UE4Editor-VisualStudioSourceCodeAccess.dll (API version 3944462).
LogModuleManager: Display: Found up-to-date module file ../../../Engine/Plugins/Editor/AssetManagerEditor/Binaries/Win64/UE4Editor-AssetManagerEditor.dll (API version 3944462).
LogModuleManager: Display: Found up-to-date module file ../../../Engine/Plugins/Editor/CryptoKeys/Binaries/Win64/UE4Editor-CryptoKeys.dll (API version 3944462).
LogModuleManager: Display: Found up-to-date module file ../../../Engine/Plugins/Editor/CryptoKeys/Binaries/Win64/UE4Editor-CryptoKeysOpenSSL.dll (API version 3944462).
LogModuleManager: Display: Found up-to-date module file ../../../Engine/Plugins/Editor/DataValidation/Binaries/Win64/UE4Editor-DataValidation.dll (API version 3944462).
LogModuleManager: Display: Found up-to-date module file ../../../Engine/Plugins/Editor/FacialAnimation/Binaries/Win64/UE4Editor-FacialAnimation.dll (API version 3944462).
LogModuleManager: Display: Found up-to-date module file ../../../Engine/Plugins/Editor/FacialAnimation/Binaries/Win64/UE4Editor-FacialAnimationEditor.dll (API version 3944462).
LogModuleManager: Display: Found up-to-date module file ../../../Engine/Plugins/Editor/GameplayTagsEditor/Binaries/Win64/UE4Editor-GameplayTagsEditor.dll (API version 3944462).
LogModuleManager: Display: Found up-to-date module file ../../../Engine/Plugins/Editor/MobileLauncherProfileWizard/Binaries/Win64/UE4Editor-MobileLauncherProfileWizard.dll (API version 3944462).
LogModuleManager: Display: Found up-to-date module file ../../../Engine/Plugins/Editor/PluginBrowser/Binaries/Win64/UE4Editor-PluginBrowser.dll (API version 3944462).
LogModuleManager: Display: Found up-to-date module file ../../../Engine/Plugins/Editor/SpeedTreeImporter/Binaries/Win64/UE4Editor-SpeedTreeImporter.dll (API version 3944462).
LogModuleManager: Display: Found up-to-date module file ../../../Engine/Plugins/Enterprise/DatasmithContent/Binaries/Win64/UE4Editor-DatasmithContent.dll (API version 3944462).
LogModuleManager: Display: Found up-to-date module file ../../../Engine/Plugins/Experimental/AlembicImporter/Binaries/Win64/UE4Editor-AlembicImporter.dll (API version 3944462).
LogModuleManager: Display: Found up-to-date module file ../../../Engine/Plugins/Experimental/AlembicImporter/Binaries/Win64/UE4Editor-AlembicLibrary.dll (API version 3944462).
LogModuleManager: Display: Found up-to-date module file ../../../Engine/Plugins/Experimental/CharacterAI/Binaries/Win64/UE4Editor-CharacterAI.dll (API version 3944462).
LogModuleManager: Display: Found up-to-date module file ../../../Engine/Plugins/Experimental/HTML5Networking/Binaries/Win64/UE4Editor-HTML5Networking.dll (API version 3944462).
LogModuleManager: Display: Found up-to-date module file ../../../Engine/Plugins/Media/AndroidMedia/Binaries/Win64/UE4Editor-AndroidMediaEditor.dll (API version 3944462).
LogModuleManager: Display: Found up-to-date module file ../../../Engine/Plugins/Media/AndroidMedia/Binaries/Win64/UE4Editor-AndroidMediaFactory.dll (API version 3944462).
LogModuleManager: Display: Found up-to-date module file ../../../Engine/Plugins/Media/AvfMedia/Binaries/Win64/UE4Editor-AvfMediaEditor.dll (API version 3944462).
LogModuleManager: Display: Found up-to-date module file ../../../Engine/Plugins/Media/AvfMedia/Binaries/Win64/UE4Editor-AvfMediaFactory.dll (API version 3944462).
LogModuleManager: Display: Found up-to-date module file ../../../Engine/Plugins/Media/AvfMedia/Binaries/Win64/UE4Editor-AvfMediaFactory.dll (API version 3944462).
LogModuleManager: Display: Found up-to-date module file ../../../Engine/Plugins/Media/ImgMedia/Binaries/Win64/UE4Editor-ImgMedia.dll (API version 3944462).
LogModuleManager: Display: Found up-to-date module file ../../../Engine/Plugins/Media/ImgMedia/Binaries/Win64/UE4Editor-ImgMediaEditor.dll (API version 3944462).
LogModuleManager: Display: Found up-to-date module file ../../../Engine/Plugins/Media/ImgMedia/Binaries/Win64/UE4Editor-ImgMediaFactory.dll (API version 3944462).
LogModuleManager: Display: Found up-to-date module file ../../../Engine/Plugins/Media/ImgMedia/Binaries/Win64/UE4Editor-ImgMediaFactory.dll (API version 3944462).
LogModuleManager: Display: Found up-to-date module file ../../../Engine/Plugins/Media/ImgMedia/Binaries/Win64/UE4Editor-OpenExrWrapper.dll (API version 3944462).
LogModuleManager: Display: Found up-to-date module file ../../../Engine/Plugins/Media/LinearTimecode/Binaries/Win64/UE4Editor-LinearTimecode.dll (API version 3944462).
LogModuleManager: Display: Found up-to-date module file ../../../Engine/Plugins/Media/MediaCompositing/Binaries/Win64/UE4Editor-MediaCompositing.dll (API version 3944462).
LogModuleManager: Display: Found up-to-date module file ../../../Engine/Plugins/Media/MediaCompositing/Binaries/Win64/UE4Editor-MediaCompositingEditor.dll (API version 3944462).
LogModuleManager: Display: Found up-to-date module file ../../../Engine/Plugins/Media/MediaPlayerEditor/Binaries/Win64/UE4Editor-MediaPlayerEditor.dll (API version 3944462).
LogModuleManager: Display: Found up-to-date module file ../../../Engine/Plugins/Media/WmfMedia/Binaries/Win64/UE4Editor-WmfMedia.dll (API version 3944462).
LogModuleManager: Display: Found up-to-date module file ../../../Engine/Plugins/Media/WmfMedia/Binaries/Win64/UE4Editor-WmfMediaEditor.dll (API version 3944462).
LogModuleManager: Display: Found up-to-date module file ../../../Engine/Plugins/Media/WmfMedia/Binaries/Win64/UE4Editor-WmfMediaFactory.dll (API version 3944462).
LogModuleManager: Display: Found up-to-date module file ../../../Engine/Plugins/Media/WmfMedia/Binaries/Win64/UE4Editor-WmfMediaFactory.dll (API version 3944462).
LogModuleManager: Display: Found up-to-date module file ../../../Engine/Plugins/Messaging/TcpMessaging/Binaries/Win64/UE4Editor-TcpMessaging.dll (API version 3944462).
LogModuleManager: Display: Found up-to-date module file ../../../Engine/Plugins/Messaging/UdpMessaging/Binaries/Win64/UE4Editor-UdpMessaging.dll (API version 3944462).
LogModuleManager: Display: Found up-to-date module file ../../../Engine/Plugins/MovieScene/ActorSequence/Binaries/Win64/UE4Editor-ActorSequence.dll (API version 3944462).
LogModuleManager: Display: Found up-to-date module file ../../../Engine/Plugins/MovieScene/LevelSequenceEditor/Binaries/Win64/UE4Editor-LevelSequenceEditor.dll (API version 3944462).
LogModuleManager: Display: Found up-to-date module file ../../../Engine/Plugins/MovieScene/MatineeToLevelSequence/Binaries/Win64/UE4Editor-MatineeToLevelSequence.dll (API version 3944462).
LogModuleManager: Display: Found up-to-date module file ../../../Engine/Plugins/NetcodeUnitTest/NetcodeUnitTest/Binaries/Win64/UE4Editor-NetcodeUnitTest.dll (API version 3944462).
LogModuleManager: Display: Found up-to-date module file ../../../Engine/Plugins/NetcodeUnitTest/NUTUnrealEngine4/Binaries/Win64/UE4Editor-NUTUnrealEngine4.dll (API version 3944462).
LogModuleManager: Display: Found up-to-date module file ../../../Engine/Plugins/Online/OnlineSubsystem/Binaries/Win64/UE4Editor-OnlineSubsystem.dll (API version 3944462).
LogModuleManager: Display: Found up-to-date module file ../../../Engine/Plugins/Runtime/AndroidPermission/Binaries/Win64/UE4Editor-AndroidPermission.dll (API version 3944462).
LogModuleManager: Display: Found up-to-date module file ../../../Engine/Plugins/Online/OnlineSubsystemNull/Binaries/Win64/UE4Editor-OnlineSubsystemNull.dll (API version 3944462).
LogModuleManager: Display: Found up-to-date module file ../../../Engine/Plugins/Online/OnlineSubsystemUtils/Binaries/Win64/UE4Editor-OnlineSubsystemUtils.dll (API version 3944462).
LogModuleManager: Display: Found up-to-date module file ../../../Engine/Plugins/Online/OnlineSubsystemUtils/Binaries/Win64/UE4Editor-OnlineBlueprintSupport.dll (API version 3944462).
LogModuleManager: Display: Found up-to-date module file ../../../Engine/Plugins/Runtime/AndroidDeviceProfileSelector/Binaries/Win64/UE4Editor-AndroidDeviceProfileSelector.dll (API version 3944462).
LogModuleManager: Display: Found up-to-date module file ../../../Engine/Plugins/Runtime/AppleARKit/Binaries/Win64/UE4Editor-AppleARKit.dll (API version 3944462).
LogModuleManager: Display: Found up-to-date module file ../../../Engine/Plugins/Runtime/ProceduralMeshComponent/Binaries/Win64/UE4Editor-ProceduralMeshComponent.dll (API version 3944462).
LogModuleManager: Display: Found up-to-date module file ../../../Engine/Plugins/Runtime/ProceduralMeshComponent/Binaries/Win64/UE4Editor-ProceduralMeshComponentEditor.dll (API version 3944462).
LogModuleManager: Display: Found up-to-date module file ../../../Engine/Plugins/Animation/LiveLink/Binaries/Win64/UE4Editor-LiveLink.dll (API version 3944462).
LogModuleManager: Display: Found up-to-date module file ../../../Engine/Plugins/Animation/LiveLink/Binaries/Win64/UE4Editor-LiveLinkEditor.dll (API version 3944462).
LogModuleManager: Display: Found up-to-date module file ../../../Engine/Plugins/Runtime/ArchVisCharacter/Binaries/Win64/UE4Editor-ArchVisCharacter.dll (API version 3944462).
LogModuleManager: Display: Found up-to-date module file ../../../Engine/Plugins/Runtime/AudioCapture/Binaries/Win64/UE4Editor-AudioCapture.dll (API version 3944462).
LogModuleManager: Display: Found up-to-date module file ../../../Engine/Plugins/Runtime/AudioCapture/Binaries/Win64/UE4Editor-AudioCaptureEditor.dll (API version 3944462).
LogModuleManager: Display: Found up-to-date module file ../../../Engine/Plugins/Runtime/CableComponent/Binaries/Win64/UE4Editor-CableComponent.dll (API version 3944462).
LogModuleManager: Display: Found up-to-date module file ../../../Engine/Plugins/Runtime/CustomMeshComponent/Binaries/Win64/UE4Editor-CustomMeshComponent.dll (API version 3944462).
LogModuleManager: Display: Found up-to-date module file ../../../Engine/Plugins/Runtime/ExampleDeviceProfileSelector/Binaries/Win64/UE4Editor-ExampleDeviceProfileSelector.dll (API version 3944462).
LogModuleManager: Display: Found up-to-date module file ../../../Engine/Plugins/Runtime/ImmediatePhysics/Binaries/Win64/UE4Editor-ImmediatePhysics.dll (API version 3944462).
LogModuleManager: Display: Found up-to-date module file ../../../Engine/Plugins/Runtime/ImmediatePhysics/Binaries/Win64/UE4Editor-ImmediatePhysicsEditor.dll (API version 3944462).
LogModuleManager: Display: Found up-to-date module file ../../../Engine/Plugins/Runtime/LocationServicesBPLibrary/Binaries/Win64/UE4Editor-LocationServicesBPLibrary.dll (API version 3944462).
LogModuleManager: Display: Found up-to-date module file ../../../Engine/Plugins/Runtime/MobilePatchingUtils/Binaries/Win64/UE4Editor-MobilePatchingUtils.dll (API version 3944462).
LogModuleManager: Display: Found up-to-date module file ../../../Engine/Plugins/Runtime/Oculus/OculusVR/Binaries/Win64/UE4Editor-OculusHMD.dll (API version 3944462).
LogModuleManager: Display: Found up-to-date module file ../../../Engine/Plugins/Runtime/Oculus/OculusVR/Binaries/Win64/UE4Editor-OculusInput.dll (API version 3944462).
LogModuleManager: Display: Found up-to-date module file ../../../Engine/Plugins/Runtime/Oculus/OculusVR/Binaries/Win64/UE4Editor-OculusEditor.dll (API version 3944462).
LogModuleManager: Display: Found up-to-date module file ../../../Engine/Plugins/Runtime/PhysXVehicles/Binaries/Win64/UE4Editor-PhysXVehicles.dll (API version 3944462).
LogModuleManager: Display: Found up-to-date module file ../../../Engine/Plugins/Runtime/PhysXVehicles/Binaries/Win64/UE4Editor-PhysXVehiclesEditor.dll (API version 3944462).
LogModuleManager: Display: Found up-to-date module file ../../../Engine/Plugins/Runtime/RuntimePhysXCooking/Binaries/Win64/UE4Editor-RuntimePhysXCooking.dll (API version 3944462).
LogModuleManager: Display: Found up-to-date module file ../../../Engine/Plugins/Runtime/Steam/SteamVR/Binaries/Win64/UE4Editor-SteamVR.dll (API version 3944462).
LogModuleManager: Display: Found up-to-date module file ../../../Engine/Plugins/Runtime/Steam/SteamVR/Binaries/Win64/UE4Editor-SteamVRController.dll (API version 3944462).
LogModuleManager: Display: Found up-to-date module file ../../../Engine/Plugins/Runtime/WindowsMoviePlayer/Binaries/Win64/UE4Editor-WindowsMoviePlayer.dll (API version 3944462).
LogPluginManager: Mounting plugin Paper2D
LogPluginManager: Mounting plugin LiveLink
LogPluginManager: Mounting plugin LightPropagationVolume
LogPluginManager: Mounting plugin CLionSourceCodeAccess
LogPluginManager: Mounting plugin CodeLiteSourceCodeAccess
LogPluginManager: Mounting plugin GitSourceControl
LogPluginManager: Mounting plugin KDevelopSourceCodeAccess
LogPluginManager: Mounting plugin NullSourceCodeAccess
LogPluginManager: Mounting plugin PerforceSourceControl
LogPluginManager: Mounting plugin SubversionSourceControl
LogPluginManager: Mounting plugin UObjectPlugin
LogPluginManager: Mounting plugin VisualStudioCodeSourceCodeAccess
LogPluginManager: Mounting plugin VisualStudioSourceCodeAccess
LogPluginManager: Mounting plugin XCodeSourceCodeAccess
LogPluginManager: Mounting plugin AssetManagerEditor
LogPluginManager: Mounting plugin CryptoKeys
LogPluginManager: Mounting plugin DataValidation
LogPluginManager: Mounting plugin FacialAnimation
LogPluginManager: Mounting plugin GameplayTagsEditor
LogPluginManager: Mounting plugin MobileLauncherProfileWizard
LogPluginManager: Mounting plugin PluginBrowser
LogPluginManager: Mounting plugin SpeedTreeImporter
LogPluginManager: Mounting plugin DatasmithContent
LogPluginManager: Mounting plugin AlembicImporter
LogPluginManager: Mounting plugin CharacterAI
LogPluginManager: Mounting plugin HTML5Networking
LogPluginManager: Mounting plugin AndroidMedia
LogPluginManager: Mounting plugin AvfMedia
LogPluginManager: Mounting plugin ImgMedia
LogPluginManager: Mounting plugin LinearTimecode
LogPluginManager: Mounting plugin MediaCompositing
LogPluginManager: Mounting plugin MediaPlayerEditor
LogPluginManager: Mounting plugin WmfMedia
LogPluginManager: Mounting plugin TcpMessaging
LogPluginManager: Mounting plugin UdpMessaging
LogPluginManager: Mounting plugin ActorSequence
LogPluginManager: Mounting plugin LevelSequenceEditor
LogPluginManager: Mounting plugin MatineeToLevelSequence
LogPluginManager: Mounting plugin NetcodeUnitTest
LogPluginManager: Mounting plugin NUTUnrealEngine4
LogPluginManager: Mounting plugin OnlineSubsystemGooglePlay
LogPluginManager: Mounting plugin OnlineSubsystemIOS
LogPluginManager: Mounting plugin OnlineSubsystem
LogPluginManager: Mounting plugin OnlineSubsystemNull
LogPluginManager: Mounting plugin OnlineSubsystemUtils
LogPluginManager: Mounting plugin AndroidDeviceProfileSelector
LogPluginManager: Mounting plugin AndroidMoviePlayer
LogPluginManager: Mounting plugin AndroidPermission
LogPluginManager: Mounting plugin AppleARKit
LogPluginManager: Mounting plugin AppleMoviePlayer
LogPluginManager: Mounting plugin ArchVisCharacter
LogPluginManager: Mounting plugin AudioCapture
LogPluginManager: Mounting plugin CableComponent
LogPluginManager: Mounting plugin CustomMeshComponent
LogPluginManager: Mounting plugin ExampleDeviceProfileSelector
LogPluginManager: Mounting plugin GoogleCloudMessaging
LogPluginManager: Mounting plugin ImmediatePhysics
LogPluginManager: Mounting plugin IOSDeviceProfileSelector
LogPluginManager: Mounting plugin LinuxDeviceProfileSelector
LogPluginManager: Mounting plugin LocationServicesBPLibrary
LogPluginManager: Mounting plugin MobilePatchingUtils
LogPluginManager: Mounting plugin OculusVR
LogPluginManager: Plugin shader directory ../../../Engine/Plugins/Runtime/Oculus/OculusVR/Shaders found
LogPluginManager: Mapping shader source directory ../../../Engine/Plugins/Runtime/Oculus/OculusVR/Shaders to virtual directory /Plugin/OculusVR
LogPluginManager: Mounting plugin PhysXVehicles
LogPluginManager: Mounting plugin ProceduralMeshComponent
LogPluginManager: Mounting plugin RuntimePhysXCooking
LogPluginManager: Mounting plugin SteamVR
LogPluginManager: Mounting plugin WindowsMoviePlayer
LogStreaming: Display: Took  1.435s to configure plugins.
LogInit: Using libcurl 7.47.1
LogInit:  - built for x86_64-pc-win32
LogInit:  - supports SSL with OpenSSL/1.0.2g
LogInit:  - supports HTTP deflate (compression) using libz 1.2.8
LogInit:  - other features:
LogInit:      CURL_VERSION_SSL
LogInit:      CURL_VERSION_LIBZ
LogInit:      CURL_VERSION_IPV6
LogInit:      CURL_VERSION_ASYNCHDNS
LogInit:      CURL_VERSION_LARGEFILE
LogInit:      CURL_VERSION_IDN
LogInit:  CurlRequestOptions (configurable via config and command line):
LogInit:  - bVerifyPeer = false  - Libcurl will NOT verify peer certificate
LogInit:  - bUseHttpProxy = false  - Libcurl will NOT use HTTP proxy
LogInit:  - bDontReuseConnections = false  - Libcurl will reuse connections
LogInit:  - CertBundlePath = nullptr  - Libcurl will use whatever was configured at build time.
LogInit:  - MaxHostConnections = 16  - Libcurl will limit the number of connections to a host
LogInit:  - LocalHostAddr = Default
LogInit: WinSock: version 1.1 (2.2), MaxSocks=32767, MaxUdp=65467
LogInit: WinSock: I am CC1601T2-LW1669 (10.33.179.192:0)
LogInit: Build: ++UE4+Release-4.19-CL-4033788
LogInit: Engine Version: 4.19.2-4033788+++UE4+Release-4.19
LogInit: Compatible Engine Version: 4.19.0-3944462+++UE4+Release-4.19
LogInit: Net CL: 3944462
LogDevObjectVersion: Number of dev versions registered: 18
LogDevObjectVersion:   Dev-Blueprints (B0D832E4-1F89-4F0D-ACCF-7EB736FD4AA2): 10
LogDevObjectVersion:   Dev-Build (E1C64328-A22C-4D53-A36C-8E866417BD8C): 0
LogDevObjectVersion:   Dev-Core (375EC13C-06E4-48FB-B500-84F0262A717E): 2
LogDevObjectVersion:   Dev-Editor (E4B068ED-F494-42E9-A231-DA0B2E46BB41): 23
LogDevObjectVersion:   Dev-Framework (CFFC743F-43B0-4480-9391-14DF171D2073): 33
LogDevObjectVersion:   Dev-Mobile (B02B49B5-BB20-44E9-A304-32B752E40360): 2
LogDevObjectVersion:   Dev-Networking (A4E4105C-59A1-49B5-A7C5-40C4547EDFEE): 0
LogDevObjectVersion:   Dev-Online (39C831C9-5AE6-47DC-9A44-9C173E1C8E7C): 0
LogDevObjectVersion:   Dev-Physics (78F01B33-EBEA-4F98-B9B4-84EACCB95AA2): 0
LogDevObjectVersion:   Dev-Platform (6631380F-2D4D-43E0-8009-CF276956A95A): 0
LogDevObjectVersion:   Dev-Rendering (12F88B9F-8875-4AFC-A67C-D90C383ABD29): 25
LogDevObjectVersion:   Dev-Sequencer (7B5AE74C-D270-4C10-A958-57980B212A5A): 6
LogDevObjectVersion:   Dev-VR (D7296918-1DD6-4BDD-9DE2-64A83CC13884): 1
LogDevObjectVersion:   Dev-LoadTimes (C2A15278-BFE7-4AFE-6C17-90FF531DF755): 1
LogDevObjectVersion:   Private-Geometry (6EACA3D4-40EC-4CC1-B786-8BED09428FC5): 2
LogDevObjectVersion:   Dev-AnimPhys (29E575DD-E0A3-4627-9D10-D276232CDCEA): 16
LogDevObjectVersion:   Dev-ReflectionCapture (6B266CEC-1EC7-4B8F-A30B-E4D90942FC07): 1
LogDevObjectVersion:   Dev-Automation (0DF73D61-A23F-47EA-B727-89E90C41499A): 1
LogInit: Compiled (64-bit): Apr 27 2018 02:06:57
LogInit: Compiled with Visual C++: 19.00.24215.01
LogInit: Build Configuration: Development
LogInit: Branch Name: ++UE4+Release-4.19
LogInit: Command Line:  
LogInit: Base Directory: C:/Program Files/Epic Games/UE_4.19/Engine/Binaries/Win64/
LogInit: Installed Engine Build: 1
LogStreaming: Display: Took  0.003s to delete old logs.
LogInit: Presizing for max 8388607 objects, including 0 objects not considered by GC, pre-allocating 0 bytes for permanent pool.
LogInit: Object subsystem initialized
[2018.07.05-15.52.15:391][  0]LogInit: Selected Device Profile: [Windows]
[2018.07.05-15.52.15:391][  0]LogInit: Applying CVar settings loaded from the selected device profile: [Windows]
[2018.07.05-15.52.15:403][  0]LogInit: Computer: CC1601T2-LW1669
[2018.07.05-15.52.15:403][  0]LogInit: User: NTI
[2018.07.05-15.52.15:403][  0]LogInit: CPU Page size=4096, Cores=4
[2018.07.05-15.52.15:403][  0]LogInit: High frequency timer resolution =2.531250 MHz
[2018.07.05-15.52.15:404][  0]LogMemory: Memory total: Physical=15.4GB (16GB approx)
[2018.07.05-15.52.15:404][  0]LogMemory: Platform Memory Stats for Windows
[2018.07.05-15.52.15:404][  0]LogMemory: Process Physical Memory: 274.70 MB used, 274.70 MB peak
[2018.07.05-15.52.15:404][  0]LogMemory: Process Virtual Memory: 264.84 MB used, 264.84 MB peak
[2018.07.05-15.52.15:404][  0]LogMemory: Physical Memory: 6061.02 MB used,  9701.37 MB free, 15762.38 MB total
[2018.07.05-15.52.15:404][  0]LogMemory: Virtual Memory: 4779.99 MB used,  9701.37 MB free, 134217728.00 MB total
[2018.07.05-15.52.15:517][  0]LogInit: Using OS detected language (en-US).
[2018.07.05-15.52.15:517][  0]LogInit: Using OS detected locale (en-GB).
[2018.07.05-15.52.15:521][  0]LogTextLocalizationManager: No specific localization for 'en-US' exists, so the 'en' localization will be used.
[2018.07.05-15.52.16:022][  0]LogStreaming: Display: Took  0.505s to EndInitTextLocalization.
[2018.07.05-15.52.16:022][  0]LogInit: Setting process to per monitor DPI aware
[2018.07.05-15.52.16:061][  0]LogSlate: New Slate User Created.  User Index 0, Is Virtual User: 0
[2018.07.05-15.52.16:061][  0]LogSlate: Slate User Registered.  User Index 0, Is Virtual User: 0
[2018.07.05-15.52.16:319][  0]LogD3D11RHI: D3D11 adapters:
[2018.07.05-15.52.16:371][  0]LogD3D11RHI:    0. 'NVIDIA Quadro M1000M' (Feature Level 11_0)
[2018.07.05-15.52.16:371][  0]LogD3D11RHI:       4063/0/7881 MB DedicatedVideo/DedicatedSystem/SharedSystem, Outputs:1, VendorId:0x10de
[2018.07.05-15.52.16:380][  0]LogD3D11RHI:    1. 'Intel(R) HD Graphics 530' (Feature Level 11_0)
[2018.07.05-15.52.16:380][  0]LogD3D11RHI:       128/0/7881 MB DedicatedVideo/DedicatedSystem/SharedSystem, Outputs:0, VendorId:0x8086
[2018.07.05-15.52.16:382][  0]LogD3D11RHI:    2. 'Microsoft Basic Render Driver' (Feature Level 11_0)
[2018.07.05-15.52.16:382][  0]LogD3D11RHI:       0/0/7881 MB DedicatedVideo/DedicatedSystem/SharedSystem, Outputs:0, VendorId:0x1414
[2018.07.05-15.52.16:382][  0]LogD3D11RHI: Chosen D3D11 Adapter: 0
[2018.07.05-15.52.16:399][  0]LogD3D11RHI: Creating new Direct3DDevice
[2018.07.05-15.52.16:399][  0]LogD3D11RHI:     GPU DeviceId: 0x13b1 (for the marketing name, search the web for "GPU Device Id")
[2018.07.05-15.52.16:399][  0]LogWindows: EnumDisplayDevices:
[2018.07.05-15.52.16:399][  0]LogWindows:    0. 'Intel(R) HD Graphics 530' (P:1 D:1)
[2018.07.05-15.52.16:400][  0]LogWindows:    1. 'Intel(R) HD Graphics 530' (P:0 D:0)
[2018.07.05-15.52.16:400][  0]LogWindows:    2. 'Intel(R) HD Graphics 530' (P:0 D:0)
[2018.07.05-15.52.16:400][  0]LogWindows:    3. 'NVIDIA Quadro M1000M' (P:0 D:0)
[2018.07.05-15.52.16:400][  0]LogWindows:    4. 'NVIDIA Quadro M1000M' (P:0 D:0)
[2018.07.05-15.52.16:401][  0]LogWindows:    5. 'NVIDIA Quadro M1000M' (P:0 D:0)
[2018.07.05-15.52.16:401][  0]LogWindows:    6. 'NVIDIA Quadro M1000M' (P:0 D:0)
[2018.07.05-15.52.16:401][  0]LogWindows: DebugString: GetVideoDriverDetailsInvalid PrimaryIsNotTheChoosenAdapter GetVideoDriverDetailsInvalid PrimaryIsNotTheChoosenAdapter GetVideoDriverDetailsInvalid PrimaryIsNotTheChoosenAdapter GetVideoDriverDetailsInvalid PrimaryIsNotTheChoosenAdapter GetVideoDriverDetailsInvalid PrimaryIsNotTheChoosenAdapter GetVideoDriverDetailsInvalid PrimaryIsNotTheChoosenAdapter GetVideoDriverDetailsInvalid PrimaryIsNotTheChoosenAdapter FoundDriverCount:0 
[2018.07.05-15.52.16:401][  0]LogD3D11RHI:     Adapter Name: NVIDIA Quadro M1000M
[2018.07.05-15.52.16:401][  0]LogD3D11RHI:   Driver Version: Unknown (internal:Unknown, unified:Unknown)
[2018.07.05-15.52.16:401][  0]LogD3D11RHI:      Driver Date: Unknown
[2018.07.05-15.52.16:401][  0]LogRHI: Texture pool is 2844 MB (70% of 4063 MB)
[2018.07.05-15.52.16:429][  0]LogD3D11RHI: [Aftermath] Aftermath enabled but failed to initialize
[2018.07.05-15.52.16:429][  0]LogD3D11RHI: [Aftermath] Aftermath enabled and primed
[2018.07.05-15.52.16:429][  0]LogD3D11RHI: Async texture creation enabled
[2018.07.05-15.52.16:443][  0]LogD3D11RHI: GPU Timing Frequency: 1000.000000 (Debug: 2 1)
[2018.07.05-15.52.16:444][  0]LogShaderCompilers: Guid format shader working directory is -7 characters bigger than the processId version (../../../../../../Users/NTI/Desktop/GK_Live - Copy/Intermediate/Shaders/WorkingDirectory/14072/).
[2018.07.05-15.52.16:445][  0]LogShaderCompilers: Cleaned the shader compiler working directory 'C:/Users/NTI/AppData/Local/Temp/UnrealShaderWorkingDir/CC7E669C4CA069EF5D3736B2EE5D8126/'.
[2018.07.05-15.52.16:704][  0]LogTemp: Display: Loaded TP AllDesktopTargetPlatform
[2018.07.05-15.52.16:724][  0]LogTemp: Display: Loaded TP MacClientTargetPlatform
[2018.07.05-15.52.16:743][  0]LogTemp: Display: Loaded TP MacNoEditorTargetPlatform
[2018.07.05-15.52.16:762][  0]LogTemp: Display: Loaded TP MacServerTargetPlatform
[2018.07.05-15.52.16:779][  0]LogTemp: Display: Loaded TP MacTargetPlatform
[2018.07.05-15.52.16:797][  0]LogTemp: Display: Loaded TP WindowsClientTargetPlatform
[2018.07.05-15.52.16:813][  0]LogTemp: Display: Loaded TP WindowsNoEditorTargetPlatform
[2018.07.05-15.52.16:831][  0]LogTemp: Display: Loaded TP WindowsServerTargetPlatform
[2018.07.05-15.52.16:842][  0]LogTemp: Display: Loaded TP WindowsTargetPlatform
[2018.07.05-15.52.16:859][  0]LogTemp: Display: Loaded TP Android_ASTCTargetPlatform
[2018.07.05-15.52.16:880][  0]LogTemp: Display: Loaded TP Android_ATCTargetPlatform
[2018.07.05-15.52.16:895][  0]LogTemp: Display: Loaded TP Android_DXTTargetPlatform
[2018.07.05-15.52.16:908][  0]LogTemp: Display: Loaded TP Android_ETC1aTargetPlatform
[2018.07.05-15.52.16:922][  0]LogTemp: Display: Loaded TP Android_ETC1TargetPlatform
[2018.07.05-15.52.16:937][  0]LogTemp: Display: Loaded TP Android_ETC2TargetPlatform
[2018.07.05-15.52.16:967][  0]LogTemp: Display: Loaded TP Android_MultiTargetPlatform
[2018.07.05-15.52.16:967][  0]LogTemp: Display: Loaded TP Android_PVRTCTargetPlatform
[2018.07.05-15.52.16:981][  0]LogTemp: Display: Loaded TP AndroidTargetPlatform
[2018.07.05-15.52.16:982][  0]LogTemp: Display: Loaded TP HTML5TargetPlatform
[2018.07.05-15.52.17:023][  0]LogTemp: Display: Loaded TP IOSTargetPlatform
[2018.07.05-15.52.17:037][  0]LogTemp: Display: Loaded TP TVOSTargetPlatform
[2018.07.05-15.52.17:050][  0]LogTemp: Display: Loaded TP LinuxClientTargetPlatform
[2018.07.05-15.52.17:061][  0]LogTemp: Display: Loaded TP LinuxNoEditorTargetPlatform
[2018.07.05-15.52.17:076][  0]LogTemp: Display: Loaded TP LinuxServerTargetPlatform
[2018.07.05-15.52.17:091][  0]LogTemp: Display: Loaded TP LinuxTargetPlatform
[2018.07.05-15.52.17:091][  0]LogTargetPlatformManager: Display: Building Assets For Windows
[2018.07.05-15.52.17:242][  0]LogXGEController: Cleaning working directory: C:/Users/NTI/AppData/Local/Temp/UnrealXGEWorkingDir/
[2018.07.05-15.52.17:242][  0]LogXGEController: Cannot use XGE Controller as Incredibuild is not installed on this machine.
[2018.07.05-15.52.17:242][  0]LogShaderCompilers: Cannot use XGE Shader Compiler as Incredibuild is not installed on this machine.
[2018.07.05-15.52.17:242][  0]LogShaderCompilers: Display: Using Local Shader Compiler.
[2018.07.05-15.52.18:014][  0]LogDerivedDataCache: Display: Max Cache Size: 512 MB
[2018.07.05-15.52.18:106][  0]LogDerivedDataCache: Loaded boot cache 0.09s 75MB C:/Users/NTI/AppData/Local/UnrealEngine/4.19/DerivedDataCache/Boot.ddc.
[2018.07.05-15.52.18:106][  0]LogDerivedDataCache: Display: Loaded Boot cache: C:/Users/NTI/AppData/Local/UnrealEngine/4.19/DerivedDataCache/Boot.ddc
[2018.07.05-15.52.18:106][  0]LogDerivedDataCache: FDerivedDataBackendGraph:  Pak pak cache file ../../../../../../Users/NTI/Desktop/GK_Live - Copy/DerivedDataCache/DDC.ddp not found, will not use a pak cache.
[2018.07.05-15.52.18:106][  0]LogDerivedDataCache: Unable to find inner node Pak for hierarchical cache Hierarchy.
[2018.07.05-15.52.18:106][  0]LogDerivedDataCache: FDerivedDataBackendGraph:  CompressedPak pak cache file ../../../../../../Users/NTI/Desktop/GK_Live - Copy/DerivedDataCache/Compressed.ddp not found, will not use a pak cache.
[2018.07.05-15.52.18:106][  0]LogDerivedDataCache: Unable to find inner node CompressedPak for hierarchical cache Hierarchy.
[2018.07.05-15.52.18:124][  0]LogDerivedDataCache: Display: Pak cache opened for reading ../../../Engine/DerivedDataCache/Compressed.ddp.
[2018.07.05-15.52.18:138][  0]LogDerivedDataCache: Using Local data cache path C:/Users/NTI/AppData/Local/UnrealEngine/Common/DerivedDataCache: Writable
[2018.07.05-15.52.18:138][  0]LogDerivedDataCache: Shared data cache path not found in *engine.ini, will not use an Shared cache.
[2018.07.05-15.52.18:138][  0]LogDerivedDataCache: Unable to find inner node Shared for hierarchical cache Hierarchy.
[2018.07.05-15.52.18:156][  0]LogMaterial: Verifying Global Shaders for PCD3D_SM5
[2018.07.05-15.52.18:156][  0]LogSlate: Using Freetype 2.6.0
[2018.07.05-15.52.18:157][  0]LogSlate: SlateFontCache - WITH_FREETYPE: 1, WITH_HARFBUZZ: 1
[2018.07.05-15.52.18:157][  0]LogSlate: SlateFontCache - WITH_FREETYPE: 1, WITH_HARFBUZZ: 1
[2018.07.05-15.52.18:315][  0]LogAssetRegistry: FAssetRegistry took 0.0271 seconds to start up
[2018.07.05-15.52.18:681][  0]LogInit: Selected Device Profile: [Windows]
[2018.07.05-15.52.18:864][  0]LogSimplygon: Simplygon DLL not present - disabling.
[2018.07.05-15.52.18:868][  0]LogMeshReduction: Using SimplygonSwarm for distributed automatic mesh merging
[2018.07.05-15.52.18:868][  0]LogMeshReduction: Using QuadricMeshReduction for automatic static mesh reduction
[2018.07.05-15.52.18:868][  0]LogMeshReduction: No automatic skeletal mesh reduction module available
[2018.07.05-15.52.18:868][  0]LogMeshReduction: No automatic mesh merging module available
[2018.07.05-15.52.18:868][  0]LogMeshMerging: No automatic mesh merging module available
[2018.07.05-15.52.18:915][  0]LogNetVersion: GK_Live , NetCL: 3944462, EngineNetVer: 2, GameNetVer: 0 (Checksum: 2787594906)
[2018.07.05-15.52.19:575][  0]LogPackageLocalizationCache: Processed 9 localized package path(s) for 2 prioritized culture(s) in 0.186282 seconds
[2018.07.05-15.52.19:584][  0]LogUObjectArray: 36728 objects as part of root set at end of initial load.
[2018.07.05-15.52.19:584][  0]LogUObjectAllocator: 7314312 out of 0 bytes used by permanent object pool.
[2018.07.05-15.52.19:584][  0]LogUObjectArray: CloseDisregardForGC: 0/0 objects in disregard for GC pool
[2018.07.05-15.52.21:744][  0]LogTcpMessaging: Initializing TcpMessaging bridge
[2018.07.05-15.52.21:779][  0]LogUdpMessaging: Initializing bridge on interface 0.0.0.0:0 to multicast group 230.0.0.1:6666.
[2018.07.05-15.52.22:251][  0]SourceControl: Source control is disabled
[2018.07.05-15.52.22:251][  0]SourceControl: Source control is disabled
[2018.07.05-15.52.22:284][  0]SourceControl: Source control is disabled
[2018.07.05-15.52.22:311][  0]SourceControl: Source control is disabled
[2018.07.05-15.52.23:021][  0]LogAndroidPermission: UAndroidPermissionCallbackProxy::GetInstance
[2018.07.05-15.52.23:236][  0]LogOcInput: OculusInput pre-init called
[2018.07.05-15.52.23:380][  0]LogEngine: Initializing Engine...
[2018.07.05-15.52.23:382][  0]LogHMD: Failed to initialize OpenVR with code 110
[2018.07.05-15.52.23:384][  0]LogStats: UGameplayTagsManager::ConstructGameplayTagTree: Construct from data asset -  0.000 s
[2018.07.05-15.52.23:385][  0]LogStats: UGameplayTagsManager::ConstructGameplayTagTree: GameplayTagTreeChangedEvent.Broadcast -  0.000 s
[2018.07.05-15.52.23:688][  0]LogAIModule: Creating AISystem for world Untitled
[2018.07.05-15.52.23:712][  0]LogInit: XAudio2 using 'Speaker/HP (Realtek High Definition Audio)' : 2 channels at 48 kHz using 32 bits per sample (channel mask 0x3)
[2018.07.05-15.52.23:868][  0]LogInit: FAudioDevice initialized.
[2018.07.05-15.52.23:945][  0]LogDerivedDataCache: Saved boot cache 0.08s 75MB C:/Users/NTI/AppData/Local/UnrealEngine/4.19/DerivedDataCache/Boot.ddc.
[2018.07.05-15.52.23:964][  0]LogInit: Texture streaming: Enabled
[2018.07.05-15.52.23:988][  0]LogEngineSessionManager: EngineSessionManager initialized
[2018.07.05-15.52.24:004][  0]LogInit: Transaction tracking system initialized
[2018.07.05-15.52.24:039][  0]BlueprintLog: New page: Editor Load
[2018.07.05-15.52.24:163][  0]LocalizationService: Localization service is disabled
[2018.07.05-15.52.24:292][  0]LogConsoleResponse: Display: 
[2018.07.05-15.52.24:477][  0]LogCook: Display: Max memory allowance for cook 16384mb min free memory 0mb
[2018.07.05-15.52.24:477][  0]LogCook: Display: Mobile HDR setting 1
[2018.07.05-15.52.24:477][  0]LogGameplayTags: Display: UGameplayTagsManager::DoneAddingNativeTags. DelegateIsBound: 0
[2018.07.05-15.52.24:477][  0]LogStats: UGameplayTagsManager::ConstructGameplayTagTree: Construct from data asset -  0.000 s
[2018.07.05-15.52.24:477][  0]LogStats: UGameplayTagsManager::ConstructGameplayTagTree: GameplayTagTreeChangedEvent.Broadcast -  0.000 s
[2018.07.05-15.52.25:002][  0]LogFileCache: Scanning file cache for directory 'C:/Users/NTI/Desktop/GK_Live - Copy/Content/' took 0.02s
[2018.07.05-15.52.25:002][  0]SourceControl: Source control is disabled
[2018.07.05-15.52.25:003][  0]Cmd: MAP LOAD FILE="../../../../../../Users/NTI/Desktop/GK_Live - Copy/Content/Maps/Map_01.umap" TEMPLATE=0 SHOWPROGRESS=1 FEATURELEVEL=3
[2018.07.05-15.52.25:003][  0]LightingResults: New page: Lighting Build
[2018.07.05-15.52.25:008][  0]MapCheck: New page: Map Check
[2018.07.05-15.52.25:008][  0]LightingResults: New page: Lighting Build
[2018.07.05-15.52.25:081][  0]LogUObjectGlobals: Created PersistentFrame Addr=0x0000023a84016640, Size=64, Default__ThirdPerson_AnimBP_C Function /Game/Mannequin/Animations/ThirdPerson_AnimBP.ThirdPerson_AnimBP_C:ExecuteUbergraph_ThirdPerson_AnimBP
[2018.07.05-15.52.25:092][  0]LogUObjectGlobals: Destroyed PersistentFrame Addr=0x0000023a84016640, Size=64
[2018.07.05-15.52.25:092][  0]LogUObjectGlobals: Created PersistentFrame Addr=0x0000023a84016700, Size=64, Default__ThirdPerson_AnimBP_C Function /Engine/Transient.REINST_ThirdPerson_AnimBP_C_0:ExecuteUbergraph_ThirdPerson_AnimBP
[2018.07.05-15.52.25:101][  0]LogUObjectGlobals: Created PersistentFrame Addr=0x0000023a83c18fe0, Size=72, Default__ThirdPerson_AnimBP_C Function /Game/Mannequin/Animations/ThirdPerson_AnimBP.ThirdPerson_AnimBP_C:ExecuteUbergraph_ThirdPerson_AnimBP
[2018.07.05-15.52.25:151][  0]LogUObjectGlobals: Created PersistentFrame Addr=0x0000023a83bd8e00, Size=296, Default__ThirdPersonCharacter_C Function /Game/ThirdPersonBP/Blueprints/ThirdPersonCharacter.ThirdPersonCharacter_C:ExecuteUbergraph_ThirdPersonCharacter
[2018.07.05-15.52.25:158][  0]LogUObjectGlobals: Destroyed PersistentFrame Addr=0x0000023a83bd8e00, Size=296
[2018.07.05-15.52.25:158][  0]LogUObjectGlobals: Created PersistentFrame Addr=0x0000023aecb93ec0, Size=296, Default__ThirdPersonCharacter_C Function /Engine/Transient.REINST_ThirdPersonCharacter_C_4:ExecuteUbergraph_ThirdPersonCharacter
[2018.07.05-15.52.25:164][  0]LogUObjectGlobals: Created PersistentFrame Addr=0x0000023aecb93240, Size=296, Default__ThirdPersonCharacter_C Function /Game/ThirdPersonBP/Blueprints/ThirdPersonCharacter.ThirdPersonCharacter_C:ExecuteUbergraph_ThirdPersonCharacter
[2018.07.05-15.52.25:252][  0]LogUObjectGlobals: Created PersistentFrame Addr=0x0000023a869f5760, Size=152, Default__Map_01_C Function /Game/Maps/Map_01.Map_01_C:ExecuteUbergraph_Map_01
[2018.07.05-15.52.25:261][  0]LogUObjectGlobals: Destroyed PersistentFrame Addr=0x0000023a869f5760, Size=152
[2018.07.05-15.52.25:261][  0]LogUObjectGlobals: Created PersistentFrame Addr=0x0000023aff4ba2a0, Size=152, Default__Map_01_C Function /Engine/Transient.REINST_Map_01_C_8:ExecuteUbergraph_Map_01
[2018.07.05-15.52.25:268][  0]LogUObjectGlobals: Created PersistentFrame Addr=0x0000023a86b5f420, Size=152, Default__Map_01_C Function /Game/Maps/Map_01.Map_01_C:ExecuteUbergraph_Map_01
[2018.07.05-15.52.25:447][  0]LogSkeletalMesh: Skeletal Mesh found in DDC [16.372938ms] /Game/Mannequin/Character/Mesh/SK_Mannequin.SK_Mannequin
[2018.07.05-15.52.25:484][  0]MapCheck: Warning: LandscapeComponent_0 : Fixed up deleted layer weightmap 
[2018.07.05-15.52.25:498][  0]MapCheck: Warning: LandscapeComponent_1 : Fixed up deleted layer weightmap 
[2018.07.05-15.52.25:504][  0]MapCheck: Warning: LandscapeComponent_2 : Fixed up deleted layer weightmap 
[2018.07.05-15.52.25:508][  0]MapCheck: Warning: LandscapeComponent_3 : Fixed up deleted layer weightmap 
[2018.07.05-15.52.25:513][  0]MapCheck: Warning: LandscapeComponent_4 : Fixed up deleted layer weightmap 
[2018.07.05-15.52.25:518][  0]MapCheck: Warning: LandscapeComponent_5 : Fixed up deleted layer weightmap 
[2018.07.05-15.52.25:522][  0]MapCheck: Warning: LandscapeComponent_6 : Fixed up deleted layer weightmap 
[2018.07.05-15.52.25:527][  0]MapCheck: Warning: LandscapeComponent_7 : Fixed up deleted layer weightmap 
[2018.07.05-15.52.25:531][  0]MapCheck: Warning: LandscapeComponent_8 : Fixed up deleted layer weightmap 
[2018.07.05-15.52.25:535][  0]MapCheck: Warning: LandscapeComponent_9 : Fixed up deleted layer weightmap 
[2018.07.05-15.52.25:539][  0]MapCheck: Warning: LandscapeComponent_10 : Fixed up deleted layer weightmap 
[2018.07.05-15.52.25:543][  0]MapCheck: Warning: LandscapeComponent_11 : Fixed up deleted layer weightmap 
[2018.07.05-15.52.25:548][  0]MapCheck: Warning: LandscapeComponent_12 : Fixed up deleted layer weightmap 
[2018.07.05-15.52.25:552][  0]MapCheck: Warning: LandscapeComponent_13 : Fixed up deleted layer weightmap 
[2018.07.05-15.52.25:556][  0]MapCheck: Warning: LandscapeComponent_14 : Fixed up deleted layer weightmap 
[2018.07.05-15.52.25:560][  0]MapCheck: Warning: LandscapeComponent_15 : Fixed up deleted layer weightmap 
[2018.07.05-15.52.25:565][  0]MapCheck: Warning: LandscapeComponent_16 : Fixed up deleted layer weightmap 
[2018.07.05-15.52.25:570][  0]MapCheck: Warning: LandscapeComponent_17 : Fixed up deleted layer weightmap 
[2018.07.05-15.52.25:574][  0]MapCheck: Warning: LandscapeComponent_18 : Fixed up deleted layer weightmap 
[2018.07.05-15.52.25:578][  0]MapCheck: Warning: LandscapeComponent_19 : Fixed up deleted layer weightmap 
[2018.07.05-15.52.25:582][  0]MapCheck: Warning: LandscapeComponent_20 : Fixed up deleted layer weightmap 
[2018.07.05-15.52.25:587][  0]MapCheck: Warning: LandscapeComponent_21 : Fixed up deleted layer weightmap 
[2018.07.05-15.52.25:592][  0]MapCheck: Warning: LandscapeComponent_22 : Fixed up deleted layer weightmap 
[2018.07.05-15.52.25:597][  0]MapCheck: Warning: LandscapeComponent_23 : Fixed up deleted layer weightmap 
[2018.07.05-15.52.25:601][  0]MapCheck: Warning: LandscapeComponent_24 : Fixed up deleted layer weightmap 
[2018.07.05-15.52.25:605][  0]MapCheck: Warning: LandscapeComponent_25 : Fixed up deleted layer weightmap 
[2018.07.05-15.52.25:609][  0]MapCheck: Warning: LandscapeComponent_26 : Fixed up deleted layer weightmap 
[2018.07.05-15.52.25:613][  0]MapCheck: Warning: LandscapeComponent_27 : Fixed up deleted layer weightmap 
[2018.07.05-15.52.25:618][  0]MapCheck: Warning: LandscapeComponent_28 : Fixed up deleted layer weightmap 
[2018.07.05-15.52.25:621][  0]MapCheck: Warning: LandscapeComponent_29 : Fixed up deleted layer weightmap 
[2018.07.05-15.52.25:625][  0]MapCheck: Warning: LandscapeComponent_30 : Fixed up deleted layer weightmap 
[2018.07.05-15.52.25:631][  0]MapCheck: Warning: LandscapeComponent_31 : Fixed up deleted layer weightmap 
[2018.07.05-15.52.25:635][  0]MapCheck: Warning: LandscapeComponent_32 : Fixed up deleted layer weightmap 
[2018.07.05-15.52.25:639][  0]MapCheck: Warning: LandscapeComponent_33 : Fixed up deleted layer weightmap 
[2018.07.05-15.52.25:644][  0]MapCheck: Warning: LandscapeComponent_34 : Fixed up deleted layer weightmap 
[2018.07.05-15.52.25:665][  0]MapCheck: Warning: LandscapeComponent_35 : Fixed up deleted layer weightmap 
[2018.07.05-15.52.25:683][  0]MapCheck: Warning: LandscapeComponent_36 : Fixed up deleted layer weightmap 
[2018.07.05-15.52.25:699][  0]MapCheck: Warning: LandscapeComponent_37 : Fixed up deleted layer weightmap 
[2018.07.05-15.52.25:703][  0]MapCheck: Warning: LandscapeComponent_38 : Fixed up deleted layer weightmap 
[2018.07.05-15.52.25:707][  0]MapCheck: Warning: LandscapeComponent_39 : Fixed up deleted layer weightmap 
[2018.07.05-15.52.25:712][  0]MapCheck: Warning: LandscapeComponent_40 : Fixed up deleted layer weightmap 
[2018.07.05-15.52.25:716][  0]MapCheck: Warning: LandscapeComponent_41 : Fixed up deleted layer weightmap 
[2018.07.05-15.52.25:721][  0]MapCheck: Warning: LandscapeComponent_42 : Fixed up deleted layer weightmap 
[2018.07.05-15.52.25:735][  0]MapCheck: Warning: LandscapeComponent_43 : Fixed up deleted layer weightmap 
[2018.07.05-15.52.25:748][  0]MapCheck: Warning: LandscapeComponent_44 : Fixed up deleted layer weightmap 
[2018.07.05-15.52.25:760][  0]MapCheck: Warning: LandscapeComponent_45 : Fixed up deleted layer weightmap 
[2018.07.05-15.52.25:764][  0]MapCheck: Warning: LandscapeComponent_46 : Fixed up deleted layer weightmap 
[2018.07.05-15.52.25:769][  0]MapCheck: Warning: LandscapeComponent_47 : Fixed up deleted layer weightmap 
[2018.07.05-15.52.25:773][  0]MapCheck: Warning: LandscapeComponent_48 : Fixed up deleted layer weightmap 
[2018.07.05-15.52.25:777][  0]MapCheck: Warning: LandscapeComponent_49 : Fixed up deleted layer weightmap 
[2018.07.05-15.52.25:781][  0]MapCheck: Warning: LandscapeComponent_50 : Fixed up deleted layer weightmap 
[2018.07.05-15.52.25:785][  0]MapCheck: Warning: LandscapeComponent_51 : Fixed up deleted layer weightmap 
[2018.07.05-15.52.25:794][  0]MapCheck: Warning: LandscapeComponent_52 : Fixed up deleted layer weightmap 
[2018.07.05-15.52.25:803][  0]MapCheck: Warning: LandscapeComponent_53 : Fixed up deleted layer weightmap 
[2018.07.05-15.52.25:807][  0]MapCheck: Warning: LandscapeComponent_54 : Fixed up deleted layer weightmap 
[2018.07.05-15.52.25:811][  0]MapCheck: Warning: LandscapeComponent_55 : Fixed up deleted layer weightmap 
[2018.07.05-15.52.25:815][  0]MapCheck: Warning: LandscapeComponent_56 : Fixed up deleted layer weightmap 
[2018.07.05-15.52.25:820][  0]MapCheck: Warning: LandscapeComponent_57 : Fixed up deleted layer weightmap 
[2018.07.05-15.52.25:824][  0]MapCheck: Warning: LandscapeComponent_58 : Fixed up deleted layer weightmap 
[2018.07.05-15.52.25:828][  0]MapCheck: Warning: LandscapeComponent_59 : Fixed up deleted layer weightmap 
[2018.07.05-15.52.25:833][  0]MapCheck: Warning: LandscapeComponent_60 : Fixed up deleted layer weightmap 
[2018.07.05-15.52.25:838][  0]MapCheck: Warning: LandscapeComponent_61 : Fixed up deleted layer weightmap 
[2018.07.05-15.52.25:842][  0]MapCheck: Warning: LandscapeComponent_62 : Fixed up deleted layer weightmap 
[2018.07.05-15.52.25:845][  0]MapCheck: Warning: LandscapeComponent_63 : Fixed up deleted layer weightmap 
[2018.07.05-15.52.26:182][  0]LogAIModule: Creating AISystem for world Map_01
[2018.07.05-15.52.26:257][  0]LogEditorServer: Finished looking for orphan Actors (0.000 secs)
[2018.07.05-15.52.26:279][  0]LogUObjectGlobals: Destroyed PersistentFrame Addr=0x0000023a84016700, Size=64
[2018.07.05-15.52.26:279][  0]LogUObjectGlobals: Destroyed PersistentFrame Addr=0x0000023aecb93ec0, Size=296
[2018.07.05-15.52.26:279][  0]LogUObjectGlobals: Destroyed PersistentFrame Addr=0x0000023aff4ba2a0, Size=152
[2018.07.05-15.52.26:281][  0]Cmd: MAP CHECKDEP NOCLEARLOG
[2018.07.05-15.52.26:369][  0]MapCheck: Map check complete: 0 Error(s), 64 Warning(s), took 87.747ms to complete.
[2018.07.05-15.52.26:382][  0]LogFileHelpers: Loading map 'Map_01' took 1.379
[2018.07.05-15.52.26:527][  0]LogCollectionManager: Loaded 0 collections in 0.002099 seconds
[2018.07.05-15.52.26:582][  0]LogFileCache: Scanning file cache for directory 'C:/Users/NTI/Desktop/GK_Live - Copy/Saved/Collections/' took 0.01s
[2018.07.05-15.52.26:582][  0]LogFileCache: Scanning file cache for directory 'C:/Users/NTI/Desktop/GK_Live - Copy/Content/Developers/NTI/Collections/' took 0.01s
[2018.07.05-15.52.26:582][  0]LogFileCache: Scanning file cache for directory 'C:/Users/NTI/Desktop/GK_Live - Copy/Content/Collections/' took 0.01s
[2018.07.05-15.52.26:582][  0]LogCollectionManager: Rebuilt the GUID cache for 0 collections in 0.000001 seconds
[2018.07.05-15.52.26:594][  0]LogContentBrowser: Native class hierarchy populated in 0.0120 seconds. Added 2452 classes and 558 folders.
[2018.07.05-15.52.26:602][  0]LogContentBrowser: Native class hierarchy updated for 'WidgetCarousel' in 0.0002 seconds. Added 0 classes and 0 folders.
[2018.07.05-15.52.26:662][  0]LogContentBrowser: Native class hierarchy updated for 'AddContentDialog' in 0.0003 seconds. Added 0 classes and 0 folders.
[2018.07.05-15.52.26:669][  0]LogContentBrowser: Native class hierarchy updated for 'SceneOutliner' in 0.0004 seconds. Added 1 classes and 2 folders.
[2018.07.05-15.52.26:699][  0]LogSlate: Took 0.000613 seconds to synchronously load lazily loaded font '../../../Engine/Content/Slate/Fonts/Roboto-Regular.ttf' (155K)
[2018.07.05-15.52.26:703][  0]LogSlate: Took 0.000374 seconds to synchronously load lazily loaded font '../../../Engine/Content/Slate/Fonts/Roboto-Bold.ttf' (160K)
[2018.07.05-15.52.26:709][  0]LogSlate: Took 0.000354 seconds to synchronously load lazily loaded font '../../../Engine/Content/Editor/Slate/Fonts/FontAwesome.ttf' (139K)
[2018.07.05-15.52.26:837][  0]LogRenderer: Reallocating scene render targets to support 588x340 Format 9 NumSamples 1 (Frame:1).
[2018.07.05-15.52.27:020][  0]LogContentBrowser: Native class hierarchy updated for 'HierarchicalLODOutliner' in 0.0003 seconds. Added 0 classes and 0 folders.
[2018.07.05-15.52.27:020][  0]LogLoad: (Engine Initialization) Total time: 14.84 seconds
[2018.07.05-15.52.27:020][  0]LogLoad: (Engine Initialization) Total Blueprint compile time: 0.00 seconds
[2018.07.05-15.52.27:378][  0]LogContentStreaming: Texture pool size now 800 MB
[2018.07.05-15.52.27:708][  1]LogAssetRegistry: Asset discovery search completed in 9.4150 seconds
[2018.07.05-15.52.27:712][  1]LogCollectionManager: Rebuilt the object cache for 0 collections in 0.000000 seconds (found 0 objects)
[2018.07.05-15.52.27:713][  1]LogCollectionManager: Fixed up redirectors for 0 collections in 0.000197 seconds (updated 0 objects)
[2018.07.05-15.55.24:513][798]LogSlate: FSceneViewport::OnFocusLost() reason 0
[2018.07.05-15.55.24:632][800]LogSlate: Window 'GK_Live - Unreal Editor' being destroyed
[2018.07.05-15.55.24:634][800]LogWindowsTextInputMethodSystem: Display: IME system now deactivated.
[2018.07.05-15.55.24:858][801]Cmd: QUIT_EDITOR
[2018.07.05-15.55.24:921][801]LogSlate: Slate User Destroyed.  User Index 0, Is Virtual User: 0
[2018.07.05-15.55.24:921][801]LogExit: Preparing to exit.
[2018.07.05-15.55.25:915][801]LogDirectoryWatcher: A directory notification for 'C:/Users/NTI/Desktop/GK_Live - Copy/Content/' was aborted.
[2018.07.05-15.55.25:941][801]LogExit: Editor shut down
[2018.07.05-15.55.25:945][801]LogExit: Transaction tracking system shut down
[2018.07.05-15.55.25:946][801]LogUObjectGlobals: Destroyed PersistentFrame Addr=0x0000023a83c18fe0, Size=72
[2018.07.05-15.55.25:947][801]LogUObjectGlobals: Destroyed PersistentFrame Addr=0x0000023aecb93240, Size=296
[2018.07.05-15.55.25:954][801]LogUObjectGlobals: Destroyed PersistentFrame Addr=0x0000023a86b5f420, Size=152
[2018.07.05-15.55.26:129][801]LogDirectoryWatcher: A directory notification for '../../../Engine/Content/' was aborted.
[2018.07.05-15.55.26:129][801]LogDirectoryWatcher: A directory notification for '../../../../../../Users/NTI/Desktop/GK_Live - Copy/Content/' was aborted.
[2018.07.05-15.55.26:129][801]LogDirectoryWatcher: A directory notification for '../../Plugins/2D/Paper2D/Content/' was aborted.
[2018.07.05-15.55.26:129][801]LogDirectoryWatcher: A directory notification for '../../Plugins/Enterprise/DatasmithContent/Content/' was aborted.
[2018.07.05-15.55.26:129][801]LogDirectoryWatcher: A directory notification for '../../Plugins/Media/MediaCompositing/Content/' was aborted.
[2018.07.05-15.55.26:129][801]LogDirectoryWatcher: A directory notification for '../../Plugins/Runtime/AppleARKit/Content/' was aborted.
[2018.07.05-15.55.26:130][801]LogDirectoryWatcher: A directory notification for '../../Plugins/Runtime/Oculus/OculusVR/Content/' was aborted.
[2018.07.05-15.55.26:130][801]LogDirectoryWatcher: A directory notification for '../../Plugins/Runtime/Steam/SteamVR/Content/' was aborted.
[2018.07.05-15.55.26:209][801]LogExit: Object subsystem successfully closed.
[2018.07.05-15.55.26:236][801]LogShaderCompilers: Display: Shaders left to compile 0
[2018.07.05-15.55.26:242][801]LogD3D11RHI: Shutdown
[2018.07.05-15.55.26:242][801]LogD3D11RHI: CleanupD3DDevice
[2018.07.05-15.55.26:244][801]LogD3D11RHI: ~FD3D11DynamicRHI
[2018.07.05-15.55.26:275][801]LogModuleManager: Shutting down and abandoning module HierarchicalLODOutliner (574)
[2018.07.05-15.55.26:275][801]LogModuleManager: Shutting down and abandoning module SceneOutliner (572)
[2018.07.05-15.55.26:275][801]LogModuleManager: Shutting down and abandoning module AddContentDialog (570)
[2018.07.05-15.55.26:275][801]LogDirectoryWatcher: A directory notification for 'C:/Program Files/Epic Games/UE_4.19/FeaturePacks/' was aborted.
[2018.07.05-15.55.26:279][801]LogModuleManager: Shutting down and abandoning module WidgetCarousel (569)
[2018.07.05-15.55.26:279][801]LogModuleManager: Shutting down and abandoning module EditorWidgets (566)
[2018.07.05-15.55.26:279][801]LogModuleManager: Shutting down and abandoning module CollectionManager (564)
[2018.07.05-15.55.26:279][801]LogDirectoryWatcher: A directory notification for 'C:/Users/NTI/Desktop/GK_Live - Copy/Content/Collections/' was aborted.
[2018.07.05-15.55.26:279][801]LogDirectoryWatcher: A directory notification for 'C:/Users/NTI/Desktop/GK_Live - Copy/Content/Developers/NTI/Collections/' was aborted.
[2018.07.05-15.55.26:279][801]LogDirectoryWatcher: A directory notification for 'C:/Users/NTI/Desktop/GK_Live - Copy/Saved/Collections/' was aborted.
[2018.07.05-15.55.26:279][801]LogModuleManager: Shutting down and abandoning module StatsViewer (562)
[2018.07.05-15.55.26:279][801]LogModuleManager: Shutting down and abandoning module FoliageEdit (560)
[2018.07.05-15.55.26:279][801]LogModuleManager: Shutting down and abandoning module LandscapeEditor (558)
[2018.07.05-15.55.26:280][801]LogModuleManager: Shutting down and abandoning module MeshPaintMode (556)
[2018.07.05-15.55.26:280][801]LogModuleManager: Shutting down and abandoning module SceneDepthPickerMode (554)
[2018.07.05-15.55.26:280][801]LogModuleManager: Shutting down and abandoning module ActorPickerMode (552)
[2018.07.05-15.55.26:280][801]LogModuleManager: Shutting down and abandoning module GeometryMode (550)
[2018.07.05-15.55.26:280][801]LogModuleManager: Shutting down and abandoning module TextureAlignMode (548)
[2018.07.05-15.55.26:280][801]LogModuleManager: Shutting down and abandoning module BspMode (546)
[2018.07.05-15.55.26:280][801]LogModuleManager: Shutting down and abandoning module PIEPreviewDeviceProfileSelector (544)
[2018.07.05-15.55.26:280][801]LogModuleManager: Shutting down and abandoning module HardwareSurvey (542)
[2018.07.05-15.55.26:280][801]LogModuleManager: Shutting down and abandoning module SequenceRecorderSections (540)
[2018.07.05-15.55.26:280][801]LogModuleManager: Shutting down and abandoning module AutomationWorker (538)
[2018.07.05-15.55.26:280][801]LogModuleManager: Shutting down and abandoning module AudioCaptureEditor (536)
[2018.07.05-15.55.26:280][801]LogModuleManager: Shutting down and abandoning module SequenceRecorder (535)
[2018.07.05-15.55.26:280][801]LogModuleManager: Shutting down and abandoning module MatineeToLevelSequence (532)
[2018.07.05-15.55.26:280][801]LogModuleManager: Shutting down and abandoning module LevelSequenceEditor (530)
[2018.07.05-15.55.26:280][801]LogModuleManager: Shutting down and abandoning module PlacementMode (529)
[2018.07.05-15.55.26:280][801]LogModuleManager: Shutting down and abandoning module MaterialEditor (528)
[2018.07.05-15.55.26:280][801]LogModuleManager: Shutting down and abandoning module WmfMediaFactory (524)
[2018.07.05-15.55.26:280][801]LogModuleManager: Shutting down and abandoning module WmfMediaEditor (522)
[2018.07.05-15.55.26:280][801]LogModuleManager: Shutting down and abandoning module MediaPlayerEditor (520)
[2018.07.05-15.55.26:281][801]LogModuleManager: Shutting down and abandoning module OpenExrWrapper (518)
[2018.07.05-15.55.26:281][801]LogModuleManager: Shutting down and abandoning module ImgMediaFactory (516)
[2018.07.05-15.55.26:281][801]LogModuleManager: Shutting down and abandoning module ImgMediaEditor (514)
[2018.07.05-15.55.26:281][801]LogModuleManager: Shutting down and abandoning module AvfMediaFactory (512)
[2018.07.05-15.55.26:281][801]LogModuleManager: Shutting down and abandoning module AvfMediaEditor (510)
[2018.07.05-15.55.26:281][801]LogModuleManager: Shutting down and abandoning module AndroidMediaFactory (508)
[2018.07.05-15.55.26:281][801]LogModuleManager: Shutting down and abandoning module AndroidMediaEditor (506)
[2018.07.05-15.55.26:281][801]LogModuleManager: Shutting down and abandoning module CharacterAI (504)
[2018.07.05-15.55.26:281][801]LogModuleManager: Shutting down and abandoning module SmartSnapping (502)
[2018.07.05-15.55.26:281][801]LogModuleManager: Shutting down and abandoning module SessionServices (500)
[2018.07.05-15.55.26:281][801]LogModuleManager: Shutting down and abandoning module ViewportSnapping (498)
[2018.07.05-15.55.26:281][801]LogModuleManager: Shutting down and abandoning module ViewportInteraction (496)
[2018.07.05-15.55.26:281][801]LogModuleManager: Shutting down and abandoning module ClothPainter (494)
[2018.07.05-15.55.26:281][801]LogModuleManager: Shutting down and abandoning module SkeletalMeshEditor (493)
[2018.07.05-15.55.26:281][801]LogModuleManager: Shutting down and abandoning module LogVisualizer (490)
[2018.07.05-15.55.26:282][801]LogModuleManager: Shutting down and abandoning module IntroTutorials (488)
[2018.07.05-15.55.26:282][801]LogModuleManager: Shutting down and abandoning module GameProjectGeneration (487)
[2018.07.05-15.55.26:282][801]LogModuleManager: Shutting down and abandoning module IOSPlatformEditor (484)
[2018.07.05-15.55.26:282][801]LogModuleManager: Shutting down and abandoning module HTML5PlatformEditor (482)
[2018.07.05-15.55.26:282][801]LogModuleManager: Shutting down and abandoning module AndroidPlatformEditor (480)
[2018.07.05-15.55.26:282][801]LogModuleManager: Shutting down and abandoning module AndroidDeviceDetection (479)
[2018.07.05-15.55.26:338][801]LogModuleManager: Shutting down and abandoning module WindowsPlatformEditor (476)
[2018.07.05-15.55.26:339][801]LogModuleManager: Shutting down and abandoning module IOSRuntimeSettings (474)
[2018.07.05-15.55.26:339][801]LogModuleManager: Shutting down and abandoning module AndroidRuntimeSettings (472)
[2018.07.05-15.55.26:339][801]LogModuleManager: Shutting down and abandoning module InputBindingEditor (470)
[2018.07.05-15.55.26:339][801]LogModuleManager: Shutting down and abandoning module MergeActors (468)
[2018.07.05-15.55.26:339][801]LogModuleManager: Shutting down and abandoning module LocalizationDashboard (466)
[2018.07.05-15.55.26:339][801]LogModuleManager: Shutting down and abandoning module LocalizationService (465)
[2018.07.05-15.55.26:339][801]LogModuleManager: Shutting down and abandoning module HardwareTargeting (462)
[2018.07.05-15.55.26:339][801]LogModuleManager: Shutting down and abandoning module DeviceProfileEditor (460)
[2018.07.05-15.55.26:339][801]LogModuleManager: Shutting down and abandoning module UndoHistory (458)
[2018.07.05-15.55.26:339][801]LogModuleManager: Shutting down and abandoning module XmlParser (456)
[2018.07.05-15.55.26:339][801]LogModuleManager: Shutting down and abandoning module Blutility (454)
[2018.07.05-15.55.26:339][801]LogModuleManager: Shutting down and abandoning module ProjectSettingsViewer (452)
[2018.07.05-15.55.26:339][801]LogModuleManager: Shutting down and abandoning module ProjectTargetPlatformEditor (451)
[2018.07.05-15.55.26:339][801]LogModuleManager: Shutting down and abandoning module EditorSettingsViewer (448)
[2018.07.05-15.55.26:339][801]LogModuleManager: Shutting down and abandoning module SettingsEditor (446)
[2018.07.05-15.55.26:340][801]LogModuleManager: Shutting down and abandoning module ProjectLauncher (444)
[2018.07.05-15.55.26:340][801]LogModuleManager: Shutting down and abandoning module SessionFrontend (442)
[2018.07.05-15.55.26:340][801]LogModuleManager: Shutting down and abandoning module ProfilerClient (440)
[2018.07.05-15.55.26:340][801]LogModuleManager: Shutting down and abandoning module DeviceManager (438)
[2018.07.05-15.55.26:340][801]LogModuleManager: Shutting down and abandoning module TargetDeviceServices (437)
[2018.07.05-15.55.26:395][801]LogModuleManager: Shutting down and abandoning module AutomationController (434)
[2018.07.05-15.55.26:395][801]LogModuleManager: Shutting down and abandoning module AutomationWindow (432)
[2018.07.05-15.55.26:395][801]LogModuleManager: Shutting down and abandoning module Layers (430)
[2018.07.05-15.55.26:395][801]LogModuleManager: Shutting down and abandoning module ComponentVisualizers (428)
[2018.07.05-15.55.26:395][801]LogModuleManager: Shutting down and abandoning module DetailCustomizations (426)
[2018.07.05-15.55.26:395][801]LogModuleManager: Shutting down and abandoning module PackagesDialog (424)
[2018.07.05-15.55.26:395][801]LogModuleManager: Shutting down and abandoning module Persona (422)
[2018.07.05-15.55.26:395][801]LogModuleManager: Shutting down and abandoning module AdvancedPreviewScene (421)
[2018.07.05-15.55.26:395][801]LogModuleManager: Shutting down and abandoning module AnimGraph (419)
[2018.07.05-15.55.26:395][801]LogModuleManager: Shutting down and abandoning module Kismet (416)
[2018.07.05-15.55.26:396][801]LogModuleManager: Shutting down and abandoning module GraphEditor (414)
[2018.07.05-15.55.26:396][801]LogModuleManager: Shutting down and abandoning module ClassViewer (412)
[2018.07.05-15.55.26:396][801]LogModuleManager: Shutting down and abandoning module Toolbox (410)
[2018.07.05-15.55.26:396][801]LogModuleManager: Shutting down and abandoning module ModuleUI (408)
[2018.07.05-15.55.26:396][801]LogModuleManager: Shutting down and abandoning module MovieSceneTools (406)
[2018.07.05-15.55.26:396][801]LogModuleManager: Shutting down and abandoning module OutputLog (404)
[2018.07.05-15.55.26:396][801]LogModuleManager: Shutting down and abandoning module GammaUI (402)
[2018.07.05-15.55.26:396][801]LogModuleManager: Shutting down and abandoning module Documentation (400)
[2018.07.05-15.55.26:396][801]LogModuleManager: Shutting down and abandoning module MovieSceneTracks (398)
[2018.07.05-15.55.26:396][801]LogModuleManager: Shutting down and abandoning module MovieScene (396)
[2018.07.05-15.55.26:396][801]LogModuleManager: Shutting down and abandoning module StreamingPauseRendering (394)
[2018.07.05-15.55.26:396][801]LogModuleManager: Shutting down and abandoning module LauncherPlatform (392)
[2018.07.05-15.55.26:396][801]LogModuleManager: Shutting down and abandoning module AnalyticsET (390)
[2018.07.05-15.55.26:396][801]LogModuleManager: Shutting down and abandoning module PortalServices (388)
[2018.07.05-15.55.26:396][801]LogModuleManager: Shutting down and abandoning module PortalRpc (386)
[2018.07.05-15.55.26:396][801]LogModuleManager: Shutting down and abandoning module MessagingRpc (384)
[2018.07.05-15.55.26:396][801]LogModuleManager: Shutting down and abandoning module AIModule (382)
[2018.07.05-15.55.26:396][801]LogModuleManager: Shutting down and abandoning module GameplayDebugger (381)
[2018.07.05-15.55.26:396][801]LogModuleManager: Shutting down and abandoning module AITestSuite (379)
[2018.07.05-15.55.26:396][801]LogModuleManager: Shutting down and abandoning module DesktopPlatform (376)
[2018.07.05-15.55.26:396][801]LogModuleManager: Shutting down and abandoning module ProfilerService (374)
[2018.07.05-15.55.26:416][801]LogModuleManager: Shutting down and abandoning module TaskGraph (372)
[2018.07.05-15.55.26:416][801]LogModuleManager: Shutting down and abandoning module SteamVRController (370)
[2018.07.05-15.55.26:416][801]LogModuleManager: Shutting down and abandoning module ProceduralMeshComponentEditor (368)
[2018.07.05-15.55.26:416][801]LogModuleManager: Shutting down and abandoning module ProceduralMeshComponent (366)
[2018.07.05-15.55.26:416][801]LogModuleManager: Shutting down and abandoning module OculusInput (364)
[2018.07.05-15.55.26:416][801]LogModuleManager: Shutting down and abandoning module MobilePatchingUtils (362)
[2018.07.05-15.55.26:416][801]LogModuleManager: Shutting down and abandoning module CustomMeshComponent (360)
[2018.07.05-15.55.26:416][801]LogModuleManager: Shutting down and abandoning module CableComponent (358)
[2018.07.05-15.55.26:416][801]LogModuleManager: Shutting down and abandoning module AudioCapture (356)
[2018.07.05-15.55.26:416][801]LogModuleManager: Shutting down and abandoning module ArchVisCharacter (354)
[2018.07.05-15.55.26:416][801]LogModuleManager: Shutting down and abandoning module AndroidPermission (352)
[2018.07.05-15.55.26:416][801]LogModuleManager: Shutting down and abandoning module NUTUnrealEngine4 (348)
[2018.07.05-15.55.26:417][801]LogModuleManager: Shutting down and abandoning module NetcodeUnitTest (346)
[2018.07.05-15.55.26:417][801]LogModuleManager: Shutting down and abandoning module MediaCompositingEditor (344)
[2018.07.05-15.55.26:417][801]LogModuleManager: Shutting down and abandoning module MediaCompositing (342)
[2018.07.05-15.55.26:417][801]LogModuleManager: Shutting down and abandoning module LinearTimecode (340)
[2018.07.05-15.55.26:417][801]LogModuleManager: Shutting down and abandoning module ImgMedia (338)
[2018.07.05-15.55.26:420][801]LogModuleManager: Shutting down and abandoning module HTML5Networking (336)
[2018.07.05-15.55.26:420][801]LogModuleManager: Shutting down and abandoning module AlembicImporter (334)
[2018.07.05-15.55.26:420][801]LogModuleManager: Shutting down and abandoning module AlembicLibrary (333)
[2018.07.05-15.55.26:421][801]LogModuleManager: Shutting down and abandoning module GeometryCache (332)
[2018.07.05-15.55.26:421][801]LogModuleManager: Shutting down and abandoning module GeometryCacheEd (331)
[2018.07.05-15.55.26:421][801]LogModuleManager: Shutting down and abandoning module DatasmithContent (326)
[2018.07.05-15.55.26:421][801]LogModuleManager: Shutting down and abandoning module SpeedTreeImporter (324)
[2018.07.05-15.55.26:421][801]LogModuleManager: Shutting down and abandoning module PluginBrowser (322)
[2018.07.05-15.55.26:421][801]LogModuleManager: Shutting down and abandoning module MobileLauncherProfileWizard (320)
[2018.07.05-15.55.26:421][801]LogModuleManager: Shutting down and abandoning module CryptoKeysOpenSSL (318)
[2018.07.05-15.55.26:421][801]LogModuleManager: Shutting down and abandoning module CryptoKeys (316)
[2018.07.05-15.55.26:421][801]LogModuleManager: Shutting down and abandoning module VisualStudioSourceCodeAccess (314)
[2018.07.05-15.55.26:421][801]LogModuleManager: Shutting down and abandoning module VisualStudioCodeSourceCodeAccess (312)
[2018.07.05-15.55.26:421][801]LogModuleManager: Shutting down and abandoning module UObjectPlugin (310)
[2018.07.05-15.55.26:421][801]LogModuleManager: Shutting down and abandoning module SubversionSourceControl (308)
[2018.07.05-15.55.26:421][801]LogModuleManager: Shutting down and abandoning module PerforceSourceControl (306)
[2018.07.05-15.55.26:421][801]LogModuleManager: Shutting down and abandoning module GitSourceControl (304)
[2018.07.05-15.55.26:421][801]LogModuleManager: Shutting down and abandoning module SourceControl (303)
[2018.07.05-15.55.26:421][801]LogModuleManager: Shutting down and abandoning module CLionSourceCodeAccess (300)
[2018.07.05-15.55.26:421][801]LogModuleManager: Shutting down and abandoning module LightPropagationVolumeEditor (298)
[2018.07.05-15.55.26:421][801]LogModuleManager: Shutting down and abandoning module PaperTiledImporter (296)
[2018.07.05-15.55.26:421][801]LogModuleManager: Shutting down and abandoning module PaperSpriteSheetImporter (294)
[2018.07.05-15.55.26:421][801]LogModuleManager: Shutting down and abandoning module Paper2DEditor (292)
[2018.07.05-15.55.26:421][801]LogModuleManager: Shutting down and abandoning module MeshPaint (291)
[2018.07.05-15.55.26:421][801]LogModuleManager: Shutting down and abandoning module RuntimePhysXCooking (288)
[2018.07.05-15.55.26:421][801]LogModuleManager: Shutting down and abandoning module PhysXVehiclesEditor (286)
[2018.07.05-15.55.26:421][801]LogModuleManager: Shutting down and abandoning module PhysXVehicles (284)
[2018.07.05-15.55.26:421][801]LogModuleManager: Shutting down and abandoning module OculusEditor (282)
[2018.07.05-15.55.26:421][801]LogModuleManager: Shutting down and abandoning module LocationServicesBPLibrary (280)
[2018.07.05-15.55.26:421][801]LogModuleManager: Shutting down and abandoning module ImmediatePhysicsEditor (278)
[2018.07.05-15.55.26:421][801]LogModuleManager: Shutting down and abandoning module ImmediatePhysics (276)
[2018.07.05-15.55.26:421][801]LogModuleManager: Shutting down and abandoning module ActorSequence (274)
[2018.07.05-15.55.26:422][801]LogModuleManager: Shutting down and abandoning module UdpMessaging (272)
[2018.07.05-15.55.26:522][801]LogModuleManager: Shutting down and abandoning module TcpMessaging (270)
[2018.07.05-15.55.26:846][801]LogModuleManager: Shutting down and abandoning module GameplayTagsEditor (268)
[2018.07.05-15.55.26:846][801]LogModuleManager: Shutting down and abandoning module FacialAnimationEditor (266)
[2018.07.05-15.55.26:846][801]LogModuleManager: Shutting down and abandoning module FacialAnimation (264)
[2018.07.05-15.55.26:846][801]LogModuleManager: Shutting down and abandoning module DataValidation (262)
[2018.07.05-15.55.26:847][801]LogModuleManager: Shutting down and abandoning module AssetManagerEditor (260)
[2018.07.05-15.55.26:847][801]LogModuleManager: Shutting down and abandoning module LevelEditor (259)
[2018.07.05-15.55.26:848][801]LogModuleManager: Shutting down and abandoning module PixelInspectorModule (258)
[2018.07.05-15.55.26:848][801]LogModuleManager: Shutting down and abandoning module CommonMenuExtensions (256)
[2018.07.05-15.55.26:848][801]LogModuleManager: Shutting down and abandoning module MainFrame (254)
[2018.07.05-15.55.26:848][801]LogModuleManager: Shutting down and abandoning module HotReload (253)
[2018.07.05-15.55.26:849][801]LogModuleManager: Shutting down and abandoning module ContentBrowser (249)
[2018.07.05-15.55.26:850][801]LogModuleManager: Shutting down and abandoning module TreeMap (247)
[2018.07.05-15.55.26:850][801]LogModuleManager: Shutting down and abandoning module LightPropagationVolumeRuntime (244)
[2018.07.05-15.55.26:850][801]LogModuleManager: Shutting down and abandoning module LiveLinkEditor (242)
[2018.07.05-15.55.26:851][801]LogModuleManager: Shutting down and abandoning module LiveLink (240)
[2018.07.05-15.55.27:425][801]LogModuleManager: Shutting down and abandoning module Paper2D (238)
[2018.07.05-15.55.27:425][801]LogModuleManager: Shutting down and abandoning module WindowsMoviePlayer (236)
[2018.07.05-15.55.27:425][801]LogModuleManager: Shutting down and abandoning module WmfMedia (234)
[2018.07.05-15.55.27:427][801]LogModuleManager: Shutting down and abandoning module Media (233)
[2018.07.05-15.55.27:434][801]LogModuleManager: Shutting down and abandoning module PacketHandler (230)
[2018.07.05-15.55.27:434][801]LogModuleManager: Shutting down and abandoning module ClothingSystemEditor (228)
[2018.07.05-15.55.27:434][801]LogModuleManager: Shutting down and abandoning module ClothingSystemRuntime (226)
[2018.07.05-15.55.27:434][801]LogModuleManager: Shutting down and abandoning module MediaAssets (224)
[2018.07.05-15.55.27:434][801]LogModuleManager: Shutting down and abandoning module Overlay (222)
[2018.07.05-15.55.27:434][801]LogModuleManager: Shutting down and abandoning module OverlayEditor (221)
[2018.07.05-15.55.27:434][801]LogModuleManager: Shutting down and abandoning module VREditor (218)
[2018.07.05-15.55.27:434][801]LogModuleManager: Shutting down and abandoning module StringTableEditor (216)
[2018.07.05-15.55.27:434][801]LogModuleManager: Shutting down and abandoning module GameplayTasksEditor (214)
[2018.07.05-15.55.27:434][801]LogModuleManager: Shutting down and abandoning module BehaviorTreeEditor (212)
[2018.07.05-15.55.27:435][801]LogModuleManager: Shutting down and abandoning module FunctionalTesting (210)
[2018.07.05-15.55.27:435][801]LogModuleManager: Shutting down and abandoning module CollisionAnalyzer (208)
[2018.07.05-15.55.27:435][801]LogModuleManager: Shutting down and abandoning module WorkspaceMenuStructure (207)
[2018.07.05-15.55.27:435][801]LogModuleManager: Shutting down and abandoning module UMG (204)
[2018.07.05-15.55.27:435][801]LogModuleManager: Shutting down and abandoning module UMGEditor (203)
[2018.07.05-15.55.27:435][801]LogModuleManager: Shutting down and abandoning module Sequencer (202)
[2018.07.05-15.55.27:435][801]LogModuleManager: Shutting down and abandoning module MessageLog (199)
[2018.07.05-15.55.27:435][801]LogModuleManager: Shutting down and abandoning module SlateReflector (194)
[2018.07.05-15.55.27:435][801]LogModuleManager: Shutting down and abandoning module Slate (192)
[2018.07.05-15.55.27:435][801]LogModuleManager: Shutting down and abandoning module EditorStyle (190)
[2018.07.05-15.55.27:437][801]LogModuleManager: Shutting down and abandoning module MRMesh (188)
[2018.07.05-15.55.27:437][801]LogModuleManager: Shutting down and abandoning module SourceCodeAccess (186)
[2018.07.05-15.55.27:437][801]LogModuleManager: Shutting down and abandoning module HeadMountedDisplay (184)
[2018.07.05-15.55.27:437][801]LogModuleManager: Shutting down and abandoning module XAudio2 (182)
[2018.07.05-15.55.27:437][801]LogModuleManager: Shutting down and abandoning module Networking (180)
[2018.07.05-15.55.27:437][801]LogModuleManager: Shutting down and abandoning module Core (178)
[2018.07.05-15.55.27:437][801]LogModuleManager: Shutting down and abandoning module LevelSequence (176)
[2018.07.05-15.55.27:438][801]LogModuleManager: Shutting down and abandoning module KismetCompiler (174)
[2018.07.05-15.55.27:438][801]LogModuleManager: Shutting down and abandoning module MeshUtilities (172)
[2018.07.05-15.55.27:438][801]LogModuleManager: Shutting down and abandoning module MeshMergeUtilities (171)
[2018.07.05-15.55.27:438][801]LogModuleManager: Shutting down and abandoning module MeshReductionInterface (170)
[2018.07.05-15.55.27:438][801]LogModuleManager: Shutting down and abandoning module SimplygonSwarm (169)
[2018.07.05-15.55.27:438][801]LogModuleManager: Shutting down and abandoning module SimplygonMeshReduction (167)
[2018.07.05-15.55.27:438][801]LogModuleManager: Shutting down and abandoning module QuadricMeshReduction (165)
[2018.07.05-15.55.27:438][801]LogModuleManager: Shutting down and abandoning module MaterialBaking (161)
[2018.07.05-15.55.27:438][801]LogModuleManager: Shutting down and abandoning module DirectoryWatcher (157)
[2018.07.05-15.55.27:439][801]LogModuleManager: Shutting down and abandoning module DerivedDataCache (154)
[2018.07.05-15.55.27:506][801]LogDerivedDataCache: Shutdown
[2018.07.05-15.55.27:506][801]LogModuleManager: Shutting down and abandoning module XGEController (152)
[2018.07.05-15.55.27:506][801]LogXGEController: Cleaning working directory: C:/Users/NTI/AppData/Local/Temp/UnrealXGEWorkingDir/
[2018.07.05-15.55.27:507][801]LogModuleManager: Shutting down and abandoning module TargetPlatform (150)
[2018.07.05-15.55.27:507][801]LogModuleManager: Shutting down and abandoning module VulkanShaderFormat (149)
[2018.07.05-15.55.27:507][801]LogModuleManager: Shutting down and abandoning module ShaderFormatVectorVM (147)
[2018.07.05-15.55.27:507][801]LogModuleManager: Shutting down and abandoning module ShaderFormatOpenGL (145)
[2018.07.05-15.55.27:507][801]LogModuleManager: Shutting down and abandoning module ShaderFormatD3D (143)
[2018.07.05-15.55.27:507][801]LogModuleManager: Shutting down and abandoning module MetalShaderFormat (141)
[2018.07.05-15.55.27:507][801]LogModuleManager: Shutting down and abandoning module TextureFormatUncompressed (139)
[2018.07.05-15.55.27:507][801]LogModuleManager: Shutting down and abandoning module TextureFormatPVR (137)
[2018.07.05-15.55.27:507][801]LogModuleManager: Shutting down and abandoning module TextureFormatDXT (135)
[2018.07.05-15.55.27:507][801]LogModuleManager: Shutting down and abandoning module TextureFormatIntelISPCTexComp (133)
[2018.07.05-15.55.27:507][801]LogModuleManager: Shutting down and abandoning module TextureFormatASTC (131)
[2018.07.05-15.55.27:507][801]LogModuleManager: Shutting down and abandoning module ImageWrapper (130)
[2018.07.05-15.55.27:507][801]LogModuleManager: Shutting down and abandoning module TextureFormatAndroid (127)
[2018.07.05-15.55.27:507][801]LogModuleManager: Shutting down and abandoning module AudioFormatOpus (125)
[2018.07.05-15.55.27:507][801]LogModuleManager: Shutting down and abandoning module AudioFormatOgg (123)
[2018.07.05-15.55.27:507][801]LogModuleManager: Shutting down and abandoning module AudioFormatADPCM (121)
[2018.07.05-15.55.27:507][801]LogModuleManager: Shutting down and abandoning module LinuxTargetPlatform (119)
[2018.07.05-15.55.27:507][801]LogModuleManager: Shutting down and abandoning module LinuxServerTargetPlatform (117)
[2018.07.05-15.55.27:507][801]LogModuleManager: Shutting down and abandoning module LinuxNoEditorTargetPlatform (115)
[2018.07.05-15.55.27:507][801]LogModuleManager: Shutting down and abandoning module LinuxClientTargetPlatform (113)
[2018.07.05-15.55.27:507][801]LogModuleManager: Shutting down and abandoning module TVOSTargetPlatform (111)
[2018.07.05-15.55.27:507][801]LogModuleManager: Shutting down and abandoning module Messaging (109)
[2018.07.05-15.55.27:507][801]LogModuleManager: Shutting down and abandoning module IOSTargetPlatform (107)
[2018.07.05-15.55.27:507][801]LogModuleManager: Shutting down and abandoning module HTML5TargetPlatform (105)
[2018.07.05-15.55.27:507][801]LogModuleManager: Shutting down and abandoning module AndroidTargetPlatform (103)
[2018.07.05-15.55.27:507][801]LogModuleManager: Shutting down and abandoning module Android_PVRTCTargetPlatform (101)
[2018.07.05-15.55.27:507][801]LogModuleManager: Shutting down and abandoning module Android_MultiTargetPlatform (99)
[2018.07.05-15.55.27:507][801]LogModuleManager: Shutting down and abandoning module Android_ETC2TargetPlatform (97)
[2018.07.05-15.55.27:507][801]LogModuleManager: Shutting down and abandoning module Android_ETC1TargetPlatform (95)
[2018.07.05-15.55.27:507][801]LogModuleManager: Shutting down and abandoning module Android_ETC1aTargetPlatform (93)
[2018.07.05-15.55.27:507][801]LogModuleManager: Shutting down and abandoning module Android_DXTTargetPlatform (91)
[2018.07.05-15.55.27:507][801]LogModuleManager: Shutting down and abandoning module Android_ATCTargetPlatform (89)
[2018.07.05-15.55.27:507][801]LogModuleManager: Shutting down and abandoning module Android_ASTCTargetPlatform (87)
[2018.07.05-15.55.27:507][801]LogModuleManager: Shutting down and abandoning module WindowsTargetPlatform (85)
[2018.07.05-15.55.27:507][801]LogModuleManager: Shutting down and abandoning module WindowsServerTargetPlatform (83)
[2018.07.05-15.55.27:507][801]LogModuleManager: Shutting down and abandoning module WindowsNoEditorTargetPlatform (81)
[2018.07.05-15.55.27:507][801]LogModuleManager: Shutting down and abandoning module WindowsClientTargetPlatform (79)
[2018.07.05-15.55.27:507][801]LogModuleManager: Shutting down and abandoning module MacTargetPlatform (77)
[2018.07.05-15.55.27:507][801]LogModuleManager: Shutting down and abandoning module MacServerTargetPlatform (75)
[2018.07.05-15.55.27:507][801]LogModuleManager: Shutting down and abandoning module MacNoEditorTargetPlatform (73)
[2018.07.05-15.55.27:507][801]LogModuleManager: Shutting down and abandoning module MacClientTargetPlatform (71)
[2018.07.05-15.55.27:507][801]LogModuleManager: Shutting down and abandoning module AllDesktopTargetPlatform (69)
[2018.07.05-15.55.27:507][801]LogModuleManager: Shutting down and abandoning module InputCore (66)
[2018.07.05-15.55.27:507][801]LogModuleManager: Shutting down and abandoning module Settings (64)
[2018.07.05-15.55.27:508][801]LogModuleManager: Shutting down and abandoning module PhysXCooking (62)
[2018.07.05-15.55.27:508][801]LogModuleManager: Shutting down and abandoning module SteamVR (60)
[2018.07.05-15.55.27:508][801]LogModuleManager: Shutting down and abandoning module OculusHMD (58)
[2018.07.05-15.55.27:508][801]LogModuleManager: Shutting down and abandoning module ExampleDeviceProfileSelector (56)
[2018.07.05-15.55.27:508][801]LogModuleManager: Shutting down and abandoning module AppleARKit (54)
[2018.07.05-15.55.27:508][801]LogModuleManager: Shutting down and abandoning module AugmentedReality (51)
[2018.07.05-15.55.27:508][801]LogModuleManager: Shutting down and abandoning module OnlineBlueprintSupport (48)
[2018.07.05-15.55.27:508][801]LogModuleManager: Shutting down and abandoning module OnlineSubsystem (44)
[2018.07.05-15.55.27:508][801]LogModuleManager: Shutting down and abandoning module XMPP (43)
[2018.07.05-15.55.27:508][801]LogModuleManager: Shutting down and abandoning module HTTP (41)
[2018.07.05-15.55.27:508][801]LogHttp: Display: Http module shutting down, but needs to wait on 1 outstanding Http requests:
[2018.07.05-15.55.27:508][801]LogHttp: Display: 	verb=[POST] url=[https://datarouter.ol.epicgames.com/datarouter/api/v1/public/data?SessionID=%7B77C3F05A-42D9-1074-3CDC-28818F1E6031%7D&AppID=UEEditor.Rocket.Release&AppVersion=4.19.2-4033788%2B%2B%2BUE4%2BRelease-4.19&UserID=e60a136a41b963e820c4648f19b150a9%7C07b09b362d3542dfbc3a0e9119d61f2f%7C258ba680-0669-4804-8e33-27bb93a4e339&AppEnvironment=datacollector-binary&UploadType=eteventstream] status=Processing
[2018.07.05-15.55.27:521][801]LogModuleManager: Shutting down and abandoning module SSL (40)
[2018.07.05-15.55.27:522][801]LogModuleManager: Shutting down and abandoning module AnimationModifiers (36)
[2018.07.05-15.55.27:522][801]LogModuleManager: Shutting down and abandoning module PropertyEditor (35)
[2018.07.05-15.55.27:522][801]LogModuleManager: Shutting down and abandoning module AudioEditor (32)
[2018.07.05-15.55.27:522][801]LogModuleManager: Shutting down and abandoning module TextureCompressor (30)
[2018.07.05-15.55.27:522][801]LogModuleManager: Shutting down and abandoning module ShaderCore (28)
[2018.07.05-15.55.27:522][801]LogModuleManager: Shutting down and abandoning module Landscape (26)
[2018.07.05-15.55.27:522][801]LogModuleManager: Shutting down and abandoning module SlateRHIRenderer (24)
[2018.07.05-15.55.27:523][801]LogModuleManager: Shutting down and abandoning module OpenGLDrv (22)
[2018.07.05-15.55.27:524][801]LogModuleManager: Shutting down and abandoning module D3D11RHI (20)
[2018.07.05-15.55.27:524][801]LogModuleManager: Shutting down and abandoning module AnimGraphRuntime (18)
[2018.07.05-15.55.27:524][801]LogModuleManager: Shutting down and abandoning module Renderer (16)
[2018.07.05-15.55.27:524][801]LogModuleManager: Shutting down and abandoning module Engine (14)
[2018.07.05-15.55.27:524][801]LogModuleManager: Shutting down and abandoning module CoreUObject (12)
[2018.07.05-15.55.27:524][801]LogModuleManager: Shutting down and abandoning module NetworkFile (10)
[2018.07.05-15.55.27:524][801]LogModuleManager: Shutting down and abandoning module CookedIterativeFile (8)
[2018.07.05-15.55.27:524][801]LogModuleManager: Shutting down and abandoning module StreamingFile (6)
[2018.07.05-15.55.27:524][801]LogModuleManager: Shutting down and abandoning module SandboxFile (4)
[2018.07.05-15.55.27:524][801]LogModuleManager: Shutting down and abandoning module PakFile (2)
[2018.07.05-15.55.27:530][801]LogExit: Exiting.
[2018.07.05-15.55.27:541][801]Log file closed, 07/05/18 16:55:27
