Log file open, 07/17/18 13:31:31
LogWindows: Failed to load 'aqProf.dll' (GetLastError=126)
LogWindows: File 'aqProf.dll' does not exist
LogWindows: Failed to load 'VtuneApi.dll' (GetLastError=126)
LogWindows: File 'VtuneApi.dll' does not exist
LogWindows: Failed to load 'VtuneApi32e.dll' (GetLastError=126)
LogWindows: File 'VtuneApi32e.dll' does not exist
LogInit: Display: Running engine for game: GK_Rep
LogPlatformFile: Not using cached read wrapper
LogInit: Display: RandInit(1154542369) SRandInit(1154542369).
LogInit: Read version file with build ID '3944462'
LogInit: Overriding engine version to CL 4033788, compatible CL 3944462
LogInit: Registered custom module enumerator with build ID '3944462'
LogTaskGraph: Started task graph with 5 named threads and 23 total threads with 3 sets of task threads.
LogStats: Stats thread started at 0.282248
LogD3D11RHI: Aftermath initialized
LogICUInternationalization: Display: ICU TimeZone Detection - Raw Offset: +0:00, Platform Override: ''
LogModuleManager: Display: Found up-to-date module file ../../../Engine/Plugins/Marketplace/Substance/Binaries/Win64/UE4Editor-SubstanceCore.dll (API version 3944462).
LogModuleManager: Display: Found up-to-date module file ../../../Engine/Plugins/Marketplace/Substance/Binaries/Win64/UE4Editor-SubstanceEditor.dll (API version 3944462).
LogModuleManager: Display: Found up-to-date module file ../../../Engine/Plugins/Marketplace/Substance/Binaries/Win64/UE4Editor-SubstanceSource.dll (API version 3944462).
LogModuleManager: Display: Found up-to-date module file ../../../Engine/Plugins/Marketplace/Substance/Binaries/Win64/UE4Editor-SubstanceLiveLink.dll (API version 3944462).
LogModuleManager: Display: Found up-to-date module file ../../../Engine/Plugins/2D/Paper2D/Binaries/Win64/UE4Editor-Paper2D.dll (API version 3944462).
LogModuleManager: Display: Found up-to-date module file ../../../Engine/Plugins/2D/Paper2D/Binaries/Win64/UE4Editor-Paper2DEditor.dll (API version 3944462).
LogModuleManager: Display: Found up-to-date module file ../../../Engine/Plugins/2D/Paper2D/Binaries/Win64/UE4Editor-PaperSpriteSheetImporter.dll (API version 3944462).
LogModuleManager: Display: Found up-to-date module file ../../../Engine/Plugins/2D/Paper2D/Binaries/Win64/UE4Editor-PaperTiledImporter.dll (API version 3944462).
LogModuleManager: Display: Found up-to-date module file ../../../Engine/Plugins/2D/Paper2D/Binaries/Win64/UE4Editor-SmartSnapping.dll (API version 3944462).
LogModuleManager: Display: Found up-to-date module file ../../../Engine/Plugins/Blendables/LightPropagationVolume/Binaries/Win64/UE4Editor-LightPropagationVolumeRuntime.dll (API version 3944462).
LogModuleManager: Display: Found up-to-date module file ../../../Engine/Plugins/Blendables/LightPropagationVolume/Binaries/Win64/UE4Editor-LightPropagationVolumeEditor.dll (API version 3944462).
LogModuleManager: Display: Found up-to-date module file ../../../Engine/Plugins/Developer/CLionSourceCodeAccess/Binaries/Win64/UE4Editor-CLionSourceCodeAccess.dll (API version 3944462).
LogModuleManager: Display: Found up-to-date module file ../../../Engine/Plugins/Developer/GitSourceControl/Binaries/Win64/UE4Editor-GitSourceControl.dll (API version 3944462).
LogModuleManager: Display: Found up-to-date module file ../../../Engine/Plugins/Developer/PerforceSourceControl/Binaries/Win64/UE4Editor-PerforceSourceControl.dll (API version 3944462).
LogModuleManager: Display: Found up-to-date module file ../../../Engine/Plugins/Developer/SubversionSourceControl/Binaries/Win64/UE4Editor-SubversionSourceControl.dll (API version 3944462).
LogModuleManager: Display: Found up-to-date module file ../../../Engine/Plugins/Developer/UObjectPlugin/Binaries/Win64/UE4Editor-UObjectPlugin.dll (API version 3944462).
LogModuleManager: Display: Found up-to-date module file ../../../Engine/Plugins/Developer/VisualStudioCodeSourceCodeAccess/Binaries/Win64/UE4Editor-VisualStudioCodeSourceCodeAccess.dll (API version 3944462).
LogModuleManager: Display: Found up-to-date module file ../../../Engine/Plugins/Developer/VisualStudioSourceCodeAccess/Binaries/Win64/UE4Editor-VisualStudioSourceCodeAccess.dll (API version 3944462).
LogModuleManager: Display: Found up-to-date module file ../../../Engine/Plugins/Editor/AssetManagerEditor/Binaries/Win64/UE4Editor-AssetManagerEditor.dll (API version 3944462).
LogModuleManager: Display: Found up-to-date module file ../../../Engine/Plugins/Editor/CryptoKeys/Binaries/Win64/UE4Editor-CryptoKeys.dll (API version 3944462).
LogModuleManager: Display: Found up-to-date module file ../../../Engine/Plugins/Editor/CryptoKeys/Binaries/Win64/UE4Editor-CryptoKeysOpenSSL.dll (API version 3944462).
LogModuleManager: Display: Found up-to-date module file ../../../Engine/Plugins/Editor/DataValidation/Binaries/Win64/UE4Editor-DataValidation.dll (API version 3944462).
LogModuleManager: Display: Found up-to-date module file ../../../Engine/Plugins/Editor/FacialAnimation/Binaries/Win64/UE4Editor-FacialAnimation.dll (API version 3944462).
LogModuleManager: Display: Found up-to-date module file ../../../Engine/Plugins/Editor/FacialAnimation/Binaries/Win64/UE4Editor-FacialAnimationEditor.dll (API version 3944462).
LogModuleManager: Display: Found up-to-date module file ../../../Engine/Plugins/Editor/GameplayTagsEditor/Binaries/Win64/UE4Editor-GameplayTagsEditor.dll (API version 3944462).
LogModuleManager: Display: Found up-to-date module file ../../../Engine/Plugins/Editor/MobileLauncherProfileWizard/Binaries/Win64/UE4Editor-MobileLauncherProfileWizard.dll (API version 3944462).
LogModuleManager: Display: Found up-to-date module file ../../../Engine/Plugins/Editor/PluginBrowser/Binaries/Win64/UE4Editor-PluginBrowser.dll (API version 3944462).
LogModuleManager: Display: Found up-to-date module file ../../../Engine/Plugins/Editor/SpeedTreeImporter/Binaries/Win64/UE4Editor-SpeedTreeImporter.dll (API version 3944462).
LogModuleManager: Display: Found up-to-date module file ../../../Engine/Plugins/Enterprise/DatasmithContent/Binaries/Win64/UE4Editor-DatasmithContent.dll (API version 3944462).
LogModuleManager: Display: Found up-to-date module file ../../../Engine/Plugins/Experimental/AlembicImporter/Binaries/Win64/UE4Editor-AlembicImporter.dll (API version 3944462).
LogModuleManager: Display: Found up-to-date module file ../../../Engine/Plugins/Experimental/AlembicImporter/Binaries/Win64/UE4Editor-AlembicLibrary.dll (API version 3944462).
LogModuleManager: Display: Found up-to-date module file ../../../Engine/Plugins/Experimental/CharacterAI/Binaries/Win64/UE4Editor-CharacterAI.dll (API version 3944462).
LogModuleManager: Display: Found up-to-date module file ../../../Engine/Plugins/Experimental/HTML5Networking/Binaries/Win64/UE4Editor-HTML5Networking.dll (API version 3944462).
LogModuleManager: Display: Found up-to-date module file ../../../Engine/Plugins/Media/AndroidMedia/Binaries/Win64/UE4Editor-AndroidMediaEditor.dll (API version 3944462).
LogModuleManager: Display: Found up-to-date module file ../../../Engine/Plugins/Media/AndroidMedia/Binaries/Win64/UE4Editor-AndroidMediaFactory.dll (API version 3944462).
LogModuleManager: Display: Found up-to-date module file ../../../Engine/Plugins/Media/AvfMedia/Binaries/Win64/UE4Editor-AvfMediaEditor.dll (API version 3944462).
LogModuleManager: Display: Found up-to-date module file ../../../Engine/Plugins/Media/AvfMedia/Binaries/Win64/UE4Editor-AvfMediaFactory.dll (API version 3944462).
LogModuleManager: Display: Found up-to-date module file ../../../Engine/Plugins/Media/AvfMedia/Binaries/Win64/UE4Editor-AvfMediaFactory.dll (API version 3944462).
LogModuleManager: Display: Found up-to-date module file ../../../Engine/Plugins/Media/ImgMedia/Binaries/Win64/UE4Editor-ImgMedia.dll (API version 3944462).
LogModuleManager: Display: Found up-to-date module file ../../../Engine/Plugins/Media/ImgMedia/Binaries/Win64/UE4Editor-ImgMediaEditor.dll (API version 3944462).
LogModuleManager: Display: Found up-to-date module file ../../../Engine/Plugins/Media/ImgMedia/Binaries/Win64/UE4Editor-ImgMediaFactory.dll (API version 3944462).
LogModuleManager: Display: Found up-to-date module file ../../../Engine/Plugins/Media/ImgMedia/Binaries/Win64/UE4Editor-ImgMediaFactory.dll (API version 3944462).
LogModuleManager: Display: Found up-to-date module file ../../../Engine/Plugins/Media/ImgMedia/Binaries/Win64/UE4Editor-OpenExrWrapper.dll (API version 3944462).
LogModuleManager: Display: Found up-to-date module file ../../../Engine/Plugins/Media/LinearTimecode/Binaries/Win64/UE4Editor-LinearTimecode.dll (API version 3944462).
LogModuleManager: Display: Found up-to-date module file ../../../Engine/Plugins/Media/MediaCompositing/Binaries/Win64/UE4Editor-MediaCompositing.dll (API version 3944462).
LogModuleManager: Display: Found up-to-date module file ../../../Engine/Plugins/Media/MediaCompositing/Binaries/Win64/UE4Editor-MediaCompositingEditor.dll (API version 3944462).
LogModuleManager: Display: Found up-to-date module file ../../../Engine/Plugins/Media/MediaPlayerEditor/Binaries/Win64/UE4Editor-MediaPlayerEditor.dll (API version 3944462).
LogModuleManager: Display: Found up-to-date module file ../../../Engine/Plugins/Media/WmfMedia/Binaries/Win64/UE4Editor-WmfMedia.dll (API version 3944462).
LogModuleManager: Display: Found up-to-date module file ../../../Engine/Plugins/Media/WmfMedia/Binaries/Win64/UE4Editor-WmfMediaEditor.dll (API version 3944462).
LogModuleManager: Display: Found up-to-date module file ../../../Engine/Plugins/Media/WmfMedia/Binaries/Win64/UE4Editor-WmfMediaFactory.dll (API version 3944462).
LogModuleManager: Display: Found up-to-date module file ../../../Engine/Plugins/Media/WmfMedia/Binaries/Win64/UE4Editor-WmfMediaFactory.dll (API version 3944462).
LogModuleManager: Display: Found up-to-date module file ../../../Engine/Plugins/Messaging/TcpMessaging/Binaries/Win64/UE4Editor-TcpMessaging.dll (API version 3944462).
LogModuleManager: Display: Found up-to-date module file ../../../Engine/Plugins/Messaging/UdpMessaging/Binaries/Win64/UE4Editor-UdpMessaging.dll (API version 3944462).
LogModuleManager: Display: Found up-to-date module file ../../../Engine/Plugins/MovieScene/ActorSequence/Binaries/Win64/UE4Editor-ActorSequence.dll (API version 3944462).
LogModuleManager: Display: Found up-to-date module file ../../../Engine/Plugins/MovieScene/LevelSequenceEditor/Binaries/Win64/UE4Editor-LevelSequenceEditor.dll (API version 3944462).
LogModuleManager: Display: Found up-to-date module file ../../../Engine/Plugins/MovieScene/MatineeToLevelSequence/Binaries/Win64/UE4Editor-MatineeToLevelSequence.dll (API version 3944462).
LogModuleManager: Display: Found up-to-date module file ../../../Engine/Plugins/NetcodeUnitTest/NetcodeUnitTest/Binaries/Win64/UE4Editor-NetcodeUnitTest.dll (API version 3944462).
LogModuleManager: Display: Found up-to-date module file ../../../Engine/Plugins/NetcodeUnitTest/NUTUnrealEngine4/Binaries/Win64/UE4Editor-NUTUnrealEngine4.dll (API version 3944462).
LogModuleManager: Display: Found up-to-date module file ../../../Engine/Plugins/Online/OnlineSubsystem/Binaries/Win64/UE4Editor-OnlineSubsystem.dll (API version 3944462).
LogModuleManager: Display: Found up-to-date module file ../../../Engine/Plugins/Runtime/AndroidPermission/Binaries/Win64/UE4Editor-AndroidPermission.dll (API version 3944462).
LogModuleManager: Display: Found up-to-date module file ../../../Engine/Plugins/Online/OnlineSubsystemNull/Binaries/Win64/UE4Editor-OnlineSubsystemNull.dll (API version 3944462).
LogModuleManager: Display: Found up-to-date module file ../../../Engine/Plugins/Online/OnlineSubsystemUtils/Binaries/Win64/UE4Editor-OnlineSubsystemUtils.dll (API version 3944462).
LogModuleManager: Display: Found up-to-date module file ../../../Engine/Plugins/Online/OnlineSubsystemUtils/Binaries/Win64/UE4Editor-OnlineBlueprintSupport.dll (API version 3944462).
LogModuleManager: Display: Found up-to-date module file ../../../Engine/Plugins/Runtime/AndroidDeviceProfileSelector/Binaries/Win64/UE4Editor-AndroidDeviceProfileSelector.dll (API version 3944462).
LogModuleManager: Display: Found up-to-date module file ../../../Engine/Plugins/Runtime/AppleARKit/Binaries/Win64/UE4Editor-AppleARKit.dll (API version 3944462).
LogModuleManager: Display: Found up-to-date module file ../../../Engine/Plugins/Runtime/ProceduralMeshComponent/Binaries/Win64/UE4Editor-ProceduralMeshComponent.dll (API version 3944462).
LogModuleManager: Display: Found up-to-date module file ../../../Engine/Plugins/Runtime/ProceduralMeshComponent/Binaries/Win64/UE4Editor-ProceduralMeshComponentEditor.dll (API version 3944462).
LogModuleManager: Display: Found up-to-date module file ../../../Engine/Plugins/Animation/LiveLink/Binaries/Win64/UE4Editor-LiveLink.dll (API version 3944462).
LogModuleManager: Display: Found up-to-date module file ../../../Engine/Plugins/Animation/LiveLink/Binaries/Win64/UE4Editor-LiveLinkEditor.dll (API version 3944462).
LogModuleManager: Display: Found up-to-date module file ../../../Engine/Plugins/Runtime/ArchVisCharacter/Binaries/Win64/UE4Editor-ArchVisCharacter.dll (API version 3944462).
LogModuleManager: Display: Found up-to-date module file ../../../Engine/Plugins/Runtime/AudioCapture/Binaries/Win64/UE4Editor-AudioCapture.dll (API version 3944462).
LogModuleManager: Display: Found up-to-date module file ../../../Engine/Plugins/Runtime/AudioCapture/Binaries/Win64/UE4Editor-AudioCaptureEditor.dll (API version 3944462).
LogModuleManager: Display: Found up-to-date module file ../../../Engine/Plugins/Runtime/CableComponent/Binaries/Win64/UE4Editor-CableComponent.dll (API version 3944462).
LogModuleManager: Display: Found up-to-date module file ../../../Engine/Plugins/Runtime/CustomMeshComponent/Binaries/Win64/UE4Editor-CustomMeshComponent.dll (API version 3944462).
LogModuleManager: Display: Found up-to-date module file ../../../Engine/Plugins/Runtime/ExampleDeviceProfileSelector/Binaries/Win64/UE4Editor-ExampleDeviceProfileSelector.dll (API version 3944462).
LogModuleManager: Display: Found up-to-date module file ../../../Engine/Plugins/Runtime/ImmediatePhysics/Binaries/Win64/UE4Editor-ImmediatePhysics.dll (API version 3944462).
LogModuleManager: Display: Found up-to-date module file ../../../Engine/Plugins/Runtime/ImmediatePhysics/Binaries/Win64/UE4Editor-ImmediatePhysicsEditor.dll (API version 3944462).
LogModuleManager: Display: Found up-to-date module file ../../../Engine/Plugins/Runtime/LocationServicesBPLibrary/Binaries/Win64/UE4Editor-LocationServicesBPLibrary.dll (API version 3944462).
LogModuleManager: Display: Found up-to-date module file ../../../Engine/Plugins/Runtime/MobilePatchingUtils/Binaries/Win64/UE4Editor-MobilePatchingUtils.dll (API version 3944462).
LogModuleManager: Display: Found up-to-date module file ../../../Engine/Plugins/Runtime/Oculus/OculusVR/Binaries/Win64/UE4Editor-OculusHMD.dll (API version 3944462).
LogModuleManager: Display: Found up-to-date module file ../../../Engine/Plugins/Runtime/Oculus/OculusVR/Binaries/Win64/UE4Editor-OculusInput.dll (API version 3944462).
LogModuleManager: Display: Found up-to-date module file ../../../Engine/Plugins/Runtime/Oculus/OculusVR/Binaries/Win64/UE4Editor-OculusEditor.dll (API version 3944462).
LogModuleManager: Display: Found up-to-date module file ../../../Engine/Plugins/Runtime/PhysXVehicles/Binaries/Win64/UE4Editor-PhysXVehicles.dll (API version 3944462).
LogModuleManager: Display: Found up-to-date module file ../../../Engine/Plugins/Runtime/PhysXVehicles/Binaries/Win64/UE4Editor-PhysXVehiclesEditor.dll (API version 3944462).
LogModuleManager: Display: Found up-to-date module file ../../../Engine/Plugins/Runtime/RuntimePhysXCooking/Binaries/Win64/UE4Editor-RuntimePhysXCooking.dll (API version 3944462).
LogModuleManager: Display: Found up-to-date module file ../../../Engine/Plugins/Runtime/Steam/SteamVR/Binaries/Win64/UE4Editor-SteamVR.dll (API version 3944462).
LogModuleManager: Display: Found up-to-date module file ../../../Engine/Plugins/Runtime/Steam/SteamVR/Binaries/Win64/UE4Editor-SteamVRController.dll (API version 3944462).
LogModuleManager: Display: Found up-to-date module file ../../../Engine/Plugins/Runtime/WindowsMoviePlayer/Binaries/Win64/UE4Editor-WindowsMoviePlayer.dll (API version 3944462).
LogPluginManager: Mounting plugin Paper2D
LogPluginManager: Mounting plugin LiveLink
LogPluginManager: Mounting plugin LightPropagationVolume
LogPluginManager: Mounting plugin CLionSourceCodeAccess
LogPluginManager: Mounting plugin CodeLiteSourceCodeAccess
LogPluginManager: Mounting plugin GitSourceControl
LogPluginManager: Mounting plugin KDevelopSourceCodeAccess
LogPluginManager: Mounting plugin NullSourceCodeAccess
LogPluginManager: Mounting plugin PerforceSourceControl
LogPluginManager: Mounting plugin SubversionSourceControl
LogPluginManager: Mounting plugin UObjectPlugin
LogPluginManager: Mounting plugin VisualStudioCodeSourceCodeAccess
LogPluginManager: Mounting plugin VisualStudioSourceCodeAccess
LogPluginManager: Mounting plugin XCodeSourceCodeAccess
LogPluginManager: Mounting plugin AssetManagerEditor
LogPluginManager: Mounting plugin CryptoKeys
LogPluginManager: Mounting plugin DataValidation
LogPluginManager: Mounting plugin FacialAnimation
LogPluginManager: Mounting plugin GameplayTagsEditor
LogPluginManager: Mounting plugin MobileLauncherProfileWizard
LogPluginManager: Mounting plugin PluginBrowser
LogPluginManager: Mounting plugin SpeedTreeImporter
LogPluginManager: Mounting plugin DatasmithContent
LogPluginManager: Mounting plugin AlembicImporter
LogPluginManager: Mounting plugin CharacterAI
LogPluginManager: Mounting plugin HTML5Networking
LogPluginManager: Mounting plugin Substance
LogPluginManager: Mounting plugin AndroidMedia
LogPluginManager: Mounting plugin AvfMedia
LogPluginManager: Mounting plugin ImgMedia
LogPluginManager: Mounting plugin LinearTimecode
LogPluginManager: Mounting plugin MediaCompositing
LogPluginManager: Mounting plugin MediaPlayerEditor
LogPluginManager: Mounting plugin WmfMedia
LogPluginManager: Mounting plugin TcpMessaging
LogPluginManager: Mounting plugin UdpMessaging
LogPluginManager: Mounting plugin ActorSequence
LogPluginManager: Mounting plugin LevelSequenceEditor
LogPluginManager: Mounting plugin MatineeToLevelSequence
LogPluginManager: Mounting plugin NetcodeUnitTest
LogPluginManager: Mounting plugin NUTUnrealEngine4
LogPluginManager: Mounting plugin OnlineSubsystemGooglePlay
LogPluginManager: Mounting plugin OnlineSubsystemIOS
LogPluginManager: Mounting plugin OnlineSubsystem
LogPluginManager: Mounting plugin OnlineSubsystemNull
LogPluginManager: Mounting plugin OnlineSubsystemUtils
LogPluginManager: Mounting plugin AndroidDeviceProfileSelector
LogPluginManager: Mounting plugin AndroidMoviePlayer
LogPluginManager: Mounting plugin AndroidPermission
LogPluginManager: Mounting plugin AppleARKit
LogPluginManager: Mounting plugin AppleMoviePlayer
LogPluginManager: Mounting plugin ArchVisCharacter
LogPluginManager: Mounting plugin AudioCapture
LogPluginManager: Mounting plugin CableComponent
LogPluginManager: Mounting plugin CustomMeshComponent
LogPluginManager: Mounting plugin ExampleDeviceProfileSelector
LogPluginManager: Mounting plugin GoogleCloudMessaging
LogPluginManager: Mounting plugin ImmediatePhysics
LogPluginManager: Mounting plugin IOSDeviceProfileSelector
LogPluginManager: Mounting plugin LinuxDeviceProfileSelector
LogPluginManager: Mounting plugin LocationServicesBPLibrary
LogPluginManager: Mounting plugin MobilePatchingUtils
LogPluginManager: Mounting plugin OculusVR
LogPluginManager: Plugin shader directory ../../../Engine/Plugins/Runtime/Oculus/OculusVR/Shaders found
LogPluginManager: Mapping shader source directory ../../../Engine/Plugins/Runtime/Oculus/OculusVR/Shaders to virtual directory /Plugin/OculusVR
LogPluginManager: Mounting plugin PhysXVehicles
LogPluginManager: Mounting plugin ProceduralMeshComponent
LogPluginManager: Mounting plugin RuntimePhysXCooking
LogPluginManager: Mounting plugin SteamVR
LogPluginManager: Mounting plugin WindowsMoviePlayer
LogStreaming: Display: Took  0.916s to configure plugins.
LogInit: Using libcurl 7.47.1
LogInit:  - built for x86_64-pc-win32
LogInit:  - supports SSL with OpenSSL/1.0.2g
LogInit:  - supports HTTP deflate (compression) using libz 1.2.8
LogInit:  - other features:
LogInit:      CURL_VERSION_SSL
LogInit:      CURL_VERSION_LIBZ
LogInit:      CURL_VERSION_IPV6
LogInit:      CURL_VERSION_ASYNCHDNS
LogInit:      CURL_VERSION_LARGEFILE
LogInit:      CURL_VERSION_IDN
LogInit:  CurlRequestOptions (configurable via config and command line):
LogInit:  - bVerifyPeer = false  - Libcurl will NOT verify peer certificate
LogInit:  - bUseHttpProxy = false  - Libcurl will NOT use HTTP proxy
LogInit:  - bDontReuseConnections = false  - Libcurl will reuse connections
LogInit:  - CertBundlePath = nullptr  - Libcurl will use whatever was configured at build time.
LogInit:  - MaxHostConnections = 16  - Libcurl will limit the number of connections to a host
LogInit:  - LocalHostAddr = Default
LogInit: WinSock: version 1.1 (2.2), MaxSocks=32767, MaxUdp=65467
LogInit: WinSock: I am PC0F5A34 (192.168.137.1:0)
LogInit: Build: ++UE4+Release-4.19-CL-4033788
LogInit: Engine Version: 4.19.2-4033788+++UE4+Release-4.19
LogInit: Compatible Engine Version: 4.19.0-3944462+++UE4+Release-4.19
LogInit: Net CL: 3944462
LogDevObjectVersion: Number of dev versions registered: 18
LogDevObjectVersion:   Dev-Blueprints (B0D832E4-1F89-4F0D-ACCF-7EB736FD4AA2): 10
LogDevObjectVersion:   Dev-Build (E1C64328-A22C-4D53-A36C-8E866417BD8C): 0
LogDevObjectVersion:   Dev-Core (375EC13C-06E4-48FB-B500-84F0262A717E): 2
LogDevObjectVersion:   Dev-Editor (E4B068ED-F494-42E9-A231-DA0B2E46BB41): 23
LogDevObjectVersion:   Dev-Framework (CFFC743F-43B0-4480-9391-14DF171D2073): 33
LogDevObjectVersion:   Dev-Mobile (B02B49B5-BB20-44E9-A304-32B752E40360): 2
LogDevObjectVersion:   Dev-Networking (A4E4105C-59A1-49B5-A7C5-40C4547EDFEE): 0
LogDevObjectVersion:   Dev-Online (39C831C9-5AE6-47DC-9A44-9C173E1C8E7C): 0
LogDevObjectVersion:   Dev-Physics (78F01B33-EBEA-4F98-B9B4-84EACCB95AA2): 0
LogDevObjectVersion:   Dev-Platform (6631380F-2D4D-43E0-8009-CF276956A95A): 0
LogDevObjectVersion:   Dev-Rendering (12F88B9F-8875-4AFC-A67C-D90C383ABD29): 25
LogDevObjectVersion:   Dev-Sequencer (7B5AE74C-D270-4C10-A958-57980B212A5A): 6
LogDevObjectVersion:   Dev-VR (D7296918-1DD6-4BDD-9DE2-64A83CC13884): 1
LogDevObjectVersion:   Dev-LoadTimes (C2A15278-BFE7-4AFE-6C17-90FF531DF755): 1
LogDevObjectVersion:   Private-Geometry (6EACA3D4-40EC-4CC1-B786-8BED09428FC5): 2
LogDevObjectVersion:   Dev-AnimPhys (29E575DD-E0A3-4627-9D10-D276232CDCEA): 16
LogDevObjectVersion:   Dev-ReflectionCapture (6B266CEC-1EC7-4B8F-A30B-E4D90942FC07): 1
LogDevObjectVersion:   Dev-Automation (0DF73D61-A23F-47EA-B727-89E90C41499A): 1
LogInit: Compiled (64-bit): Apr 27 2018 02:06:57
LogInit: Compiled with Visual C++: 19.00.24215.01
LogInit: Build Configuration: Development
LogInit: Branch Name: ++UE4+Release-4.19
LogInit: Command Line:  
LogInit: Base Directory: C:/Program Files/Epic Games/UE_4.19/Engine/Binaries/Win64/
LogInit: Installed Engine Build: 1
LogStreaming: Display: Took  0.000s to delete old logs.
LogInit: Presizing for max 8388607 objects, including 0 objects not considered by GC, pre-allocating 0 bytes for permanent pool.
LogInit: Object subsystem initialized
[2018.07.17-12.31.33:042][  0]LogInit: Selected Device Profile: [Windows]
[2018.07.17-12.31.33:042][  0]LogInit: Applying CVar settings loaded from the selected device profile: [Windows]
[2018.07.17-12.31.33:058][  0]LogInit: Computer: PC0F5A34
[2018.07.17-12.31.33:058][  0]LogInit: User: NTI
[2018.07.17-12.31.33:058][  0]LogInit: CPU Page size=4096, Cores=4
[2018.07.17-12.31.33:058][  0]LogInit: High frequency timer resolution =2.531250 MHz
[2018.07.17-12.31.33:059][  0]LogMemory: Memory total: Physical=15.9GB (16GB approx)
[2018.07.17-12.31.33:059][  0]LogMemory: Platform Memory Stats for Windows
[2018.07.17-12.31.33:059][  0]LogMemory: Process Physical Memory: 274.45 MB used, 274.45 MB peak
[2018.07.17-12.31.33:059][  0]LogMemory: Process Virtual Memory: 264.86 MB used, 264.86 MB peak
[2018.07.17-12.31.33:059][  0]LogMemory: Physical Memory: 5665.77 MB used,  10612.82 MB free, 16278.59 MB total
[2018.07.17-12.31.33:059][  0]LogMemory: Virtual Memory: 4794.23 MB used,  10612.82 MB free, 134217728.00 MB total
[2018.07.17-12.31.33:080][  0]LogInit: Using OS detected language (en-US).
[2018.07.17-12.31.33:080][  0]LogInit: Using OS detected locale (en-GB).
[2018.07.17-12.31.33:083][  0]LogTextLocalizationManager: No specific localization for 'en-US' exists, so the 'en' localization will be used.
[2018.07.17-12.31.33:551][  0]LogStreaming: Display: Took  0.471s to EndInitTextLocalization.
[2018.07.17-12.31.33:551][  0]LogInit: Setting process to per monitor DPI aware
[2018.07.17-12.31.33:619][  0]LogSlate: New Slate User Created.  User Index 0, Is Virtual User: 0
[2018.07.17-12.31.33:619][  0]LogSlate: Slate User Registered.  User Index 0, Is Virtual User: 0
[2018.07.17-12.31.33:836][  0]LogD3D11RHI: D3D11 adapters:
[2018.07.17-12.31.33:879][  0]LogD3D11RHI:    0. 'NVIDIA Quadro M1000M' (Feature Level 11_0)
[2018.07.17-12.31.33:879][  0]LogD3D11RHI:       4053/0/8139 MB DedicatedVideo/DedicatedSystem/SharedSystem, Outputs:2, VendorId:0x10de
[2018.07.17-12.31.33:881][  0]LogD3D11RHI:    1. 'Microsoft Basic Render Driver' (Feature Level 11_0)
[2018.07.17-12.31.33:881][  0]LogD3D11RHI:       0/0/8139 MB DedicatedVideo/DedicatedSystem/SharedSystem, Outputs:0, VendorId:0x1414
[2018.07.17-12.31.33:881][  0]LogD3D11RHI: Chosen D3D11 Adapter: 0
[2018.07.17-12.31.33:886][  0]LogD3D11RHI: Creating new Direct3DDevice
[2018.07.17-12.31.33:886][  0]LogD3D11RHI:     GPU DeviceId: 0x13b1 (for the marketing name, search the web for "GPU Device Id")
[2018.07.17-12.31.33:886][  0]LogWindows: EnumDisplayDevices:
[2018.07.17-12.31.33:886][  0]LogWindows:    0. 'NVIDIA Quadro M1000M' (P:1 D:1)
[2018.07.17-12.31.33:886][  0]LogWindows:    1. 'NVIDIA Quadro M1000M' (P:0 D:1)
[2018.07.17-12.31.33:887][  0]LogWindows:    2. 'NVIDIA Quadro M1000M' (P:0 D:0)
[2018.07.17-12.31.33:887][  0]LogWindows:    3. 'NVIDIA Quadro M1000M' (P:0 D:0)
[2018.07.17-12.31.33:887][  0]LogWindows: DebugString: GetVideoDriverDetailsInvalid PrimaryIsNotTheChoosenAdapter GetVideoDriverDetailsInvalid PrimaryIsNotTheChoosenAdapter GetVideoDriverDetailsInvalid PrimaryIsNotTheChoosenAdapter GetVideoDriverDetailsInvalid PrimaryIsNotTheChoosenAdapter FoundDriverCount:0 
[2018.07.17-12.31.33:887][  0]LogD3D11RHI:     Adapter Name: NVIDIA Quadro M1000M
[2018.07.17-12.31.33:887][  0]LogD3D11RHI:   Driver Version: Unknown (internal:Unknown, unified:Unknown)
[2018.07.17-12.31.33:887][  0]LogD3D11RHI:      Driver Date: Unknown
[2018.07.17-12.31.33:887][  0]LogRHI: Texture pool is 2837 MB (70% of 4053 MB)
[2018.07.17-12.31.33:916][  0]LogD3D11RHI: [Aftermath] Aftermath enabled and primed
[2018.07.17-12.31.33:916][  0]LogD3D11RHI: [Aftermath] Aftermath enabled and primed
[2018.07.17-12.31.33:916][  0]LogD3D11RHI: Async texture creation enabled
[2018.07.17-12.31.33:933][  0]LogD3D11RHI: GPU Timing Frequency: 1000.000000 (Debug: 2 2)
[2018.07.17-12.31.34:024][  0]LogShaderCompilers: Guid format shader working directory is -6 characters bigger than the processId version (../../../../../../Users/NTI/Documents/GitHub/GK_Rep/Intermediate/Shaders/WorkingDirectory/988/).
[2018.07.17-12.31.34:025][  0]LogShaderCompilers: Cleaned the shader compiler working directory 'C:/Users/NTI/AppData/Local/Temp/UnrealShaderWorkingDir/A7E32E82409CC5F008958D82FA3EEBB1/'.
[2018.07.17-12.31.34:222][  0]LogTemp: Display: Loaded TP AllDesktopTargetPlatform
[2018.07.17-12.31.34:237][  0]LogTemp: Display: Loaded TP MacClientTargetPlatform
[2018.07.17-12.31.34:252][  0]LogTemp: Display: Loaded TP MacNoEditorTargetPlatform
[2018.07.17-12.31.34:266][  0]LogTemp: Display: Loaded TP MacServerTargetPlatform
[2018.07.17-12.31.34:282][  0]LogTemp: Display: Loaded TP MacTargetPlatform
[2018.07.17-12.31.34:296][  0]LogTemp: Display: Loaded TP WindowsClientTargetPlatform
[2018.07.17-12.31.34:311][  0]LogTemp: Display: Loaded TP WindowsNoEditorTargetPlatform
[2018.07.17-12.31.34:325][  0]LogTemp: Display: Loaded TP WindowsServerTargetPlatform
[2018.07.17-12.31.34:332][  0]LogTemp: Display: Loaded TP WindowsTargetPlatform
[2018.07.17-12.31.34:346][  0]LogTemp: Display: Loaded TP Android_ASTCTargetPlatform
[2018.07.17-12.31.34:357][  0]LogTemp: Display: Loaded TP Android_ATCTargetPlatform
[2018.07.17-12.31.34:369][  0]LogTemp: Display: Loaded TP Android_DXTTargetPlatform
[2018.07.17-12.31.34:383][  0]LogTemp: Display: Loaded TP Android_ETC1aTargetPlatform
[2018.07.17-12.31.34:395][  0]LogTemp: Display: Loaded TP Android_ETC1TargetPlatform
[2018.07.17-12.31.34:407][  0]LogTemp: Display: Loaded TP Android_ETC2TargetPlatform
[2018.07.17-12.31.34:434][  0]LogTemp: Display: Loaded TP Android_MultiTargetPlatform
[2018.07.17-12.31.34:434][  0]LogTemp: Display: Loaded TP Android_PVRTCTargetPlatform
[2018.07.17-12.31.34:448][  0]LogTemp: Display: Loaded TP AndroidTargetPlatform
[2018.07.17-12.31.34:449][  0]LogTemp: Display: Loaded TP HTML5TargetPlatform
[2018.07.17-12.31.34:486][  0]LogTemp: Display: Loaded TP IOSTargetPlatform
[2018.07.17-12.31.34:498][  0]LogTemp: Display: Loaded TP TVOSTargetPlatform
[2018.07.17-12.31.34:512][  0]LogTemp: Display: Loaded TP LinuxClientTargetPlatform
[2018.07.17-12.31.34:524][  0]LogTemp: Display: Loaded TP LinuxNoEditorTargetPlatform
[2018.07.17-12.31.34:536][  0]LogTemp: Display: Loaded TP LinuxServerTargetPlatform
[2018.07.17-12.31.34:551][  0]LogTemp: Display: Loaded TP LinuxTargetPlatform
[2018.07.17-12.31.34:551][  0]LogTargetPlatformManager: Display: Building Assets For Windows
[2018.07.17-12.31.34:664][  0]LogXGEController: Cleaning working directory: C:/Users/NTI/AppData/Local/Temp/UnrealXGEWorkingDir/
[2018.07.17-12.31.34:664][  0]LogXGEController: Cannot use XGE Controller as Incredibuild is not installed on this machine.
[2018.07.17-12.31.34:665][  0]LogShaderCompilers: Cannot use XGE Shader Compiler as Incredibuild is not installed on this machine.
[2018.07.17-12.31.34:665][  0]LogShaderCompilers: Display: Using Local Shader Compiler.
[2018.07.17-12.31.35:395][  0]LogDerivedDataCache: Display: Max Cache Size: 512 MB
[2018.07.17-12.31.35:470][  0]LogDerivedDataCache: Loaded boot cache 0.08s 75MB C:/Users/NTI/AppData/Local/UnrealEngine/4.19/DerivedDataCache/Boot.ddc.
[2018.07.17-12.31.35:470][  0]LogDerivedDataCache: Display: Loaded Boot cache: C:/Users/NTI/AppData/Local/UnrealEngine/4.19/DerivedDataCache/Boot.ddc
[2018.07.17-12.31.35:470][  0]LogDerivedDataCache: FDerivedDataBackendGraph:  Pak pak cache file ../../../../../../Users/NTI/Documents/GitHub/GK_Rep/DerivedDataCache/DDC.ddp not found, will not use a pak cache.
[2018.07.17-12.31.35:470][  0]LogDerivedDataCache: Unable to find inner node Pak for hierarchical cache Hierarchy.
[2018.07.17-12.31.35:470][  0]LogDerivedDataCache: FDerivedDataBackendGraph:  CompressedPak pak cache file ../../../../../../Users/NTI/Documents/GitHub/GK_Rep/DerivedDataCache/Compressed.ddp not found, will not use a pak cache.
[2018.07.17-12.31.35:470][  0]LogDerivedDataCache: Unable to find inner node CompressedPak for hierarchical cache Hierarchy.
[2018.07.17-12.31.35:490][  0]LogDerivedDataCache: Display: Pak cache opened for reading ../../../Engine/DerivedDataCache/Compressed.ddp.
[2018.07.17-12.31.35:503][  0]LogDerivedDataCache: Using Local data cache path C:/Users/NTI/AppData/Local/UnrealEngine/Common/DerivedDataCache: Writable
[2018.07.17-12.31.35:503][  0]LogDerivedDataCache: Shared data cache path not found in *engine.ini, will not use an Shared cache.
[2018.07.17-12.31.35:503][  0]LogDerivedDataCache: Unable to find inner node Shared for hierarchical cache Hierarchy.
[2018.07.17-12.31.35:517][  0]LogMaterial: Verifying Global Shaders for PCD3D_SM5
[2018.07.17-12.31.35:517][  0]LogSlate: Using Freetype 2.6.0
[2018.07.17-12.31.35:518][  0]LogSlate: SlateFontCache - WITH_FREETYPE: 1, WITH_HARFBUZZ: 1
[2018.07.17-12.31.35:518][  0]LogSlate: SlateFontCache - WITH_FREETYPE: 1, WITH_HARFBUZZ: 1
[2018.07.17-12.31.35:640][  0]LogAssetRegistry: FAssetRegistry took 0.0269 seconds to start up
[2018.07.17-12.31.35:979][  0]LogInit: Selected Device Profile: [Windows]
[2018.07.17-12.31.36:138][  0]LogSimplygon: Simplygon DLL not present - disabling.
[2018.07.17-12.31.36:141][  0]LogMeshReduction: Using SimplygonSwarm for distributed automatic mesh merging
[2018.07.17-12.31.36:141][  0]LogMeshReduction: Using QuadricMeshReduction for automatic static mesh reduction
[2018.07.17-12.31.36:141][  0]LogMeshReduction: No automatic skeletal mesh reduction module available
[2018.07.17-12.31.36:141][  0]LogMeshReduction: No automatic mesh merging module available
[2018.07.17-12.31.36:141][  0]LogMeshMerging: No automatic mesh merging module available
[2018.07.17-12.31.36:197][  0]LogNetVersion: GK_Rep , NetCL: 3944462, EngineNetVer: 2, GameNetVer: 0 (Checksum: 181273889)
[2018.07.17-12.31.36:744][  0]LogPackageLocalizationCache: Processed 9 localized package path(s) for 2 prioritized culture(s) in 0.094095 seconds
[2018.07.17-12.31.36:750][  0]LogUObjectArray: 36728 objects as part of root set at end of initial load.
[2018.07.17-12.31.36:750][  0]LogUObjectAllocator: 7314312 out of 0 bytes used by permanent object pool.
[2018.07.17-12.31.36:750][  0]LogUObjectArray: CloseDisregardForGC: 0/0 objects in disregard for GC pool
[2018.07.17-12.31.38:619][  0]LogSubstanceCoreModule: Substance [CPU] Engine Loaded, Max Texture Size = 2048
[2018.07.17-12.31.38:638][  0]LogTcpMessaging: Initializing TcpMessaging bridge
[2018.07.17-12.31.38:665][  0]LogUdpMessaging: Initializing bridge on interface 0.0.0.0:0 to multicast group 230.0.0.1:6666.
[2018.07.17-12.31.39:002][  0]SourceControl: Source control is disabled
[2018.07.17-12.31.39:776][  0]LogAndroidPermission: UAndroidPermissionCallbackProxy::GetInstance
[2018.07.17-12.31.39:927][  0]LogOcInput: OculusInput pre-init called
[2018.07.17-12.31.40:192][  0]LogEngine: Initializing Engine...
[2018.07.17-12.31.40:194][  0]LogHMD: Failed to initialize OpenVR with code 110
[2018.07.17-12.31.40:196][  0]LogStats: UGameplayTagsManager::ConstructGameplayTagTree: Construct from data asset -  0.000 s
[2018.07.17-12.31.40:196][  0]LogStats: UGameplayTagsManager::ConstructGameplayTagTree: GameplayTagTreeChangedEvent.Broadcast -  0.000 s
[2018.07.17-12.31.40:478][  0]LogAIModule: Creating AISystem for world Untitled
[2018.07.17-12.31.40:501][  0]LogInit: XAudio2 using 'V652 (NVIDIA High Definition Audio)' : 2 channels at 48 kHz using 16 bits per sample (channel mask 0x3)
[2018.07.17-12.31.40:514][  0]LogInit: FAudioDevice initialized.
[2018.07.17-12.31.40:601][  0]LogDerivedDataCache: Saved boot cache 0.09s 75MB C:/Users/NTI/AppData/Local/UnrealEngine/4.19/DerivedDataCache/Boot.ddc.
[2018.07.17-12.31.40:612][  0]LogInit: Texture streaming: Enabled
[2018.07.17-12.31.40:628][  0]LogEngineSessionManager: EngineSessionManager initialized
[2018.07.17-12.31.40:641][  0]LogInit: Transaction tracking system initialized
[2018.07.17-12.31.40:667][  0]BlueprintLog: New page: Editor Load
[2018.07.17-12.31.40:755][  0]LocalizationService: Localization service is disabled
[2018.07.17-12.31.40:871][  0]LogConsoleResponse: Display: 
[2018.07.17-12.31.41:042][  0]LogCook: Display: Max memory allowance for cook 16384mb min free memory 0mb
[2018.07.17-12.31.41:042][  0]LogCook: Display: Mobile HDR setting 1
[2018.07.17-12.31.41:042][  0]LogGameplayTags: Display: UGameplayTagsManager::DoneAddingNativeTags. DelegateIsBound: 0
[2018.07.17-12.31.41:042][  0]LogStats: UGameplayTagsManager::ConstructGameplayTagTree: Construct from data asset -  0.000 s
[2018.07.17-12.31.41:042][  0]LogStats: UGameplayTagsManager::ConstructGameplayTagTree: GameplayTagTreeChangedEvent.Broadcast -  0.000 s
[2018.07.17-12.31.41:395][  0]LogFileCache: Scanning file cache for directory 'C:/Users/NTI/Documents/GitHub/GK_Rep/Content/' took 0.02s
[2018.07.17-12.31.41:395][  0]Cmd: MAP LOAD FILE="../../../../../../Users/NTI/Documents/GitHub/GK_Rep/Content/Maps/Map_01.umap" TEMPLATE=0 SHOWPROGRESS=1 FEATURELEVEL=3
[2018.07.17-12.31.41:395][  0]LightingResults: New page: Lighting Build
[2018.07.17-12.31.41:398][  0]MapCheck: New page: Map Check
[2018.07.17-12.31.41:398][  0]LightingResults: New page: Lighting Build
[2018.07.17-12.31.41:425][  0]LogUObjectGlobals: Created PersistentFrame Addr=0x0000029f2ade47c0, Size=272, Default__BP_Law_C Function /Game/Characters/NPC/Blueprints/BP_Law.BP_Law_C:ExecuteUbergraph_BP_Law
[2018.07.17-12.31.41:436][  0]LogUObjectGlobals: Created PersistentFrame Addr=0x0000029f2acd3cb8, Size=56, Default__Law_AnimBP_C Function /Game/Characters/NPC/Blueprints/Law_AnimBP.Law_AnimBP_C:ExecuteUbergraph_Law_AnimBP
[2018.07.17-12.31.41:437][  0]LogUObjectGlobals: Created PersistentFrame Addr=0x0000029f29309d80, Size=88, Default__Law_AI_CON_C Function /Game/Characters/NPC/Blueprints/AI/Law_AI_CON.Law_AI_CON_C:ExecuteUbergraph_Law_AI_CON
[2018.07.17-12.31.41:439][  0]LogUObjectGlobals: Created PersistentFrame Addr=0x0000029f281cd1b0, Size=48, Default__BT_AttackPlayer_C Function /Game/Characters/NPC/Blueprints/AI/BT_AttackPlayer.BT_AttackPlayer_C:ExecuteUbergraph_BT_AttackPlayer
[2018.07.17-12.31.41:500][  0]LogUObjectGlobals: Created PersistentFrame Addr=0x0000029f2a5abc00, Size=976, Default__BP_Light_V2_C Function /Game/Characters/Player/Blueprints/Light/BP_Light_V2.BP_Light_V2_C:ExecuteUbergraph_BP_Light_V2
[2018.07.17-12.31.41:503][  0]LogUObjectGlobals: Created PersistentFrame Addr=0x0000029f28c6c940, Size=192, Default__Player_AnimBP_C Function /Game/Characters/Player/Blueprints/Light/Player_AnimBP.Player_AnimBP_C:ExecuteUbergraph_Player_AnimBP
[2018.07.17-12.31.41:599][  0]LogUObjectGlobals: Created PersistentFrame Addr=0x0000029f2acd2b70, Size=56, Default__MoveNearPlayer_C Function /Game/Characters/NPC/Blueprints/AI/MoveNearPlayer.MoveNearPlayer_C:ExecuteUbergraph_MoveNearPlayer
[2018.07.17-12.31.41:660][  0]LogUObjectGlobals: Destroyed PersistentFrame Addr=0x0000029f2acd3cb8, Size=56
[2018.07.17-12.31.41:661][  0]LogUObjectGlobals: Created PersistentFrame Addr=0x0000029f2e36f3c0, Size=56, Default__Law_AnimBP_C Function /Engine/Transient.REINST_Law_AnimBP_C_0:ExecuteUbergraph_Law_AnimBP
[2018.07.17-12.31.41:661][  0]LogUObjectGlobals: Destroyed PersistentFrame Addr=0x0000029f28c6c940, Size=192
[2018.07.17-12.31.41:661][  0]LogUObjectGlobals: Created PersistentFrame Addr=0x0000029f2d725fc0, Size=192, Default__Player_AnimBP_C Function /Engine/Transient.REINST_Player_AnimBP_C_1:ExecuteUbergraph_Player_AnimBP
[2018.07.17-12.31.41:662][  0]LogUObjectGlobals: Destroyed PersistentFrame Addr=0x0000029f2ade47c0, Size=272
[2018.07.17-12.31.41:662][  0]LogUObjectGlobals: Created PersistentFrame Addr=0x0000029f2d763100, Size=272, Default__BP_Law_C Function /Engine/Transient.REINST_BP_Law_C_2:ExecuteUbergraph_BP_Law
[2018.07.17-12.31.41:663][  0]LogUObjectGlobals: Destroyed PersistentFrame Addr=0x0000029f2a5abc00, Size=976
[2018.07.17-12.31.41:663][  0]LogUObjectGlobals: Created PersistentFrame Addr=0x0000029f2a4f5000, Size=976, Default__BP_Light_V2_C Function /Engine/Transient.REINST_BP_Light_V2_C_3:ExecuteUbergraph_BP_Light_V2
[2018.07.17-12.31.41:663][  0]LogUObjectGlobals: Destroyed PersistentFrame Addr=0x0000029f281cd1b0, Size=48
[2018.07.17-12.31.41:663][  0]LogUObjectGlobals: Created PersistentFrame Addr=0x0000029f2a516560, Size=48, Default__BT_AttackPlayer_C Function /Engine/Transient.REINST_BT_AttackPlayer_C_4:ExecuteUbergraph_BT_AttackPlayer
[2018.07.17-12.31.41:663][  0]LogUObjectGlobals: Destroyed PersistentFrame Addr=0x0000029f29309d80, Size=88
[2018.07.17-12.31.41:663][  0]LogUObjectGlobals: Created PersistentFrame Addr=0x0000029f2e2c3e80, Size=88, Default__Law_AI_CON_C Function /Engine/Transient.REINST_Law_AI_CON_C_5:ExecuteUbergraph_Law_AI_CON
[2018.07.17-12.31.41:664][  0]LogUObjectGlobals: Destroyed PersistentFrame Addr=0x0000029f2acd2b70, Size=56
[2018.07.17-12.31.41:664][  0]LogUObjectGlobals: Created PersistentFrame Addr=0x0000029f2e36f318, Size=56, Default__MoveNearPlayer_C Function /Engine/Transient.REINST_MoveNearPlayer_C_6:ExecuteUbergraph_MoveNearPlayer
[2018.07.17-12.31.41:708][  0]LogUObjectGlobals: Created PersistentFrame Addr=0x0000029f2e0978c8, Size=56, Default__Law_AnimBP_C Function /Game/Characters/NPC/Blueprints/Law_AnimBP.Law_AnimBP_C:ExecuteUbergraph_Law_AnimBP
[2018.07.17-12.31.41:711][  0]LogUObjectGlobals: Created PersistentFrame Addr=0x0000029f2e02d540, Size=192, Default__Player_AnimBP_C Function /Game/Characters/Player/Blueprints/Light/Player_AnimBP.Player_AnimBP_C:ExecuteUbergraph_Player_AnimBP
[2018.07.17-12.31.41:714][  0]LogUObjectGlobals: Created PersistentFrame Addr=0x0000029f2e1a9440, Size=272, Default__BP_Law_C Function /Game/Characters/NPC/Blueprints/BP_Law.BP_Law_C:ExecuteUbergraph_BP_Law
[2018.07.17-12.31.41:719][  0]LogUObjectGlobals: Created PersistentFrame Addr=0x0000029f2e087800, Size=976, Default__BP_Light_V2_C Function /Game/Characters/Player/Blueprints/Light/BP_Light_V2.BP_Light_V2_C:ExecuteUbergraph_BP_Light_V2
[2018.07.17-12.31.41:721][  0]LogUObjectGlobals: Created PersistentFrame Addr=0x0000029f2df416f0, Size=48, Default__BT_AttackPlayer_C Function /Game/Characters/NPC/Blueprints/AI/BT_AttackPlayer.BT_AttackPlayer_C:ExecuteUbergraph_BT_AttackPlayer
[2018.07.17-12.31.41:722][  0]LogUObjectGlobals: Created PersistentFrame Addr=0x0000029f2df3f8e0, Size=88, Default__Law_AI_CON_C Function /Game/Characters/NPC/Blueprints/AI/Law_AI_CON.Law_AI_CON_C:ExecuteUbergraph_Law_AI_CON
[2018.07.17-12.31.41:723][  0]LogUObjectGlobals: Created PersistentFrame Addr=0x0000029f2df0bc80, Size=56, Default__MoveNearPlayer_C Function /Game/Characters/NPC/Blueprints/AI/MoveNearPlayer.MoveNearPlayer_C:ExecuteUbergraph_MoveNearPlayer
[2018.07.17-12.31.41:849][  0]LogUObjectGlobals: Created PersistentFrame Addr=0x0000029f2dbb3040, Size=64, Default__ThirdPerson_AnimBP_C Function /Game/Mannequin/Animations/ThirdPerson_AnimBP.ThirdPerson_AnimBP_C:ExecuteUbergraph_ThirdPerson_AnimBP
[2018.07.17-12.31.41:861][  0]LogUObjectGlobals: Destroyed PersistentFrame Addr=0x0000029f2dbb3040, Size=64
[2018.07.17-12.31.41:861][  0]LogUObjectGlobals: Created PersistentFrame Addr=0x0000029f2dbb3080, Size=64, Default__ThirdPerson_AnimBP_C Function /Engine/Transient.REINST_ThirdPerson_AnimBP_C_2:ExecuteUbergraph_ThirdPerson_AnimBP
[2018.07.17-12.31.41:871][  0]LogUObjectGlobals: Created PersistentFrame Addr=0x0000029f300bef70, Size=72, Default__ThirdPerson_AnimBP_C Function /Game/Mannequin/Animations/ThirdPerson_AnimBP.ThirdPerson_AnimBP_C:ExecuteUbergraph_ThirdPerson_AnimBP
[2018.07.17-12.31.41:920][  0]LogUObjectGlobals: Created PersistentFrame Addr=0x0000029f2e7afb00, Size=296, Default__ThirdPersonCharacter_C Function /Game/ThirdPersonBP/Blueprints/ThirdPersonCharacter.ThirdPersonCharacter_C:ExecuteUbergraph_ThirdPersonCharacter
[2018.07.17-12.31.41:929][  0]LogUObjectGlobals: Destroyed PersistentFrame Addr=0x0000029f2e7afb00, Size=296
[2018.07.17-12.31.41:929][  0]LogUObjectGlobals: Created PersistentFrame Addr=0x0000029f2e7afb00, Size=296, Default__ThirdPersonCharacter_C Function /Engine/Transient.REINST_ThirdPersonCharacter_C_18:ExecuteUbergraph_ThirdPersonCharacter
[2018.07.17-12.31.41:936][  0]LogUObjectGlobals: Created PersistentFrame Addr=0x0000029f2e7ae340, Size=296, Default__ThirdPersonCharacter_C Function /Game/ThirdPersonBP/Blueprints/ThirdPersonCharacter.ThirdPersonCharacter_C:ExecuteUbergraph_ThirdPersonCharacter
[2018.07.17-12.31.41:958][  0]LogUObjectGlobals: Created PersistentFrame Addr=0x0000029f2add5fa0, Size=32, Default__GK_HUD_C Function /Game/UI/GK_HUD.GK_HUD_C:ExecuteUbergraph_GK_HUD
[2018.07.17-12.31.41:961][  0]LogUObjectGlobals: Destroyed PersistentFrame Addr=0x0000029f2add5fa0, Size=32
[2018.07.17-12.31.41:961][  0]LogUObjectGlobals: Created PersistentFrame Addr=0x0000029f2add5fa0, Size=32, Default__GK_HUD_C Function /Engine/Transient.REINST_GK_HUD_C_22:ExecuteUbergraph_GK_HUD
[2018.07.17-12.31.41:963][  0]LogUObjectGlobals: Created PersistentFrame Addr=0x0000029f2add5720, Size=32, Default__GK_HUD_C Function /Game/UI/GK_HUD.GK_HUD_C:ExecuteUbergraph_GK_HUD
[2018.07.17-12.31.41:976][  0]LogUObjectGlobals: Created PersistentFrame Addr=0x0000029f39337d00, Size=128, Default__Map_01_C Function /Game/Maps/Map_01.Map_01_C:ExecuteUbergraph_Map_01
[2018.07.17-12.31.41:982][  0]LogUObjectGlobals: Destroyed PersistentFrame Addr=0x0000029f39337d00, Size=128
[2018.07.17-12.31.41:982][  0]LogUObjectGlobals: Created PersistentFrame Addr=0x0000029f39337d00, Size=128, Default__Map_01_C Function /Engine/Transient.REINST_Map_01_C_26:ExecuteUbergraph_Map_01
[2018.07.17-12.31.41:988][  0]LogUObjectGlobals: Created PersistentFrame Addr=0x0000029f39337080, Size=128, Default__Map_01_C Function /Game/Maps/Map_01.Map_01_C:ExecuteUbergraph_Map_01
[2018.07.17-12.31.42:177][  0]LogSkeletalMesh: Skeletal Mesh found in DDC [5.512296ms] /Game/Characters/Player/Meshes/SK_Light.SK_Light
[2018.07.17-12.31.42:419][  0]LogSkeletalMesh: Skeletal Mesh found in DDC [8.321580ms] /Game/Characters/NPC/Meshes/SK_Law.SK_Law
[2018.07.17-12.31.42:443][  0]LogSkeletalMesh: Skeletal Mesh found in DDC [13.457778ms] /Game/Mannequin/Character/Mesh/SK_Mannequin.SK_Mannequin
[2018.07.17-12.31.42:601][  0]LogAIModule: Creating AISystem for world Map_01
[2018.07.17-12.31.42:667][  0]LogEditorServer: Finished looking for orphan Actors (0.000 secs)
[2018.07.17-12.31.42:692][  0]LogUObjectGlobals: Destroyed PersistentFrame Addr=0x0000029f2d763100, Size=272
[2018.07.17-12.31.42:692][  0]LogUObjectGlobals: Destroyed PersistentFrame Addr=0x0000029f2e36f3c0, Size=56
[2018.07.17-12.31.42:692][  0]LogUObjectGlobals: Destroyed PersistentFrame Addr=0x0000029f2e2c3e80, Size=88
[2018.07.17-12.31.42:692][  0]LogUObjectGlobals: Destroyed PersistentFrame Addr=0x0000029f2a516560, Size=48
[2018.07.17-12.31.42:693][  0]LogUObjectGlobals: Destroyed PersistentFrame Addr=0x0000029f2a4f5000, Size=976
[2018.07.17-12.31.42:693][  0]LogUObjectGlobals: Destroyed PersistentFrame Addr=0x0000029f2d725fc0, Size=192
[2018.07.17-12.31.42:693][  0]LogUObjectGlobals: Destroyed PersistentFrame Addr=0x0000029f2e36f318, Size=56
[2018.07.17-12.31.42:693][  0]LogUObjectGlobals: Destroyed PersistentFrame Addr=0x0000029f2dbb3080, Size=64
[2018.07.17-12.31.42:693][  0]LogUObjectGlobals: Destroyed PersistentFrame Addr=0x0000029f2e7afb00, Size=296
[2018.07.17-12.31.42:693][  0]LogUObjectGlobals: Destroyed PersistentFrame Addr=0x0000029f2add5fa0, Size=32
[2018.07.17-12.31.42:693][  0]LogUObjectGlobals: Destroyed PersistentFrame Addr=0x0000029f39337d00, Size=128
[2018.07.17-12.31.42:696][  0]Cmd: MAP CHECKDEP NOCLEARLOG
[2018.07.17-12.31.42:761][  0]MapCheck: Map check complete: 0 Error(s), 0 Warning(s), took 65.448ms to complete.
[2018.07.17-12.31.42:761][  0]LogFileHelpers: Loading map 'Map_01' took 1.366
[2018.07.17-12.31.42:990][  0]LogCollectionManager: Loaded 0 collections in 0.003069 seconds
[2018.07.17-12.31.43:047][  0]LogFileCache: Scanning file cache for directory 'C:/Users/NTI/Documents/GitHub/GK_Rep/Saved/Collections/' took 0.01s
[2018.07.17-12.31.43:047][  0]LogFileCache: Scanning file cache for directory 'C:/Users/NTI/Documents/GitHub/GK_Rep/Content/Developers/NTI/Collections/' took 0.01s
[2018.07.17-12.31.43:047][  0]LogFileCache: Scanning file cache for directory 'C:/Users/NTI/Documents/GitHub/GK_Rep/Content/Collections/' took 0.01s
[2018.07.17-12.31.43:047][  0]LogCollectionManager: Rebuilt the GUID cache for 0 collections in 0.000001 seconds
[2018.07.17-12.31.43:057][  0]LogContentBrowser: Native class hierarchy populated in 0.0100 seconds. Added 2466 classes and 564 folders.
[2018.07.17-12.31.43:067][  0]LogContentBrowser: Native class hierarchy updated for 'WidgetCarousel' in 0.0003 seconds. Added 0 classes and 0 folders.
[2018.07.17-12.31.43:118][  0]LogContentBrowser: Native class hierarchy updated for 'AddContentDialog' in 0.0002 seconds. Added 0 classes and 0 folders.
[2018.07.17-12.31.43:123][  0]LogContentBrowser: Native class hierarchy updated for 'SceneOutliner' in 0.0002 seconds. Added 1 classes and 2 folders.
[2018.07.17-12.31.43:234][  0]LogSlate: Took 0.000320 seconds to synchronously load lazily loaded font '../../../Engine/Content/Slate/Fonts/Roboto-Regular.ttf' (155K)
[2018.07.17-12.31.43:236][  0]LogSlate: Took 0.000241 seconds to synchronously load lazily loaded font '../../../Engine/Content/Slate/Fonts/Roboto-Bold.ttf' (160K)
[2018.07.17-12.31.43:243][  0]LogSlate: Took 0.000231 seconds to synchronously load lazily loaded font '../../../Engine/Content/Editor/Slate/Fonts/FontAwesome.ttf' (139K)
[2018.07.17-12.31.43:345][  0]LogRenderer: Reallocating scene render targets to support 1192x504 Format 10 NumSamples 1 (Frame:1).
[2018.07.17-12.31.43:536][  0]LogContentBrowser: Native class hierarchy updated for 'HierarchicalLODOutliner' in 0.0002 seconds. Added 0 classes and 0 folders.
[2018.07.17-12.31.43:536][  0]LogLoad: (Engine Initialization) Total time: 12.78 seconds
[2018.07.17-12.31.43:536][  0]LogLoad: (Engine Initialization) Total Blueprint compile time: 0.00 seconds
[2018.07.17-12.31.43:554][  0]LogWindowsTextInputMethodSystem: Display: IME system now deactivated.
[2018.07.17-12.31.43:574][  0]LogContentStreaming: Texture pool size now 1000 MB
[2018.07.17-12.31.43:602][  0]LogSlate: Took 0.000171 seconds to synchronously load lazily loaded font '../../../Engine/Content/Slate/Fonts/Roboto-Light.ttf' (167K)
[2018.07.17-12.31.43:623][  1]LogSubstanceLiveLink: Warning: Unable to send data along socket, closing connection
[2018.07.17-12.31.43:635][  1]LogAssetRegistry: Asset discovery search completed in 8.0179 seconds
[2018.07.17-12.31.43:637][  1]LogCollectionManager: Rebuilt the object cache for 0 collections in 0.000000 seconds (found 0 objects)
[2018.07.17-12.31.43:637][  1]LogCollectionManager: Fixed up redirectors for 0 collections in 0.000048 seconds (updated 0 objects)
[2018.07.17-12.31.50:871][422]LogSlate: FSceneViewport::OnFocusLost() reason 0
[2018.07.17-12.32.30:140][694]LogDirectoryWatcher: Warning: Failed to begin reading directory changes for ../../../../../../Users/NTI/Documents/GitHub/GK_Rep/Plugins/. Error: The system cannot find the file specified. (0x00000002)
[2018.07.17-12.32.35:583][ 14]Cmd: CLOSE_SLATE_MAINFRAME
[2018.07.17-12.32.35:705][ 14]LogSlate: Window 'Plugins' being destroyed
[2018.07.17-12.32.35:711][ 14]LogDirectoryWatcher: A directory notification for '../../../Engine/Plugins/' was aborted.
[2018.07.17-12.32.35:712][ 14]LogSlate: Window 'GK_Rep - Unreal Editor' being destroyed
[2018.07.17-12.32.35:713][ 14]LogWindowsTextInputMethodSystem: Display: IME system now deactivated.
[2018.07.17-12.32.35:920][ 15]Cmd: QUIT_EDITOR
[2018.07.17-12.32.35:955][ 15]LogSlate: Slate User Destroyed.  User Index 0, Is Virtual User: 0
[2018.07.17-12.32.35:955][ 15]LogExit: Preparing to exit.
[2018.07.17-12.32.36:743][ 15]LogDirectoryWatcher: A directory notification for 'C:/Users/NTI/Documents/GitHub/GK_Rep/Content/' was aborted.
[2018.07.17-12.32.36:779][ 15]LogExit: Editor shut down
[2018.07.17-12.32.36:783][ 15]LogExit: Transaction tracking system shut down
[2018.07.17-12.32.36:784][ 15]LogUObjectGlobals: Destroyed PersistentFrame Addr=0x0000029f2e0978c8, Size=56
[2018.07.17-12.32.36:784][ 15]LogUObjectGlobals: Destroyed PersistentFrame Addr=0x0000029f2e02d540, Size=192
[2018.07.17-12.32.36:784][ 15]LogUObjectGlobals: Destroyed PersistentFrame Addr=0x0000029f2e1a9440, Size=272
[2018.07.17-12.32.36:784][ 15]LogUObjectGlobals: Destroyed PersistentFrame Addr=0x0000029f2e087800, Size=976
[2018.07.17-12.32.36:784][ 15]LogUObjectGlobals: Destroyed PersistentFrame Addr=0x0000029f2df416f0, Size=48
[2018.07.17-12.32.36:784][ 15]LogUObjectGlobals: Destroyed PersistentFrame Addr=0x0000029f2df3f8e0, Size=88
[2018.07.17-12.32.36:784][ 15]LogUObjectGlobals: Destroyed PersistentFrame Addr=0x0000029f2df0bc80, Size=56
[2018.07.17-12.32.36:784][ 15]LogUObjectGlobals: Destroyed PersistentFrame Addr=0x0000029f300bef70, Size=72
[2018.07.17-12.32.36:784][ 15]LogUObjectGlobals: Destroyed PersistentFrame Addr=0x0000029f2e7ae340, Size=296
[2018.07.17-12.32.36:785][ 15]LogUObjectGlobals: Destroyed PersistentFrame Addr=0x0000029f2add5720, Size=32
[2018.07.17-12.32.36:791][ 15]LogUObjectGlobals: Destroyed PersistentFrame Addr=0x0000029f39337080, Size=128
[2018.07.17-12.32.36:957][ 15]LogDirectoryWatcher: A directory notification for '../../../Engine/Content/' was aborted.
[2018.07.17-12.32.36:957][ 15]LogDirectoryWatcher: A directory notification for '../../../../../../Users/NTI/Documents/GitHub/GK_Rep/Content/' was aborted.
[2018.07.17-12.32.36:957][ 15]LogDirectoryWatcher: A directory notification for '../../Plugins/2D/Paper2D/Content/' was aborted.
[2018.07.17-12.32.36:957][ 15]LogDirectoryWatcher: A directory notification for '../../Plugins/Enterprise/DatasmithContent/Content/' was aborted.
[2018.07.17-12.32.36:957][ 15]LogDirectoryWatcher: A directory notification for '../../Plugins/Media/MediaCompositing/Content/' was aborted.
[2018.07.17-12.32.36:957][ 15]LogDirectoryWatcher: A directory notification for '../../Plugins/Runtime/AppleARKit/Content/' was aborted.
[2018.07.17-12.32.36:957][ 15]LogDirectoryWatcher: A directory notification for '../../Plugins/Runtime/Oculus/OculusVR/Content/' was aborted.
[2018.07.17-12.32.36:957][ 15]LogDirectoryWatcher: A directory notification for '../../Plugins/Runtime/Steam/SteamVR/Content/' was aborted.
[2018.07.17-12.32.37:030][ 15]LogExit: Object subsystem successfully closed.
[2018.07.17-12.32.37:117][ 15]LogShaderCompilers: Display: Shaders left to compile 0
[2018.07.17-12.32.37:132][ 15]LogD3D11RHI: Shutdown
[2018.07.17-12.32.37:132][ 15]LogD3D11RHI: CleanupD3DDevice
[2018.07.17-12.32.37:135][ 15]LogD3D11RHI: ~FD3D11DynamicRHI
[2018.07.17-12.32.37:153][ 15]LogModuleManager: Shutting down and abandoning module HierarchicalLODOutliner (582)
[2018.07.17-12.32.37:153][ 15]LogModuleManager: Shutting down and abandoning module SceneOutliner (580)
[2018.07.17-12.32.37:153][ 15]LogModuleManager: Shutting down and abandoning module AddContentDialog (578)
[2018.07.17-12.32.37:153][ 15]LogDirectoryWatcher: A directory notification for 'C:/Program Files/Epic Games/UE_4.19/FeaturePacks/' was aborted.
[2018.07.17-12.32.37:153][ 15]LogModuleManager: Shutting down and abandoning module WidgetCarousel (577)
[2018.07.17-12.32.37:153][ 15]LogModuleManager: Shutting down and abandoning module EditorWidgets (574)
[2018.07.17-12.32.37:153][ 15]LogModuleManager: Shutting down and abandoning module CollectionManager (572)
[2018.07.17-12.32.37:153][ 15]LogDirectoryWatcher: A directory notification for 'C:/Users/NTI/Documents/GitHub/GK_Rep/Content/Collections/' was aborted.
[2018.07.17-12.32.37:153][ 15]LogDirectoryWatcher: A directory notification for 'C:/Users/NTI/Documents/GitHub/GK_Rep/Content/Developers/NTI/Collections/' was aborted.
[2018.07.17-12.32.37:154][ 15]LogDirectoryWatcher: A directory notification for 'C:/Users/NTI/Documents/GitHub/GK_Rep/Saved/Collections/' was aborted.
[2018.07.17-12.32.37:154][ 15]LogModuleManager: Shutting down and abandoning module StatsViewer (570)
[2018.07.17-12.32.37:154][ 15]LogModuleManager: Shutting down and abandoning module FoliageEdit (568)
[2018.07.17-12.32.37:154][ 15]LogModuleManager: Shutting down and abandoning module LandscapeEditor (566)
[2018.07.17-12.32.37:154][ 15]LogModuleManager: Shutting down and abandoning module MeshPaintMode (564)
[2018.07.17-12.32.37:154][ 15]LogModuleManager: Shutting down and abandoning module SceneDepthPickerMode (562)
[2018.07.17-12.32.37:154][ 15]LogModuleManager: Shutting down and abandoning module ActorPickerMode (560)
[2018.07.17-12.32.37:154][ 15]LogModuleManager: Shutting down and abandoning module GeometryMode (558)
[2018.07.17-12.32.37:154][ 15]LogModuleManager: Shutting down and abandoning module TextureAlignMode (556)
[2018.07.17-12.32.37:154][ 15]LogModuleManager: Shutting down and abandoning module BspMode (554)
[2018.07.17-12.32.37:154][ 15]LogModuleManager: Shutting down and abandoning module PIEPreviewDeviceProfileSelector (552)
[2018.07.17-12.32.37:154][ 15]LogModuleManager: Shutting down and abandoning module HardwareSurvey (550)
[2018.07.17-12.32.37:154][ 15]LogModuleManager: Shutting down and abandoning module SequenceRecorderSections (548)
[2018.07.17-12.32.37:154][ 15]LogModuleManager: Shutting down and abandoning module AutomationWorker (546)
[2018.07.17-12.32.37:154][ 15]LogModuleManager: Shutting down and abandoning module AudioCaptureEditor (544)
[2018.07.17-12.32.37:154][ 15]LogModuleManager: Shutting down and abandoning module SequenceRecorder (543)
[2018.07.17-12.32.37:154][ 15]LogModuleManager: Shutting down and abandoning module MatineeToLevelSequence (540)
[2018.07.17-12.32.37:154][ 15]LogModuleManager: Shutting down and abandoning module LevelSequenceEditor (538)
[2018.07.17-12.32.37:154][ 15]LogModuleManager: Shutting down and abandoning module PlacementMode (537)
[2018.07.17-12.32.37:154][ 15]LogModuleManager: Shutting down and abandoning module MaterialEditor (536)
[2018.07.17-12.32.37:154][ 15]LogModuleManager: Shutting down and abandoning module WmfMediaFactory (532)
[2018.07.17-12.32.37:154][ 15]LogModuleManager: Shutting down and abandoning module WmfMediaEditor (530)
[2018.07.17-12.32.37:154][ 15]LogModuleManager: Shutting down and abandoning module MediaPlayerEditor (528)
[2018.07.17-12.32.37:154][ 15]LogModuleManager: Shutting down and abandoning module OpenExrWrapper (526)
[2018.07.17-12.32.37:154][ 15]LogModuleManager: Shutting down and abandoning module ImgMediaFactory (524)
[2018.07.17-12.32.37:154][ 15]LogModuleManager: Shutting down and abandoning module ImgMediaEditor (522)
[2018.07.17-12.32.37:154][ 15]LogModuleManager: Shutting down and abandoning module AvfMediaFactory (520)
[2018.07.17-12.32.37:155][ 15]LogModuleManager: Shutting down and abandoning module AvfMediaEditor (518)
[2018.07.17-12.32.37:155][ 15]LogModuleManager: Shutting down and abandoning module AndroidMediaFactory (516)
[2018.07.17-12.32.37:155][ 15]LogModuleManager: Shutting down and abandoning module AndroidMediaEditor (514)
[2018.07.17-12.32.37:155][ 15]LogModuleManager: Shutting down and abandoning module CharacterAI (512)
[2018.07.17-12.32.37:155][ 15]LogModuleManager: Shutting down and abandoning module SmartSnapping (510)
[2018.07.17-12.32.37:155][ 15]LogModuleManager: Shutting down and abandoning module SessionServices (508)
[2018.07.17-12.32.37:155][ 15]LogModuleManager: Shutting down and abandoning module ViewportSnapping (506)
[2018.07.17-12.32.37:155][ 15]LogModuleManager: Shutting down and abandoning module ViewportInteraction (504)
[2018.07.17-12.32.37:155][ 15]LogModuleManager: Shutting down and abandoning module ClothPainter (502)
[2018.07.17-12.32.37:155][ 15]LogModuleManager: Shutting down and abandoning module SkeletalMeshEditor (501)
[2018.07.17-12.32.37:155][ 15]LogModuleManager: Shutting down and abandoning module LogVisualizer (498)
[2018.07.17-12.32.37:155][ 15]LogModuleManager: Shutting down and abandoning module IntroTutorials (496)
[2018.07.17-12.32.37:155][ 15]LogModuleManager: Shutting down and abandoning module GameProjectGeneration (495)
[2018.07.17-12.32.37:155][ 15]LogModuleManager: Shutting down and abandoning module IOSPlatformEditor (492)
[2018.07.17-12.32.37:156][ 15]LogModuleManager: Shutting down and abandoning module HTML5PlatformEditor (490)
[2018.07.17-12.32.37:156][ 15]LogModuleManager: Shutting down and abandoning module AndroidPlatformEditor (488)
[2018.07.17-12.32.37:156][ 15]LogModuleManager: Shutting down and abandoning module AndroidDeviceDetection (487)
[2018.07.17-12.32.37:842][ 15]LogModuleManager: Shutting down and abandoning module WindowsPlatformEditor (484)
[2018.07.17-12.32.37:842][ 15]LogModuleManager: Shutting down and abandoning module IOSRuntimeSettings (482)
[2018.07.17-12.32.37:842][ 15]LogModuleManager: Shutting down and abandoning module AndroidRuntimeSettings (480)
[2018.07.17-12.32.37:842][ 15]LogModuleManager: Shutting down and abandoning module InputBindingEditor (478)
[2018.07.17-12.32.37:842][ 15]LogModuleManager: Shutting down and abandoning module MergeActors (476)
[2018.07.17-12.32.37:842][ 15]LogModuleManager: Shutting down and abandoning module LocalizationDashboard (474)
[2018.07.17-12.32.37:842][ 15]LogModuleManager: Shutting down and abandoning module LocalizationService (473)
[2018.07.17-12.32.37:842][ 15]LogModuleManager: Shutting down and abandoning module HardwareTargeting (470)
[2018.07.17-12.32.37:842][ 15]LogModuleManager: Shutting down and abandoning module DeviceProfileEditor (468)
[2018.07.17-12.32.37:842][ 15]LogModuleManager: Shutting down and abandoning module UndoHistory (466)
[2018.07.17-12.32.37:842][ 15]LogModuleManager: Shutting down and abandoning module XmlParser (464)
[2018.07.17-12.32.37:842][ 15]LogModuleManager: Shutting down and abandoning module Blutility (462)
[2018.07.17-12.32.37:842][ 15]LogModuleManager: Shutting down and abandoning module ProjectSettingsViewer (460)
[2018.07.17-12.32.37:843][ 15]LogModuleManager: Shutting down and abandoning module ProjectTargetPlatformEditor (459)
[2018.07.17-12.32.37:843][ 15]LogModuleManager: Shutting down and abandoning module EditorSettingsViewer (456)
[2018.07.17-12.32.37:843][ 15]LogModuleManager: Shutting down and abandoning module SettingsEditor (454)
[2018.07.17-12.32.37:843][ 15]LogModuleManager: Shutting down and abandoning module ProjectLauncher (452)
[2018.07.17-12.32.37:843][ 15]LogModuleManager: Shutting down and abandoning module SessionFrontend (450)
[2018.07.17-12.32.37:843][ 15]LogModuleManager: Shutting down and abandoning module ProfilerClient (448)
[2018.07.17-12.32.37:843][ 15]LogModuleManager: Shutting down and abandoning module DeviceManager (446)
[2018.07.17-12.32.37:843][ 15]LogModuleManager: Shutting down and abandoning module TargetDeviceServices (445)
[2018.07.17-12.32.37:898][ 15]LogModuleManager: Shutting down and abandoning module AutomationController (442)
[2018.07.17-12.32.37:898][ 15]LogModuleManager: Shutting down and abandoning module AutomationWindow (440)
[2018.07.17-12.32.37:898][ 15]LogModuleManager: Shutting down and abandoning module Layers (438)
[2018.07.17-12.32.37:898][ 15]LogModuleManager: Shutting down and abandoning module ComponentVisualizers (436)
[2018.07.17-12.32.37:898][ 15]LogModuleManager: Shutting down and abandoning module DetailCustomizations (434)
[2018.07.17-12.32.37:898][ 15]LogModuleManager: Shutting down and abandoning module PackagesDialog (432)
[2018.07.17-12.32.37:898][ 15]LogModuleManager: Shutting down and abandoning module Persona (430)
[2018.07.17-12.32.37:898][ 15]LogModuleManager: Shutting down and abandoning module AdvancedPreviewScene (429)
[2018.07.17-12.32.37:898][ 15]LogModuleManager: Shutting down and abandoning module AnimGraph (427)
[2018.07.17-12.32.37:898][ 15]LogModuleManager: Shutting down and abandoning module Kismet (424)
[2018.07.17-12.32.37:899][ 15]LogModuleManager: Shutting down and abandoning module GraphEditor (422)
[2018.07.17-12.32.37:899][ 15]LogModuleManager: Shutting down and abandoning module ClassViewer (420)
[2018.07.17-12.32.37:899][ 15]LogModuleManager: Shutting down and abandoning module Toolbox (418)
[2018.07.17-12.32.37:899][ 15]LogModuleManager: Shutting down and abandoning module ModuleUI (416)
[2018.07.17-12.32.37:899][ 15]LogModuleManager: Shutting down and abandoning module MovieSceneTools (414)
[2018.07.17-12.32.37:899][ 15]LogModuleManager: Shutting down and abandoning module OutputLog (412)
[2018.07.17-12.32.37:899][ 15]LogModuleManager: Shutting down and abandoning module GammaUI (410)
[2018.07.17-12.32.37:899][ 15]LogModuleManager: Shutting down and abandoning module Documentation (408)
[2018.07.17-12.32.37:899][ 15]LogModuleManager: Shutting down and abandoning module MovieSceneTracks (406)
[2018.07.17-12.32.37:899][ 15]LogModuleManager: Shutting down and abandoning module MovieScene (404)
[2018.07.17-12.32.37:899][ 15]LogModuleManager: Shutting down and abandoning module StreamingPauseRendering (402)
[2018.07.17-12.32.37:899][ 15]LogModuleManager: Shutting down and abandoning module LauncherPlatform (400)
[2018.07.17-12.32.37:899][ 15]LogModuleManager: Shutting down and abandoning module AnalyticsET (398)
[2018.07.17-12.32.37:899][ 15]LogModuleManager: Shutting down and abandoning module PortalServices (396)
[2018.07.17-12.32.37:899][ 15]LogModuleManager: Shutting down and abandoning module PortalRpc (394)
[2018.07.17-12.32.37:899][ 15]LogModuleManager: Shutting down and abandoning module MessagingRpc (392)
[2018.07.17-12.32.37:899][ 15]LogModuleManager: Shutting down and abandoning module AIModule (390)
[2018.07.17-12.32.37:899][ 15]LogModuleManager: Shutting down and abandoning module GameplayDebugger (389)
[2018.07.17-12.32.37:899][ 15]LogModuleManager: Shutting down and abandoning module AITestSuite (387)
[2018.07.17-12.32.37:899][ 15]LogModuleManager: Shutting down and abandoning module DesktopPlatform (384)
[2018.07.17-12.32.37:899][ 15]LogModuleManager: Shutting down and abandoning module ProfilerService (382)
[2018.07.17-12.32.38:009][ 15]LogModuleManager: Shutting down and abandoning module TaskGraph (380)
[2018.07.17-12.32.38:009][ 15]LogModuleManager: Shutting down and abandoning module SubstanceLiveLink (378)
[2018.07.17-12.32.38:009][ 15]LogModuleManager: Shutting down and abandoning module SubstanceSource (376)
[2018.07.17-12.32.38:009][ 15]LogModuleManager: Shutting down and abandoning module SubstanceEditor (374)
[2018.07.17-12.32.38:009][ 15]LogModuleManager: Shutting down and abandoning module SteamVRController (372)
[2018.07.17-12.32.38:009][ 15]LogModuleManager: Shutting down and abandoning module ProceduralMeshComponentEditor (370)
[2018.07.17-12.32.38:009][ 15]LogModuleManager: Shutting down and abandoning module ProceduralMeshComponent (368)
[2018.07.17-12.32.38:009][ 15]LogModuleManager: Shutting down and abandoning module OculusInput (366)
[2018.07.17-12.32.38:009][ 15]LogModuleManager: Shutting down and abandoning module MobilePatchingUtils (364)
[2018.07.17-12.32.38:009][ 15]LogModuleManager: Shutting down and abandoning module CustomMeshComponent (362)
[2018.07.17-12.32.38:010][ 15]LogModuleManager: Shutting down and abandoning module CableComponent (360)
[2018.07.17-12.32.38:010][ 15]LogModuleManager: Shutting down and abandoning module AudioCapture (358)
[2018.07.17-12.32.38:010][ 15]LogModuleManager: Shutting down and abandoning module ArchVisCharacter (356)
[2018.07.17-12.32.38:010][ 15]LogModuleManager: Shutting down and abandoning module AndroidPermission (354)
[2018.07.17-12.32.38:010][ 15]LogModuleManager: Shutting down and abandoning module NUTUnrealEngine4 (350)
[2018.07.17-12.32.38:010][ 15]LogModuleManager: Shutting down and abandoning module NetcodeUnitTest (348)
[2018.07.17-12.32.38:010][ 15]LogModuleManager: Shutting down and abandoning module MediaCompositingEditor (346)
[2018.07.17-12.32.38:010][ 15]LogModuleManager: Shutting down and abandoning module MediaCompositing (344)
[2018.07.17-12.32.38:010][ 15]LogModuleManager: Shutting down and abandoning module LinearTimecode (342)
[2018.07.17-12.32.38:010][ 15]LogModuleManager: Shutting down and abandoning module ImgMedia (340)
[2018.07.17-12.32.38:014][ 15]LogModuleManager: Shutting down and abandoning module HTML5Networking (338)
[2018.07.17-12.32.38:014][ 15]LogModuleManager: Shutting down and abandoning module AlembicImporter (336)
[2018.07.17-12.32.38:014][ 15]LogModuleManager: Shutting down and abandoning module AlembicLibrary (335)
[2018.07.17-12.32.38:014][ 15]LogModuleManager: Shutting down and abandoning module GeometryCache (334)
[2018.07.17-12.32.38:014][ 15]LogModuleManager: Shutting down and abandoning module GeometryCacheEd (333)
[2018.07.17-12.32.38:014][ 15]LogModuleManager: Shutting down and abandoning module DatasmithContent (328)
[2018.07.17-12.32.38:014][ 15]LogModuleManager: Shutting down and abandoning module SpeedTreeImporter (326)
[2018.07.17-12.32.38:014][ 15]LogModuleManager: Shutting down and abandoning module PluginBrowser (324)
[2018.07.17-12.32.38:014][ 15]LogModuleManager: Shutting down and abandoning module MobileLauncherProfileWizard (322)
[2018.07.17-12.32.38:015][ 15]LogModuleManager: Shutting down and abandoning module CryptoKeysOpenSSL (320)
[2018.07.17-12.32.38:015][ 15]LogModuleManager: Shutting down and abandoning module CryptoKeys (318)
[2018.07.17-12.32.38:015][ 15]LogModuleManager: Shutting down and abandoning module VisualStudioSourceCodeAccess (316)
[2018.07.17-12.32.38:015][ 15]LogModuleManager: Shutting down and abandoning module VisualStudioCodeSourceCodeAccess (314)
[2018.07.17-12.32.38:015][ 15]LogModuleManager: Shutting down and abandoning module UObjectPlugin (312)
[2018.07.17-12.32.38:015][ 15]LogModuleManager: Shutting down and abandoning module SubversionSourceControl (310)
[2018.07.17-12.32.38:015][ 15]LogModuleManager: Shutting down and abandoning module PerforceSourceControl (308)
[2018.07.17-12.32.38:015][ 15]LogModuleManager: Shutting down and abandoning module GitSourceControl (306)
[2018.07.17-12.32.38:015][ 15]LogModuleManager: Shutting down and abandoning module SourceControl (305)
[2018.07.17-12.32.38:015][ 15]LogModuleManager: Shutting down and abandoning module CLionSourceCodeAccess (302)
[2018.07.17-12.32.38:015][ 15]LogModuleManager: Shutting down and abandoning module LightPropagationVolumeEditor (300)
[2018.07.17-12.32.38:015][ 15]LogModuleManager: Shutting down and abandoning module PaperTiledImporter (298)
[2018.07.17-12.32.38:015][ 15]LogModuleManager: Shutting down and abandoning module PaperSpriteSheetImporter (296)
[2018.07.17-12.32.38:015][ 15]LogModuleManager: Shutting down and abandoning module Paper2DEditor (294)
[2018.07.17-12.32.38:015][ 15]LogModuleManager: Shutting down and abandoning module MeshPaint (293)
[2018.07.17-12.32.38:015][ 15]LogModuleManager: Shutting down and abandoning module RuntimePhysXCooking (290)
[2018.07.17-12.32.38:015][ 15]LogModuleManager: Shutting down and abandoning module PhysXVehiclesEditor (288)
[2018.07.17-12.32.38:015][ 15]LogModuleManager: Shutting down and abandoning module PhysXVehicles (286)
[2018.07.17-12.32.38:015][ 15]LogModuleManager: Shutting down and abandoning module OculusEditor (284)
[2018.07.17-12.32.38:015][ 15]LogModuleManager: Shutting down and abandoning module LocationServicesBPLibrary (282)
[2018.07.17-12.32.38:015][ 15]LogModuleManager: Shutting down and abandoning module ImmediatePhysicsEditor (280)
[2018.07.17-12.32.38:015][ 15]LogModuleManager: Shutting down and abandoning module ImmediatePhysics (278)
[2018.07.17-12.32.38:015][ 15]LogModuleManager: Shutting down and abandoning module ActorSequence (276)
[2018.07.17-12.32.38:015][ 15]LogModuleManager: Shutting down and abandoning module UdpMessaging (274)
[2018.07.17-12.32.38:117][ 15]LogModuleManager: Shutting down and abandoning module TcpMessaging (272)
[2018.07.17-12.32.38:217][ 15]LogModuleManager: Shutting down and abandoning module SubstanceCore (270)
[2018.07.17-12.32.38:217][ 15]LogModuleManager: Shutting down and abandoning module GameplayTagsEditor (268)
[2018.07.17-12.32.38:217][ 15]LogModuleManager: Shutting down and abandoning module FacialAnimationEditor (266)
[2018.07.17-12.32.38:217][ 15]LogModuleManager: Shutting down and abandoning module FacialAnimation (264)
[2018.07.17-12.32.38:217][ 15]LogModuleManager: Shutting down and abandoning module DataValidation (262)
[2018.07.17-12.32.38:217][ 15]LogModuleManager: Shutting down and abandoning module AssetManagerEditor (260)
[2018.07.17-12.32.38:217][ 15]LogModuleManager: Shutting down and abandoning module LevelEditor (259)
[2018.07.17-12.32.38:218][ 15]LogModuleManager: Shutting down and abandoning module PixelInspectorModule (258)
[2018.07.17-12.32.38:218][ 15]LogModuleManager: Shutting down and abandoning module CommonMenuExtensions (256)
[2018.07.17-12.32.38:218][ 15]LogModuleManager: Shutting down and abandoning module MainFrame (254)
[2018.07.17-12.32.38:218][ 15]LogModuleManager: Shutting down and abandoning module HotReload (253)
[2018.07.17-12.32.38:218][ 15]LogModuleManager: Shutting down and abandoning module ContentBrowser (249)
[2018.07.17-12.32.38:220][ 15]LogModuleManager: Shutting down and abandoning module TreeMap (247)
[2018.07.17-12.32.38:220][ 15]LogModuleManager: Shutting down and abandoning module LightPropagationVolumeRuntime (244)
[2018.07.17-12.32.38:220][ 15]LogModuleManager: Shutting down and abandoning module LiveLinkEditor (242)
[2018.07.17-12.32.38:220][ 15]LogModuleManager: Shutting down and abandoning module LiveLink (240)
[2018.07.17-12.32.38:323][ 15]LogModuleManager: Shutting down and abandoning module Paper2D (238)
[2018.07.17-12.32.38:323][ 15]LogModuleManager: Shutting down and abandoning module WindowsMoviePlayer (236)
[2018.07.17-12.32.38:323][ 15]LogModuleManager: Shutting down and abandoning module WmfMedia (234)
[2018.07.17-12.32.38:324][ 15]LogModuleManager: Shutting down and abandoning module Media (233)
[2018.07.17-12.32.38:330][ 15]LogModuleManager: Shutting down and abandoning module PacketHandler (230)
[2018.07.17-12.32.38:330][ 15]LogModuleManager: Shutting down and abandoning module ClothingSystemEditor (228)
[2018.07.17-12.32.38:330][ 15]LogModuleManager: Shutting down and abandoning module ClothingSystemRuntime (226)
[2018.07.17-12.32.38:330][ 15]LogModuleManager: Shutting down and abandoning module MediaAssets (224)
[2018.07.17-12.32.38:330][ 15]LogModuleManager: Shutting down and abandoning module Overlay (222)
[2018.07.17-12.32.38:330][ 15]LogModuleManager: Shutting down and abandoning module OverlayEditor (221)
[2018.07.17-12.32.38:330][ 15]LogModuleManager: Shutting down and abandoning module VREditor (218)
[2018.07.17-12.32.38:330][ 15]LogModuleManager: Shutting down and abandoning module StringTableEditor (216)
[2018.07.17-12.32.38:330][ 15]LogModuleManager: Shutting down and abandoning module GameplayTasksEditor (214)
[2018.07.17-12.32.38:330][ 15]LogModuleManager: Shutting down and abandoning module BehaviorTreeEditor (212)
[2018.07.17-12.32.38:330][ 15]LogModuleManager: Shutting down and abandoning module FunctionalTesting (210)
[2018.07.17-12.32.38:331][ 15]LogModuleManager: Shutting down and abandoning module CollisionAnalyzer (208)
[2018.07.17-12.32.38:331][ 15]LogModuleManager: Shutting down and abandoning module WorkspaceMenuStructure (207)
[2018.07.17-12.32.38:331][ 15]LogModuleManager: Shutting down and abandoning module UMG (204)
[2018.07.17-12.32.38:331][ 15]LogModuleManager: Shutting down and abandoning module UMGEditor (203)
[2018.07.17-12.32.38:331][ 15]LogModuleManager: Shutting down and abandoning module Sequencer (202)
[2018.07.17-12.32.38:331][ 15]LogModuleManager: Shutting down and abandoning module MessageLog (199)
[2018.07.17-12.32.38:331][ 15]LogModuleManager: Shutting down and abandoning module SlateReflector (194)
[2018.07.17-12.32.38:331][ 15]LogModuleManager: Shutting down and abandoning module Slate (192)
[2018.07.17-12.32.38:331][ 15]LogModuleManager: Shutting down and abandoning module EditorStyle (190)
[2018.07.17-12.32.38:332][ 15]LogModuleManager: Shutting down and abandoning module MRMesh (188)
[2018.07.17-12.32.38:333][ 15]LogModuleManager: Shutting down and abandoning module SourceCodeAccess (186)
[2018.07.17-12.32.38:333][ 15]LogModuleManager: Shutting down and abandoning module HeadMountedDisplay (184)
[2018.07.17-12.32.38:333][ 15]LogModuleManager: Shutting down and abandoning module XAudio2 (182)
[2018.07.17-12.32.38:333][ 15]LogModuleManager: Shutting down and abandoning module Networking (180)
[2018.07.17-12.32.38:333][ 15]LogModuleManager: Shutting down and abandoning module Core (178)
[2018.07.17-12.32.38:333][ 15]LogModuleManager: Shutting down and abandoning module LevelSequence (176)
[2018.07.17-12.32.38:333][ 15]LogModuleManager: Shutting down and abandoning module KismetCompiler (174)
[2018.07.17-12.32.38:333][ 15]LogModuleManager: Shutting down and abandoning module MeshUtilities (172)
[2018.07.17-12.32.38:333][ 15]LogModuleManager: Shutting down and abandoning module MeshMergeUtilities (171)
[2018.07.17-12.32.38:333][ 15]LogModuleManager: Shutting down and abandoning module MeshReductionInterface (170)
[2018.07.17-12.32.38:333][ 15]LogModuleManager: Shutting down and abandoning module SimplygonSwarm (169)
[2018.07.17-12.32.38:333][ 15]LogModuleManager: Shutting down and abandoning module SimplygonMeshReduction (167)
[2018.07.17-12.32.38:333][ 15]LogModuleManager: Shutting down and abandoning module QuadricMeshReduction (165)
[2018.07.17-12.32.38:333][ 15]LogModuleManager: Shutting down and abandoning module MaterialBaking (161)
[2018.07.17-12.32.38:333][ 15]LogModuleManager: Shutting down and abandoning module DirectoryWatcher (157)
[2018.07.17-12.32.38:333][ 15]LogModuleManager: Shutting down and abandoning module DerivedDataCache (154)
[2018.07.17-12.32.38:561][ 15]LogDerivedDataCache: Shutdown
[2018.07.17-12.32.38:561][ 15]LogModuleManager: Shutting down and abandoning module XGEController (152)
[2018.07.17-12.32.38:561][ 15]LogXGEController: Cleaning working directory: C:/Users/NTI/AppData/Local/Temp/UnrealXGEWorkingDir/
[2018.07.17-12.32.38:561][ 15]LogModuleManager: Shutting down and abandoning module TargetPlatform (150)
[2018.07.17-12.32.38:561][ 15]LogModuleManager: Shutting down and abandoning module VulkanShaderFormat (149)
[2018.07.17-12.32.38:561][ 15]LogModuleManager: Shutting down and abandoning module ShaderFormatVectorVM (147)
[2018.07.17-12.32.38:561][ 15]LogModuleManager: Shutting down and abandoning module ShaderFormatOpenGL (145)
[2018.07.17-12.32.38:561][ 15]LogModuleManager: Shutting down and abandoning module ShaderFormatD3D (143)
[2018.07.17-12.32.38:561][ 15]LogModuleManager: Shutting down and abandoning module MetalShaderFormat (141)
[2018.07.17-12.32.38:561][ 15]LogModuleManager: Shutting down and abandoning module TextureFormatUncompressed (139)
[2018.07.17-12.32.38:561][ 15]LogModuleManager: Shutting down and abandoning module TextureFormatPVR (137)
[2018.07.17-12.32.38:561][ 15]LogModuleManager: Shutting down and abandoning module TextureFormatDXT (135)
[2018.07.17-12.32.38:561][ 15]LogModuleManager: Shutting down and abandoning module TextureFormatIntelISPCTexComp (133)
[2018.07.17-12.32.38:561][ 15]LogModuleManager: Shutting down and abandoning module TextureFormatASTC (131)
[2018.07.17-12.32.38:561][ 15]LogModuleManager: Shutting down and abandoning module ImageWrapper (130)
[2018.07.17-12.32.38:561][ 15]LogModuleManager: Shutting down and abandoning module TextureFormatAndroid (127)
[2018.07.17-12.32.38:561][ 15]LogModuleManager: Shutting down and abandoning module AudioFormatOpus (125)
[2018.07.17-12.32.38:561][ 15]LogModuleManager: Shutting down and abandoning module AudioFormatOgg (123)
[2018.07.17-12.32.38:561][ 15]LogModuleManager: Shutting down and abandoning module AudioFormatADPCM (121)
[2018.07.17-12.32.38:561][ 15]LogModuleManager: Shutting down and abandoning module LinuxTargetPlatform (119)
[2018.07.17-12.32.38:561][ 15]LogModuleManager: Shutting down and abandoning module LinuxServerTargetPlatform (117)
[2018.07.17-12.32.38:561][ 15]LogModuleManager: Shutting down and abandoning module LinuxNoEditorTargetPlatform (115)
[2018.07.17-12.32.38:561][ 15]LogModuleManager: Shutting down and abandoning module LinuxClientTargetPlatform (113)
[2018.07.17-12.32.38:561][ 15]LogModuleManager: Shutting down and abandoning module TVOSTargetPlatform (111)
[2018.07.17-12.32.38:561][ 15]LogModuleManager: Shutting down and abandoning module Messaging (109)
[2018.07.17-12.32.38:561][ 15]LogModuleManager: Shutting down and abandoning module IOSTargetPlatform (107)
[2018.07.17-12.32.38:561][ 15]LogModuleManager: Shutting down and abandoning module HTML5TargetPlatform (105)
[2018.07.17-12.32.38:561][ 15]LogModuleManager: Shutting down and abandoning module AndroidTargetPlatform (103)
[2018.07.17-12.32.38:561][ 15]LogModuleManager: Shutting down and abandoning module Android_PVRTCTargetPlatform (101)
[2018.07.17-12.32.38:561][ 15]LogModuleManager: Shutting down and abandoning module Android_MultiTargetPlatform (99)
[2018.07.17-12.32.38:561][ 15]LogModuleManager: Shutting down and abandoning module Android_ETC2TargetPlatform (97)
[2018.07.17-12.32.38:561][ 15]LogModuleManager: Shutting down and abandoning module Android_ETC1TargetPlatform (95)
[2018.07.17-12.32.38:561][ 15]LogModuleManager: Shutting down and abandoning module Android_ETC1aTargetPlatform (93)
[2018.07.17-12.32.38:561][ 15]LogModuleManager: Shutting down and abandoning module Android_DXTTargetPlatform (91)
[2018.07.17-12.32.38:561][ 15]LogModuleManager: Shutting down and abandoning module Android_ATCTargetPlatform (89)
[2018.07.17-12.32.38:561][ 15]LogModuleManager: Shutting down and abandoning module Android_ASTCTargetPlatform (87)
[2018.07.17-12.32.38:561][ 15]LogModuleManager: Shutting down and abandoning module WindowsTargetPlatform (85)
[2018.07.17-12.32.38:561][ 15]LogModuleManager: Shutting down and abandoning module WindowsServerTargetPlatform (83)
[2018.07.17-12.32.38:561][ 15]LogModuleManager: Shutting down and abandoning module WindowsNoEditorTargetPlatform (81)
[2018.07.17-12.32.38:561][ 15]LogModuleManager: Shutting down and abandoning module WindowsClientTargetPlatform (79)
[2018.07.17-12.32.38:561][ 15]LogModuleManager: Shutting down and abandoning module MacTargetPlatform (77)
[2018.07.17-12.32.38:561][ 15]LogModuleManager: Shutting down and abandoning module MacServerTargetPlatform (75)
[2018.07.17-12.32.38:561][ 15]LogModuleManager: Shutting down and abandoning module MacNoEditorTargetPlatform (73)
[2018.07.17-12.32.38:561][ 15]LogModuleManager: Shutting down and abandoning module MacClientTargetPlatform (71)
[2018.07.17-12.32.38:561][ 15]LogModuleManager: Shutting down and abandoning module AllDesktopTargetPlatform (69)
[2018.07.17-12.32.38:562][ 15]LogModuleManager: Shutting down and abandoning module InputCore (66)
[2018.07.17-12.32.38:562][ 15]LogModuleManager: Shutting down and abandoning module Settings (64)
[2018.07.17-12.32.38:562][ 15]LogModuleManager: Shutting down and abandoning module PhysXCooking (62)
[2018.07.17-12.32.38:562][ 15]LogModuleManager: Shutting down and abandoning module SteamVR (60)
[2018.07.17-12.32.38:562][ 15]LogModuleManager: Shutting down and abandoning module OculusHMD (58)
[2018.07.17-12.32.38:562][ 15]LogModuleManager: Shutting down and abandoning module ExampleDeviceProfileSelector (56)
[2018.07.17-12.32.38:562][ 15]LogModuleManager: Shutting down and abandoning module AppleARKit (54)
[2018.07.17-12.32.38:562][ 15]LogModuleManager: Shutting down and abandoning module AugmentedReality (51)
[2018.07.17-12.32.38:562][ 15]LogModuleManager: Shutting down and abandoning module OnlineBlueprintSupport (48)
[2018.07.17-12.32.38:562][ 15]LogModuleManager: Shutting down and abandoning module OnlineSubsystem (44)
[2018.07.17-12.32.38:562][ 15]LogModuleManager: Shutting down and abandoning module XMPP (43)
[2018.07.17-12.32.38:562][ 15]LogModuleManager: Shutting down and abandoning module HTTP (41)
[2018.07.17-12.32.38:562][ 15]LogHttp: Display: Http module shutting down, but needs to wait on 1 outstanding Http requests:
[2018.07.17-12.32.38:562][ 15]LogHttp: Display: 	verb=[POST] url=[https://datarouter.ol.epicgames.com/datarouter/api/v1/public/data?SessionID=%7B2F544DB7-4BCF-2775-37F6-41BA014D8132%7D&AppID=UEEditor.Rocket.Release&AppVersion=4.19.2-4033788%2B%2B%2BUE4%2BRelease-4.19&UserID=77753dc74482cab5e554728ced36d14f%7C07b09b362d3542dfbc3a0e9119d61f2f%7C69330d80-823d-4454-ac3b-063006ed3486&AppEnvironment=datacollector-binary&UploadType=eteventstream] status=Processing
[2018.07.17-12.32.38:574][ 15]LogModuleManager: Shutting down and abandoning module SSL (40)
[2018.07.17-12.32.38:575][ 15]LogModuleManager: Shutting down and abandoning module AnimationModifiers (36)
[2018.07.17-12.32.38:575][ 15]LogModuleManager: Shutting down and abandoning module PropertyEditor (35)
[2018.07.17-12.32.38:575][ 15]LogModuleManager: Shutting down and abandoning module AudioEditor (32)
[2018.07.17-12.32.38:575][ 15]LogModuleManager: Shutting down and abandoning module TextureCompressor (30)
[2018.07.17-12.32.38:575][ 15]LogModuleManager: Shutting down and abandoning module ShaderCore (28)
[2018.07.17-12.32.38:575][ 15]LogModuleManager: Shutting down and abandoning module Landscape (26)
[2018.07.17-12.32.38:575][ 15]LogModuleManager: Shutting down and abandoning module SlateRHIRenderer (24)
[2018.07.17-12.32.38:576][ 15]LogModuleManager: Shutting down and abandoning module OpenGLDrv (22)
[2018.07.17-12.32.38:576][ 15]LogModuleManager: Shutting down and abandoning module D3D11RHI (20)
[2018.07.17-12.32.38:576][ 15]LogModuleManager: Shutting down and abandoning module AnimGraphRuntime (18)
[2018.07.17-12.32.38:576][ 15]LogModuleManager: Shutting down and abandoning module Renderer (16)
[2018.07.17-12.32.38:576][ 15]LogModuleManager: Shutting down and abandoning module Engine (14)
[2018.07.17-12.32.38:576][ 15]LogModuleManager: Shutting down and abandoning module CoreUObject (12)
[2018.07.17-12.32.38:576][ 15]LogModuleManager: Shutting down and abandoning module NetworkFile (10)
[2018.07.17-12.32.38:576][ 15]LogModuleManager: Shutting down and abandoning module CookedIterativeFile (8)
[2018.07.17-12.32.38:576][ 15]LogModuleManager: Shutting down and abandoning module StreamingFile (6)
[2018.07.17-12.32.38:576][ 15]LogModuleManager: Shutting down and abandoning module SandboxFile (4)
[2018.07.17-12.32.38:576][ 15]LogModuleManager: Shutting down and abandoning module PakFile (2)
[2018.07.17-12.32.38:583][ 15]LogExit: Exiting.
[2018.07.17-12.32.38:604][ 15]Log file closed, 07/17/18 13:32:38
