Log file open, 07/09/18 13:18:20
LogWindows: Failed to load 'aqProf.dll' (GetLastError=126)
LogWindows: File 'aqProf.dll' does not exist
LogWindows: Failed to load 'VtuneApi.dll' (GetLastError=126)
LogWindows: File 'VtuneApi.dll' does not exist
LogWindows: Failed to load 'VtuneApi32e.dll' (GetLastError=126)
LogWindows: File 'VtuneApi32e.dll' does not exist
LogInit: Display: Running engine for game: GK_Rep
LogPlatformFile: Not using cached read wrapper
LogInit: Display: RandInit(1229744802) SRandInit(1229744802).
LogInit: Read version file with build ID '3944462'
LogInit: Overriding engine version to CL 4033788, compatible CL 3944462
LogInit: Registered custom module enumerator with build ID '3944462'
LogTaskGraph: Started task graph with 5 named threads and 23 total threads with 3 sets of task threads.
LogStats: Stats thread started at 0.301868
LogD3D11RHI: Aftermath initialized
LogICUInternationalization: Display: ICU TimeZone Detection - Raw Offset: +0:00, Platform Override: ''
LogModuleManager: Display: Found up-to-date module file ../../../Engine/Plugins/Marketplace/Substance/Binaries/Win64/UE4Editor-SubstanceCore.dll (API version 3944462).
LogModuleManager: Display: Found up-to-date module file ../../../Engine/Plugins/Marketplace/Substance/Binaries/Win64/UE4Editor-SubstanceEditor.dll (API version 3944462).
LogModuleManager: Display: Found up-to-date module file ../../../Engine/Plugins/Marketplace/Substance/Binaries/Win64/UE4Editor-SubstanceSource.dll (API version 3944462).
LogModuleManager: Display: Found up-to-date module file ../../../Engine/Plugins/Marketplace/Substance/Binaries/Win64/UE4Editor-SubstanceLiveLink.dll (API version 3944462).
LogModuleManager: Display: Found up-to-date module file ../../../Engine/Plugins/2D/Paper2D/Binaries/Win64/UE4Editor-Paper2D.dll (API version 3944462).
LogModuleManager: Display: Found up-to-date module file ../../../Engine/Plugins/2D/Paper2D/Binaries/Win64/UE4Editor-Paper2DEditor.dll (API version 3944462).
LogModuleManager: Display: Found up-to-date module file ../../../Engine/Plugins/2D/Paper2D/Binaries/Win64/UE4Editor-PaperSpriteSheetImporter.dll (API version 3944462).
LogModuleManager: Display: Found up-to-date module file ../../../Engine/Plugins/2D/Paper2D/Binaries/Win64/UE4Editor-PaperTiledImporter.dll (API version 3944462).
LogModuleManager: Display: Found up-to-date module file ../../../Engine/Plugins/2D/Paper2D/Binaries/Win64/UE4Editor-SmartSnapping.dll (API version 3944462).
LogModuleManager: Display: Found up-to-date module file ../../../Engine/Plugins/Blendables/LightPropagationVolume/Binaries/Win64/UE4Editor-LightPropagationVolumeRuntime.dll (API version 3944462).
LogModuleManager: Display: Found up-to-date module file ../../../Engine/Plugins/Blendables/LightPropagationVolume/Binaries/Win64/UE4Editor-LightPropagationVolumeEditor.dll (API version 3944462).
LogModuleManager: Display: Found up-to-date module file ../../../Engine/Plugins/Developer/CLionSourceCodeAccess/Binaries/Win64/UE4Editor-CLionSourceCodeAccess.dll (API version 3944462).
LogModuleManager: Display: Found up-to-date module file ../../../Engine/Plugins/Developer/GitSourceControl/Binaries/Win64/UE4Editor-GitSourceControl.dll (API version 3944462).
LogModuleManager: Display: Found up-to-date module file ../../../Engine/Plugins/Developer/PerforceSourceControl/Binaries/Win64/UE4Editor-PerforceSourceControl.dll (API version 3944462).
LogModuleManager: Display: Found up-to-date module file ../../../Engine/Plugins/Developer/SubversionSourceControl/Binaries/Win64/UE4Editor-SubversionSourceControl.dll (API version 3944462).
LogModuleManager: Display: Found up-to-date module file ../../../Engine/Plugins/Developer/UObjectPlugin/Binaries/Win64/UE4Editor-UObjectPlugin.dll (API version 3944462).
LogModuleManager: Display: Found up-to-date module file ../../../Engine/Plugins/Developer/VisualStudioCodeSourceCodeAccess/Binaries/Win64/UE4Editor-VisualStudioCodeSourceCodeAccess.dll (API version 3944462).
LogModuleManager: Display: Found up-to-date module file ../../../Engine/Plugins/Developer/VisualStudioSourceCodeAccess/Binaries/Win64/UE4Editor-VisualStudioSourceCodeAccess.dll (API version 3944462).
LogModuleManager: Display: Found up-to-date module file ../../../Engine/Plugins/Editor/AssetManagerEditor/Binaries/Win64/UE4Editor-AssetManagerEditor.dll (API version 3944462).
LogModuleManager: Display: Found up-to-date module file ../../../Engine/Plugins/Editor/CryptoKeys/Binaries/Win64/UE4Editor-CryptoKeys.dll (API version 3944462).
LogModuleManager: Display: Found up-to-date module file ../../../Engine/Plugins/Editor/CryptoKeys/Binaries/Win64/UE4Editor-CryptoKeysOpenSSL.dll (API version 3944462).
LogModuleManager: Display: Found up-to-date module file ../../../Engine/Plugins/Editor/DataValidation/Binaries/Win64/UE4Editor-DataValidation.dll (API version 3944462).
LogModuleManager: Display: Found up-to-date module file ../../../Engine/Plugins/Editor/FacialAnimation/Binaries/Win64/UE4Editor-FacialAnimation.dll (API version 3944462).
LogModuleManager: Display: Found up-to-date module file ../../../Engine/Plugins/Editor/FacialAnimation/Binaries/Win64/UE4Editor-FacialAnimationEditor.dll (API version 3944462).
LogModuleManager: Display: Found up-to-date module file ../../../Engine/Plugins/Editor/GameplayTagsEditor/Binaries/Win64/UE4Editor-GameplayTagsEditor.dll (API version 3944462).
LogModuleManager: Display: Found up-to-date module file ../../../Engine/Plugins/Editor/MobileLauncherProfileWizard/Binaries/Win64/UE4Editor-MobileLauncherProfileWizard.dll (API version 3944462).
LogModuleManager: Display: Found up-to-date module file ../../../Engine/Plugins/Editor/PluginBrowser/Binaries/Win64/UE4Editor-PluginBrowser.dll (API version 3944462).
LogModuleManager: Display: Found up-to-date module file ../../../Engine/Plugins/Editor/SpeedTreeImporter/Binaries/Win64/UE4Editor-SpeedTreeImporter.dll (API version 3944462).
LogModuleManager: Display: Found up-to-date module file ../../../Engine/Plugins/Enterprise/DatasmithContent/Binaries/Win64/UE4Editor-DatasmithContent.dll (API version 3944462).
LogModuleManager: Display: Found up-to-date module file ../../../Engine/Plugins/Experimental/AlembicImporter/Binaries/Win64/UE4Editor-AlembicImporter.dll (API version 3944462).
LogModuleManager: Display: Found up-to-date module file ../../../Engine/Plugins/Experimental/AlembicImporter/Binaries/Win64/UE4Editor-AlembicLibrary.dll (API version 3944462).
LogModuleManager: Display: Found up-to-date module file ../../../Engine/Plugins/Experimental/CharacterAI/Binaries/Win64/UE4Editor-CharacterAI.dll (API version 3944462).
LogModuleManager: Display: Found up-to-date module file ../../../Engine/Plugins/Experimental/HTML5Networking/Binaries/Win64/UE4Editor-HTML5Networking.dll (API version 3944462).
LogModuleManager: Display: Found up-to-date module file ../../../Engine/Plugins/Media/AndroidMedia/Binaries/Win64/UE4Editor-AndroidMediaEditor.dll (API version 3944462).
LogModuleManager: Display: Found up-to-date module file ../../../Engine/Plugins/Media/AndroidMedia/Binaries/Win64/UE4Editor-AndroidMediaFactory.dll (API version 3944462).
LogModuleManager: Display: Found up-to-date module file ../../../Engine/Plugins/Media/AvfMedia/Binaries/Win64/UE4Editor-AvfMediaEditor.dll (API version 3944462).
LogModuleManager: Display: Found up-to-date module file ../../../Engine/Plugins/Media/AvfMedia/Binaries/Win64/UE4Editor-AvfMediaFactory.dll (API version 3944462).
LogModuleManager: Display: Found up-to-date module file ../../../Engine/Plugins/Media/AvfMedia/Binaries/Win64/UE4Editor-AvfMediaFactory.dll (API version 3944462).
LogModuleManager: Display: Found up-to-date module file ../../../Engine/Plugins/Media/ImgMedia/Binaries/Win64/UE4Editor-ImgMedia.dll (API version 3944462).
LogModuleManager: Display: Found up-to-date module file ../../../Engine/Plugins/Media/ImgMedia/Binaries/Win64/UE4Editor-ImgMediaEditor.dll (API version 3944462).
LogModuleManager: Display: Found up-to-date module file ../../../Engine/Plugins/Media/ImgMedia/Binaries/Win64/UE4Editor-ImgMediaFactory.dll (API version 3944462).
LogModuleManager: Display: Found up-to-date module file ../../../Engine/Plugins/Media/ImgMedia/Binaries/Win64/UE4Editor-ImgMediaFactory.dll (API version 3944462).
LogModuleManager: Display: Found up-to-date module file ../../../Engine/Plugins/Media/ImgMedia/Binaries/Win64/UE4Editor-OpenExrWrapper.dll (API version 3944462).
LogModuleManager: Display: Found up-to-date module file ../../../Engine/Plugins/Media/LinearTimecode/Binaries/Win64/UE4Editor-LinearTimecode.dll (API version 3944462).
LogModuleManager: Display: Found up-to-date module file ../../../Engine/Plugins/Media/MediaCompositing/Binaries/Win64/UE4Editor-MediaCompositing.dll (API version 3944462).
LogModuleManager: Display: Found up-to-date module file ../../../Engine/Plugins/Media/MediaCompositing/Binaries/Win64/UE4Editor-MediaCompositingEditor.dll (API version 3944462).
LogModuleManager: Display: Found up-to-date module file ../../../Engine/Plugins/Media/MediaPlayerEditor/Binaries/Win64/UE4Editor-MediaPlayerEditor.dll (API version 3944462).
LogModuleManager: Display: Found up-to-date module file ../../../Engine/Plugins/Media/WmfMedia/Binaries/Win64/UE4Editor-WmfMedia.dll (API version 3944462).
LogModuleManager: Display: Found up-to-date module file ../../../Engine/Plugins/Media/WmfMedia/Binaries/Win64/UE4Editor-WmfMediaEditor.dll (API version 3944462).
LogModuleManager: Display: Found up-to-date module file ../../../Engine/Plugins/Media/WmfMedia/Binaries/Win64/UE4Editor-WmfMediaFactory.dll (API version 3944462).
LogModuleManager: Display: Found up-to-date module file ../../../Engine/Plugins/Media/WmfMedia/Binaries/Win64/UE4Editor-WmfMediaFactory.dll (API version 3944462).
LogModuleManager: Display: Found up-to-date module file ../../../Engine/Plugins/Messaging/TcpMessaging/Binaries/Win64/UE4Editor-TcpMessaging.dll (API version 3944462).
LogModuleManager: Display: Found up-to-date module file ../../../Engine/Plugins/Messaging/UdpMessaging/Binaries/Win64/UE4Editor-UdpMessaging.dll (API version 3944462).
LogModuleManager: Display: Found up-to-date module file ../../../Engine/Plugins/MovieScene/ActorSequence/Binaries/Win64/UE4Editor-ActorSequence.dll (API version 3944462).
LogModuleManager: Display: Found up-to-date module file ../../../Engine/Plugins/MovieScene/LevelSequenceEditor/Binaries/Win64/UE4Editor-LevelSequenceEditor.dll (API version 3944462).
LogModuleManager: Display: Found up-to-date module file ../../../Engine/Plugins/MovieScene/MatineeToLevelSequence/Binaries/Win64/UE4Editor-MatineeToLevelSequence.dll (API version 3944462).
LogModuleManager: Display: Found up-to-date module file ../../../Engine/Plugins/NetcodeUnitTest/NetcodeUnitTest/Binaries/Win64/UE4Editor-NetcodeUnitTest.dll (API version 3944462).
LogModuleManager: Display: Found up-to-date module file ../../../Engine/Plugins/NetcodeUnitTest/NUTUnrealEngine4/Binaries/Win64/UE4Editor-NUTUnrealEngine4.dll (API version 3944462).
LogModuleManager: Display: Found up-to-date module file ../../../Engine/Plugins/Online/OnlineSubsystem/Binaries/Win64/UE4Editor-OnlineSubsystem.dll (API version 3944462).
LogModuleManager: Display: Found up-to-date module file ../../../Engine/Plugins/Runtime/AndroidPermission/Binaries/Win64/UE4Editor-AndroidPermission.dll (API version 3944462).
LogModuleManager: Display: Found up-to-date module file ../../../Engine/Plugins/Online/OnlineSubsystemNull/Binaries/Win64/UE4Editor-OnlineSubsystemNull.dll (API version 3944462).
LogModuleManager: Display: Found up-to-date module file ../../../Engine/Plugins/Online/OnlineSubsystemUtils/Binaries/Win64/UE4Editor-OnlineSubsystemUtils.dll (API version 3944462).
LogModuleManager: Display: Found up-to-date module file ../../../Engine/Plugins/Online/OnlineSubsystemUtils/Binaries/Win64/UE4Editor-OnlineBlueprintSupport.dll (API version 3944462).
LogModuleManager: Display: Found up-to-date module file ../../../Engine/Plugins/Runtime/AndroidDeviceProfileSelector/Binaries/Win64/UE4Editor-AndroidDeviceProfileSelector.dll (API version 3944462).
LogModuleManager: Display: Found up-to-date module file ../../../Engine/Plugins/Runtime/AppleARKit/Binaries/Win64/UE4Editor-AppleARKit.dll (API version 3944462).
LogModuleManager: Display: Found up-to-date module file ../../../Engine/Plugins/Runtime/ProceduralMeshComponent/Binaries/Win64/UE4Editor-ProceduralMeshComponent.dll (API version 3944462).
LogModuleManager: Display: Found up-to-date module file ../../../Engine/Plugins/Runtime/ProceduralMeshComponent/Binaries/Win64/UE4Editor-ProceduralMeshComponentEditor.dll (API version 3944462).
LogModuleManager: Display: Found up-to-date module file ../../../Engine/Plugins/Animation/LiveLink/Binaries/Win64/UE4Editor-LiveLink.dll (API version 3944462).
LogModuleManager: Display: Found up-to-date module file ../../../Engine/Plugins/Animation/LiveLink/Binaries/Win64/UE4Editor-LiveLinkEditor.dll (API version 3944462).
LogModuleManager: Display: Found up-to-date module file ../../../Engine/Plugins/Runtime/ArchVisCharacter/Binaries/Win64/UE4Editor-ArchVisCharacter.dll (API version 3944462).
LogModuleManager: Display: Found up-to-date module file ../../../Engine/Plugins/Runtime/AudioCapture/Binaries/Win64/UE4Editor-AudioCapture.dll (API version 3944462).
LogModuleManager: Display: Found up-to-date module file ../../../Engine/Plugins/Runtime/AudioCapture/Binaries/Win64/UE4Editor-AudioCaptureEditor.dll (API version 3944462).
LogModuleManager: Display: Found up-to-date module file ../../../Engine/Plugins/Runtime/CableComponent/Binaries/Win64/UE4Editor-CableComponent.dll (API version 3944462).
LogModuleManager: Display: Found up-to-date module file ../../../Engine/Plugins/Runtime/CustomMeshComponent/Binaries/Win64/UE4Editor-CustomMeshComponent.dll (API version 3944462).
LogModuleManager: Display: Found up-to-date module file ../../../Engine/Plugins/Runtime/ExampleDeviceProfileSelector/Binaries/Win64/UE4Editor-ExampleDeviceProfileSelector.dll (API version 3944462).
LogModuleManager: Display: Found up-to-date module file ../../../Engine/Plugins/Runtime/ImmediatePhysics/Binaries/Win64/UE4Editor-ImmediatePhysics.dll (API version 3944462).
LogModuleManager: Display: Found up-to-date module file ../../../Engine/Plugins/Runtime/ImmediatePhysics/Binaries/Win64/UE4Editor-ImmediatePhysicsEditor.dll (API version 3944462).
LogModuleManager: Display: Found up-to-date module file ../../../Engine/Plugins/Runtime/LocationServicesBPLibrary/Binaries/Win64/UE4Editor-LocationServicesBPLibrary.dll (API version 3944462).
LogModuleManager: Display: Found up-to-date module file ../../../Engine/Plugins/Runtime/MobilePatchingUtils/Binaries/Win64/UE4Editor-MobilePatchingUtils.dll (API version 3944462).
LogModuleManager: Display: Found up-to-date module file ../../../Engine/Plugins/Runtime/Oculus/OculusVR/Binaries/Win64/UE4Editor-OculusHMD.dll (API version 3944462).
LogModuleManager: Display: Found up-to-date module file ../../../Engine/Plugins/Runtime/Oculus/OculusVR/Binaries/Win64/UE4Editor-OculusInput.dll (API version 3944462).
LogModuleManager: Display: Found up-to-date module file ../../../Engine/Plugins/Runtime/Oculus/OculusVR/Binaries/Win64/UE4Editor-OculusEditor.dll (API version 3944462).
LogModuleManager: Display: Found up-to-date module file ../../../Engine/Plugins/Runtime/PhysXVehicles/Binaries/Win64/UE4Editor-PhysXVehicles.dll (API version 3944462).
LogModuleManager: Display: Found up-to-date module file ../../../Engine/Plugins/Runtime/PhysXVehicles/Binaries/Win64/UE4Editor-PhysXVehiclesEditor.dll (API version 3944462).
LogModuleManager: Display: Found up-to-date module file ../../../Engine/Plugins/Runtime/RuntimePhysXCooking/Binaries/Win64/UE4Editor-RuntimePhysXCooking.dll (API version 3944462).
LogModuleManager: Display: Found up-to-date module file ../../../Engine/Plugins/Runtime/Steam/SteamVR/Binaries/Win64/UE4Editor-SteamVR.dll (API version 3944462).
LogModuleManager: Display: Found up-to-date module file ../../../Engine/Plugins/Runtime/Steam/SteamVR/Binaries/Win64/UE4Editor-SteamVRController.dll (API version 3944462).
LogModuleManager: Display: Found up-to-date module file ../../../Engine/Plugins/Runtime/WindowsMoviePlayer/Binaries/Win64/UE4Editor-WindowsMoviePlayer.dll (API version 3944462).
LogPluginManager: Mounting plugin Paper2D
LogPluginManager: Mounting plugin LiveLink
LogPluginManager: Mounting plugin LightPropagationVolume
LogPluginManager: Mounting plugin CLionSourceCodeAccess
LogPluginManager: Mounting plugin CodeLiteSourceCodeAccess
LogPluginManager: Mounting plugin GitSourceControl
LogPluginManager: Mounting plugin KDevelopSourceCodeAccess
LogPluginManager: Mounting plugin NullSourceCodeAccess
LogPluginManager: Mounting plugin PerforceSourceControl
LogPluginManager: Mounting plugin SubversionSourceControl
LogPluginManager: Mounting plugin UObjectPlugin
LogPluginManager: Mounting plugin VisualStudioCodeSourceCodeAccess
LogPluginManager: Mounting plugin VisualStudioSourceCodeAccess
LogPluginManager: Mounting plugin XCodeSourceCodeAccess
LogPluginManager: Mounting plugin AssetManagerEditor
LogPluginManager: Mounting plugin CryptoKeys
LogPluginManager: Mounting plugin DataValidation
LogPluginManager: Mounting plugin FacialAnimation
LogPluginManager: Mounting plugin GameplayTagsEditor
LogPluginManager: Mounting plugin MobileLauncherProfileWizard
LogPluginManager: Mounting plugin PluginBrowser
LogPluginManager: Mounting plugin SpeedTreeImporter
LogPluginManager: Mounting plugin DatasmithContent
LogPluginManager: Mounting plugin AlembicImporter
LogPluginManager: Mounting plugin CharacterAI
LogPluginManager: Mounting plugin HTML5Networking
LogPluginManager: Mounting plugin Substance
LogPluginManager: Mounting plugin AndroidMedia
LogPluginManager: Mounting plugin AvfMedia
LogPluginManager: Mounting plugin ImgMedia
LogPluginManager: Mounting plugin LinearTimecode
LogPluginManager: Mounting plugin MediaCompositing
LogPluginManager: Mounting plugin MediaPlayerEditor
LogPluginManager: Mounting plugin WmfMedia
LogPluginManager: Mounting plugin TcpMessaging
LogPluginManager: Mounting plugin UdpMessaging
LogPluginManager: Mounting plugin ActorSequence
LogPluginManager: Mounting plugin LevelSequenceEditor
LogPluginManager: Mounting plugin MatineeToLevelSequence
LogPluginManager: Mounting plugin NetcodeUnitTest
LogPluginManager: Mounting plugin NUTUnrealEngine4
LogPluginManager: Mounting plugin OnlineSubsystemGooglePlay
LogPluginManager: Mounting plugin OnlineSubsystemIOS
LogPluginManager: Mounting plugin OnlineSubsystem
LogPluginManager: Mounting plugin OnlineSubsystemNull
LogPluginManager: Mounting plugin OnlineSubsystemUtils
LogPluginManager: Mounting plugin AndroidDeviceProfileSelector
LogPluginManager: Mounting plugin AndroidMoviePlayer
LogPluginManager: Mounting plugin AndroidPermission
LogPluginManager: Mounting plugin AppleARKit
LogPluginManager: Mounting plugin AppleMoviePlayer
LogPluginManager: Mounting plugin ArchVisCharacter
LogPluginManager: Mounting plugin AudioCapture
LogPluginManager: Mounting plugin CableComponent
LogPluginManager: Mounting plugin CustomMeshComponent
LogPluginManager: Mounting plugin ExampleDeviceProfileSelector
LogPluginManager: Mounting plugin GoogleCloudMessaging
LogPluginManager: Mounting plugin ImmediatePhysics
LogPluginManager: Mounting plugin IOSDeviceProfileSelector
LogPluginManager: Mounting plugin LinuxDeviceProfileSelector
LogPluginManager: Mounting plugin LocationServicesBPLibrary
LogPluginManager: Mounting plugin MobilePatchingUtils
LogPluginManager: Mounting plugin OculusVR
LogPluginManager: Plugin shader directory ../../../Engine/Plugins/Runtime/Oculus/OculusVR/Shaders found
LogPluginManager: Mapping shader source directory ../../../Engine/Plugins/Runtime/Oculus/OculusVR/Shaders to virtual directory /Plugin/OculusVR
LogPluginManager: Mounting plugin PhysXVehicles
LogPluginManager: Mounting plugin ProceduralMeshComponent
LogPluginManager: Mounting plugin RuntimePhysXCooking
LogPluginManager: Mounting plugin SteamVR
LogPluginManager: Mounting plugin WindowsMoviePlayer
LogStreaming: Display: Took  1.649s to configure plugins.
LogInit: Using libcurl 7.47.1
LogInit:  - built for x86_64-pc-win32
LogInit:  - supports SSL with OpenSSL/1.0.2g
LogInit:  - supports HTTP deflate (compression) using libz 1.2.8
LogInit:  - other features:
LogInit:      CURL_VERSION_SSL
LogInit:      CURL_VERSION_LIBZ
LogInit:      CURL_VERSION_IPV6
LogInit:      CURL_VERSION_ASYNCHDNS
LogInit:      CURL_VERSION_LARGEFILE
LogInit:      CURL_VERSION_IDN
LogInit:  CurlRequestOptions (configurable via config and command line):
LogInit:  - bVerifyPeer = false  - Libcurl will NOT verify peer certificate
LogInit:  - bUseHttpProxy = false  - Libcurl will NOT use HTTP proxy
LogInit:  - bDontReuseConnections = false  - Libcurl will reuse connections
LogInit:  - CertBundlePath = nullptr  - Libcurl will use whatever was configured at build time.
LogInit:  - MaxHostConnections = 16  - Libcurl will limit the number of connections to a host
LogInit:  - LocalHostAddr = Default
LogInit: WinSock: version 1.1 (2.2), MaxSocks=32767, MaxUdp=65467
LogInit: WinSock: I am CC1601T2-LW1669 (10.33.181.6:0)
LogInit: Build: ++UE4+Release-4.19-CL-4033788
LogInit: Engine Version: 4.19.2-4033788+++UE4+Release-4.19
LogInit: Compatible Engine Version: 4.19.0-3944462+++UE4+Release-4.19
LogInit: Net CL: 3944462
LogDevObjectVersion: Number of dev versions registered: 18
LogDevObjectVersion:   Dev-Blueprints (B0D832E4-1F89-4F0D-ACCF-7EB736FD4AA2): 10
LogDevObjectVersion:   Dev-Build (E1C64328-A22C-4D53-A36C-8E866417BD8C): 0
LogDevObjectVersion:   Dev-Core (375EC13C-06E4-48FB-B500-84F0262A717E): 2
LogDevObjectVersion:   Dev-Editor (E4B068ED-F494-42E9-A231-DA0B2E46BB41): 23
LogDevObjectVersion:   Dev-Framework (CFFC743F-43B0-4480-9391-14DF171D2073): 33
LogDevObjectVersion:   Dev-Mobile (B02B49B5-BB20-44E9-A304-32B752E40360): 2
LogDevObjectVersion:   Dev-Networking (A4E4105C-59A1-49B5-A7C5-40C4547EDFEE): 0
LogDevObjectVersion:   Dev-Online (39C831C9-5AE6-47DC-9A44-9C173E1C8E7C): 0
LogDevObjectVersion:   Dev-Physics (78F01B33-EBEA-4F98-B9B4-84EACCB95AA2): 0
LogDevObjectVersion:   Dev-Platform (6631380F-2D4D-43E0-8009-CF276956A95A): 0
LogDevObjectVersion:   Dev-Rendering (12F88B9F-8875-4AFC-A67C-D90C383ABD29): 25
LogDevObjectVersion:   Dev-Sequencer (7B5AE74C-D270-4C10-A958-57980B212A5A): 6
LogDevObjectVersion:   Dev-VR (D7296918-1DD6-4BDD-9DE2-64A83CC13884): 1
LogDevObjectVersion:   Dev-LoadTimes (C2A15278-BFE7-4AFE-6C17-90FF531DF755): 1
LogDevObjectVersion:   Private-Geometry (6EACA3D4-40EC-4CC1-B786-8BED09428FC5): 2
LogDevObjectVersion:   Dev-AnimPhys (29E575DD-E0A3-4627-9D10-D276232CDCEA): 16
LogDevObjectVersion:   Dev-ReflectionCapture (6B266CEC-1EC7-4B8F-A30B-E4D90942FC07): 1
LogDevObjectVersion:   Dev-Automation (0DF73D61-A23F-47EA-B727-89E90C41499A): 1
LogInit: Compiled (64-bit): Apr 27 2018 02:06:57
LogInit: Compiled with Visual C++: 19.00.24215.01
LogInit: Build Configuration: Development
LogInit: Branch Name: ++UE4+Release-4.19
LogInit: Command Line:  
LogInit: Base Directory: C:/Program Files/Epic Games/UE_4.19/Engine/Binaries/Win64/
LogInit: Installed Engine Build: 1
LogStreaming: Display: Took  0.001s to delete old logs.
LogInit: Presizing for max 8388607 objects, including 0 objects not considered by GC, pre-allocating 0 bytes for permanent pool.
LogInit: Object subsystem initialized
[2018.07.09-12.18.22:763][  0]LogInit: Selected Device Profile: [Windows]
[2018.07.09-12.18.22:763][  0]LogInit: Applying CVar settings loaded from the selected device profile: [Windows]
[2018.07.09-12.18.22:776][  0]LogInit: Computer: CC1601T2-LW1669
[2018.07.09-12.18.22:776][  0]LogInit: User: NTI
[2018.07.09-12.18.22:776][  0]LogInit: CPU Page size=4096, Cores=4
[2018.07.09-12.18.22:776][  0]LogInit: High frequency timer resolution =2.531250 MHz
[2018.07.09-12.18.22:777][  0]LogMemory: Memory total: Physical=15.4GB (16GB approx)
[2018.07.09-12.18.22:777][  0]LogMemory: Platform Memory Stats for Windows
[2018.07.09-12.18.22:777][  0]LogMemory: Process Physical Memory: 274.47 MB used, 274.47 MB peak
[2018.07.09-12.18.22:777][  0]LogMemory: Process Virtual Memory: 264.87 MB used, 264.87 MB peak
[2018.07.09-12.18.22:777][  0]LogMemory: Physical Memory: 8429.91 MB used,  7332.47 MB free, 15762.38 MB total
[2018.07.09-12.18.22:777][  0]LogMemory: Virtual Memory: 4779.99 MB used,  7332.47 MB free, 134217728.00 MB total
[2018.07.09-12.18.23:189][  0]LogInit: Using OS detected language (en-US).
[2018.07.09-12.18.23:190][  0]LogInit: Using OS detected locale (en-GB).
[2018.07.09-12.18.23:193][  0]LogTextLocalizationManager: No specific localization for 'en-US' exists, so the 'en' localization will be used.
[2018.07.09-12.18.23:709][  0]LogStreaming: Display: Took  0.520s to EndInitTextLocalization.
[2018.07.09-12.18.23:709][  0]LogInit: Setting process to per monitor DPI aware
[2018.07.09-12.18.23:746][  0]LogSlate: New Slate User Created.  User Index 0, Is Virtual User: 0
[2018.07.09-12.18.23:746][  0]LogSlate: Slate User Registered.  User Index 0, Is Virtual User: 0
[2018.07.09-12.18.24:005][  0]LogD3D11RHI: D3D11 adapters:
[2018.07.09-12.18.24:061][  0]LogD3D11RHI:    0. 'NVIDIA Quadro M1000M' (Feature Level 11_0)
[2018.07.09-12.18.24:061][  0]LogD3D11RHI:       4063/0/7881 MB DedicatedVideo/DedicatedSystem/SharedSystem, Outputs:1, VendorId:0x10de
[2018.07.09-12.18.24:069][  0]LogD3D11RHI:    1. 'Intel(R) HD Graphics 530' (Feature Level 11_0)
[2018.07.09-12.18.24:070][  0]LogD3D11RHI:       128/0/7881 MB DedicatedVideo/DedicatedSystem/SharedSystem, Outputs:0, VendorId:0x8086
[2018.07.09-12.18.24:073][  0]LogD3D11RHI:    2. 'Microsoft Basic Render Driver' (Feature Level 11_0)
[2018.07.09-12.18.24:073][  0]LogD3D11RHI:       0/0/7881 MB DedicatedVideo/DedicatedSystem/SharedSystem, Outputs:0, VendorId:0x1414
[2018.07.09-12.18.24:073][  0]LogD3D11RHI: Chosen D3D11 Adapter: 0
[2018.07.09-12.18.24:093][  0]LogD3D11RHI: Creating new Direct3DDevice
[2018.07.09-12.18.24:093][  0]LogD3D11RHI:     GPU DeviceId: 0x13b1 (for the marketing name, search the web for "GPU Device Id")
[2018.07.09-12.18.24:093][  0]LogWindows: EnumDisplayDevices:
[2018.07.09-12.18.24:093][  0]LogWindows:    0. 'Intel(R) HD Graphics 530' (P:1 D:1)
[2018.07.09-12.18.24:094][  0]LogWindows:    1. 'Intel(R) HD Graphics 530' (P:0 D:0)
[2018.07.09-12.18.24:094][  0]LogWindows:    2. 'Intel(R) HD Graphics 530' (P:0 D:0)
[2018.07.09-12.18.24:095][  0]LogWindows:    3. 'NVIDIA Quadro M1000M' (P:0 D:0)
[2018.07.09-12.18.24:095][  0]LogWindows:    4. 'NVIDIA Quadro M1000M' (P:0 D:0)
[2018.07.09-12.18.24:096][  0]LogWindows:    5. 'NVIDIA Quadro M1000M' (P:0 D:0)
[2018.07.09-12.18.24:096][  0]LogWindows:    6. 'NVIDIA Quadro M1000M' (P:0 D:0)
[2018.07.09-12.18.24:096][  0]LogWindows: DebugString: GetVideoDriverDetailsInvalid PrimaryIsNotTheChoosenAdapter GetVideoDriverDetailsInvalid PrimaryIsNotTheChoosenAdapter GetVideoDriverDetailsInvalid PrimaryIsNotTheChoosenAdapter GetVideoDriverDetailsInvalid PrimaryIsNotTheChoosenAdapter GetVideoDriverDetailsInvalid PrimaryIsNotTheChoosenAdapter GetVideoDriverDetailsInvalid PrimaryIsNotTheChoosenAdapter GetVideoDriverDetailsInvalid PrimaryIsNotTheChoosenAdapter FoundDriverCount:0 
[2018.07.09-12.18.24:096][  0]LogD3D11RHI:     Adapter Name: NVIDIA Quadro M1000M
[2018.07.09-12.18.24:096][  0]LogD3D11RHI:   Driver Version: Unknown (internal:Unknown, unified:Unknown)
[2018.07.09-12.18.24:096][  0]LogD3D11RHI:      Driver Date: Unknown
[2018.07.09-12.18.24:096][  0]LogRHI: Texture pool is 2844 MB (70% of 4063 MB)
[2018.07.09-12.18.24:127][  0]LogD3D11RHI: [Aftermath] Aftermath enabled but failed to initialize
[2018.07.09-12.18.24:127][  0]LogD3D11RHI: [Aftermath] Aftermath enabled and primed
[2018.07.09-12.18.24:127][  0]LogD3D11RHI: Async texture creation enabled
[2018.07.09-12.18.24:139][  0]LogD3D11RHI: GPU Timing Frequency: 1000.000000 (Debug: 2 1)
[2018.07.09-12.18.24:140][  0]LogShaderCompilers: Guid format shader working directory is 1 characters bigger than the processId version (../../../../../../Users/NTI/Desktop/GK_Rep/Intermediate/Shaders/WorkingDirectory/20536/).
[2018.07.09-12.18.24:140][  0]LogShaderCompilers: Cleaned the shader compiler working directory 'C:/Users/NTI/AppData/Local/Temp/UnrealShaderWorkingDir/62A633754C68F87BC83FD5A7024A0586/'.
[2018.07.09-12.18.24:416][  0]LogTemp: Display: Loaded TP AllDesktopTargetPlatform
[2018.07.09-12.18.24:432][  0]LogTemp: Display: Loaded TP MacClientTargetPlatform
[2018.07.09-12.18.24:447][  0]LogTemp: Display: Loaded TP MacNoEditorTargetPlatform
[2018.07.09-12.18.24:463][  0]LogTemp: Display: Loaded TP MacServerTargetPlatform
[2018.07.09-12.18.24:484][  0]LogTemp: Display: Loaded TP MacTargetPlatform
[2018.07.09-12.18.24:503][  0]LogTemp: Display: Loaded TP WindowsClientTargetPlatform
[2018.07.09-12.18.24:519][  0]LogTemp: Display: Loaded TP WindowsNoEditorTargetPlatform
[2018.07.09-12.18.24:535][  0]LogTemp: Display: Loaded TP WindowsServerTargetPlatform
[2018.07.09-12.18.24:545][  0]LogTemp: Display: Loaded TP WindowsTargetPlatform
[2018.07.09-12.18.24:560][  0]LogTemp: Display: Loaded TP Android_ASTCTargetPlatform
[2018.07.09-12.18.24:575][  0]LogTemp: Display: Loaded TP Android_ATCTargetPlatform
[2018.07.09-12.18.24:587][  0]LogTemp: Display: Loaded TP Android_DXTTargetPlatform
[2018.07.09-12.18.24:605][  0]LogTemp: Display: Loaded TP Android_ETC1aTargetPlatform
[2018.07.09-12.18.24:626][  0]LogTemp: Display: Loaded TP Android_ETC1TargetPlatform
[2018.07.09-12.18.24:642][  0]LogTemp: Display: Loaded TP Android_ETC2TargetPlatform
[2018.07.09-12.18.24:672][  0]LogTemp: Display: Loaded TP Android_MultiTargetPlatform
[2018.07.09-12.18.24:672][  0]LogTemp: Display: Loaded TP Android_PVRTCTargetPlatform
[2018.07.09-12.18.24:685][  0]LogTemp: Display: Loaded TP AndroidTargetPlatform
[2018.07.09-12.18.24:686][  0]LogTemp: Display: Loaded TP HTML5TargetPlatform
[2018.07.09-12.18.24:728][  0]LogTemp: Display: Loaded TP IOSTargetPlatform
[2018.07.09-12.18.24:742][  0]LogTemp: Display: Loaded TP TVOSTargetPlatform
[2018.07.09-12.18.24:756][  0]LogTemp: Display: Loaded TP LinuxClientTargetPlatform
[2018.07.09-12.18.24:771][  0]LogTemp: Display: Loaded TP LinuxNoEditorTargetPlatform
[2018.07.09-12.18.24:785][  0]LogTemp: Display: Loaded TP LinuxServerTargetPlatform
[2018.07.09-12.18.24:799][  0]LogTemp: Display: Loaded TP LinuxTargetPlatform
[2018.07.09-12.18.24:799][  0]LogTargetPlatformManager: Display: Building Assets For Windows
[2018.07.09-12.18.24:955][  0]LogXGEController: Cleaning working directory: C:/Users/NTI/AppData/Local/Temp/UnrealXGEWorkingDir/
[2018.07.09-12.18.24:956][  0]LogXGEController: Cannot use XGE Controller as Incredibuild is not installed on this machine.
[2018.07.09-12.18.24:956][  0]LogShaderCompilers: Cannot use XGE Shader Compiler as Incredibuild is not installed on this machine.
[2018.07.09-12.18.24:956][  0]LogShaderCompilers: Display: Using Local Shader Compiler.
[2018.07.09-12.18.25:778][  0]LogDerivedDataCache: Display: Max Cache Size: 512 MB
[2018.07.09-12.18.25:881][  0]LogDerivedDataCache: Loaded boot cache 0.10s 75MB C:/Users/NTI/AppData/Local/UnrealEngine/4.19/DerivedDataCache/Boot.ddc.
[2018.07.09-12.18.25:881][  0]LogDerivedDataCache: Display: Loaded Boot cache: C:/Users/NTI/AppData/Local/UnrealEngine/4.19/DerivedDataCache/Boot.ddc
[2018.07.09-12.18.25:881][  0]LogDerivedDataCache: FDerivedDataBackendGraph:  Pak pak cache file ../../../../../../Users/NTI/Desktop/GK_Rep/DerivedDataCache/DDC.ddp not found, will not use a pak cache.
[2018.07.09-12.18.25:881][  0]LogDerivedDataCache: Unable to find inner node Pak for hierarchical cache Hierarchy.
[2018.07.09-12.18.25:881][  0]LogDerivedDataCache: FDerivedDataBackendGraph:  CompressedPak pak cache file ../../../../../../Users/NTI/Desktop/GK_Rep/DerivedDataCache/Compressed.ddp not found, will not use a pak cache.
[2018.07.09-12.18.25:881][  0]LogDerivedDataCache: Unable to find inner node CompressedPak for hierarchical cache Hierarchy.
[2018.07.09-12.18.25:899][  0]LogDerivedDataCache: Display: Pak cache opened for reading ../../../Engine/DerivedDataCache/Compressed.ddp.
[2018.07.09-12.18.25:913][  0]LogDerivedDataCache: Using Local data cache path C:/Users/NTI/AppData/Local/UnrealEngine/Common/DerivedDataCache: Writable
[2018.07.09-12.18.25:913][  0]LogDerivedDataCache: Shared data cache path not found in *engine.ini, will not use an Shared cache.
[2018.07.09-12.18.25:913][  0]LogDerivedDataCache: Unable to find inner node Shared for hierarchical cache Hierarchy.
[2018.07.09-12.18.25:927][  0]LogMaterial: Verifying Global Shaders for PCD3D_SM5
[2018.07.09-12.18.25:927][  0]LogSlate: Using Freetype 2.6.0
[2018.07.09-12.18.25:928][  0]LogSlate: SlateFontCache - WITH_FREETYPE: 1, WITH_HARFBUZZ: 1
[2018.07.09-12.18.25:928][  0]LogSlate: SlateFontCache - WITH_FREETYPE: 1, WITH_HARFBUZZ: 1
[2018.07.09-12.18.26:094][  0]LogAssetRegistry: FAssetRegistry took 0.0265 seconds to start up
[2018.07.09-12.18.26:456][  0]LogInit: Selected Device Profile: [Windows]
[2018.07.09-12.18.26:639][  0]LogSimplygon: Simplygon DLL not present - disabling.
[2018.07.09-12.18.26:643][  0]LogMeshReduction: Using SimplygonSwarm for distributed automatic mesh merging
[2018.07.09-12.18.26:643][  0]LogMeshReduction: Using QuadricMeshReduction for automatic static mesh reduction
[2018.07.09-12.18.26:644][  0]LogMeshReduction: No automatic skeletal mesh reduction module available
[2018.07.09-12.18.26:644][  0]LogMeshReduction: No automatic mesh merging module available
[2018.07.09-12.18.26:644][  0]LogMeshMerging: No automatic mesh merging module available
[2018.07.09-12.18.26:690][  0]LogNetVersion: GK_Rep , NetCL: 3944462, EngineNetVer: 2, GameNetVer: 0 (Checksum: 181273889)
[2018.07.09-12.18.27:353][  0]LogPackageLocalizationCache: Processed 9 localized package path(s) for 2 prioritized culture(s) in 0.153036 seconds
[2018.07.09-12.18.27:366][  0]LogUObjectArray: 36728 objects as part of root set at end of initial load.
[2018.07.09-12.18.27:367][  0]LogUObjectAllocator: 7314304 out of 0 bytes used by permanent object pool.
[2018.07.09-12.18.27:367][  0]LogUObjectArray: CloseDisregardForGC: 0/0 objects in disregard for GC pool
[2018.07.09-12.18.29:584][  0]LogSubstanceCoreModule: Substance [CPU] Engine Loaded, Max Texture Size = 2048
[2018.07.09-12.18.29:612][  0]LogTcpMessaging: Initializing TcpMessaging bridge
[2018.07.09-12.18.29:648][  0]LogUdpMessaging: Initializing bridge on interface 0.0.0.0:0 to multicast group 230.0.0.1:6666.
[2018.07.09-12.18.30:142][  0]SourceControl: Source control is disabled
[2018.07.09-12.18.30:142][  0]SourceControl: Source control is disabled
[2018.07.09-12.18.30:168][  0]SourceControl: Source control is disabled
[2018.07.09-12.18.30:193][  0]SourceControl: Source control is disabled
[2018.07.09-12.18.30:886][  0]LogAndroidPermission: UAndroidPermissionCallbackProxy::GetInstance
[2018.07.09-12.18.31:091][  0]LogOcInput: OculusInput pre-init called
[2018.07.09-12.18.31:434][  0]LogEngine: Initializing Engine...
[2018.07.09-12.18.31:438][  0]LogHMD: Failed to initialize OpenVR with code 110
[2018.07.09-12.18.31:439][  0]LogStats: UGameplayTagsManager::ConstructGameplayTagTree: Construct from data asset -  0.000 s
[2018.07.09-12.18.31:439][  0]LogStats: UGameplayTagsManager::ConstructGameplayTagTree: GameplayTagTreeChangedEvent.Broadcast -  0.000 s
[2018.07.09-12.18.31:780][  0]LogAIModule: Creating AISystem for world Untitled
[2018.07.09-12.18.31:788][  0]LogInit: XAudio2 using 'Speaker/HP (Realtek High Definition Audio)' : 2 channels at 48 kHz using 32 bits per sample (channel mask 0x3)
[2018.07.09-12.18.31:942][  0]LogInit: FAudioDevice initialized.
[2018.07.09-12.18.32:016][  0]LogDerivedDataCache: Saved boot cache 0.07s 75MB C:/Users/NTI/AppData/Local/UnrealEngine/4.19/DerivedDataCache/Boot.ddc.
[2018.07.09-12.18.32:028][  0]LogInit: Texture streaming: Enabled
[2018.07.09-12.18.32:052][  0]LogEngineSessionManager: EngineSessionManager initialized
[2018.07.09-12.18.32:069][  0]LogInit: Transaction tracking system initialized
[2018.07.09-12.18.32:105][  0]BlueprintLog: New page: Editor Load
[2018.07.09-12.18.32:211][  0]LocalizationService: Localization service is disabled
[2018.07.09-12.18.32:343][  0]LogConsoleResponse: Display: 
[2018.07.09-12.18.32:538][  0]LogCook: Display: Max memory allowance for cook 16384mb min free memory 0mb
[2018.07.09-12.18.32:538][  0]LogCook: Display: Mobile HDR setting 1
[2018.07.09-12.18.32:538][  0]LogGameplayTags: Display: UGameplayTagsManager::DoneAddingNativeTags. DelegateIsBound: 0
[2018.07.09-12.18.32:539][  0]LogStats: UGameplayTagsManager::ConstructGameplayTagTree: Construct from data asset -  0.000 s
[2018.07.09-12.18.32:539][  0]LogStats: UGameplayTagsManager::ConstructGameplayTagTree: GameplayTagTreeChangedEvent.Broadcast -  0.000 s
[2018.07.09-12.18.32:934][  0]LogFileCache: Scanning file cache for directory 'C:/Users/NTI/Desktop/GK_Rep/Content/' took 0.02s
[2018.07.09-12.18.33:085][  0]SourceControl: Source control is disabled
[2018.07.09-12.18.33:085][  0]Cmd: MAP LOAD FILE="../../../../../../Users/NTI/Desktop/GK_Rep/Content/Maps/Map_01.umap" TEMPLATE=0 SHOWPROGRESS=1 FEATURELEVEL=3
[2018.07.09-12.18.33:085][  0]LightingResults: New page: Lighting Build
[2018.07.09-12.18.33:089][  0]MapCheck: New page: Map Check
[2018.07.09-12.18.33:089][  0]LightingResults: New page: Lighting Build
[2018.07.09-12.18.33:155][  0]LogUObjectGlobals: Created PersistentFrame Addr=0x0000024d5a54f740, Size=64, Default__ThirdPerson_AnimBP_C Function /Game/Mannequin/Animations/ThirdPerson_AnimBP.ThirdPerson_AnimBP_C:ExecuteUbergraph_ThirdPerson_AnimBP
[2018.07.09-12.18.33:167][  0]LogUObjectGlobals: Destroyed PersistentFrame Addr=0x0000024d5a54f740, Size=64
[2018.07.09-12.18.33:168][  0]LogUObjectGlobals: Created PersistentFrame Addr=0x0000024d5a54f800, Size=64, Default__ThirdPerson_AnimBP_C Function /Engine/Transient.REINST_ThirdPerson_AnimBP_C_0:ExecuteUbergraph_ThirdPerson_AnimBP
[2018.07.09-12.18.33:176][  0]LogUObjectGlobals: Created PersistentFrame Addr=0x0000024d53c10e50, Size=72, Default__ThirdPerson_AnimBP_C Function /Game/Mannequin/Animations/ThirdPerson_AnimBP.ThirdPerson_AnimBP_C:ExecuteUbergraph_ThirdPerson_AnimBP
[2018.07.09-12.18.33:226][  0]LogUObjectGlobals: Created PersistentFrame Addr=0x0000024d53bb4b80, Size=296, Default__ThirdPersonCharacter_C Function /Game/ThirdPersonBP/Blueprints/ThirdPersonCharacter.ThirdPersonCharacter_C:ExecuteUbergraph_ThirdPersonCharacter
[2018.07.09-12.18.33:232][  0]LogUObjectGlobals: Destroyed PersistentFrame Addr=0x0000024d53bb4b80, Size=296
[2018.07.09-12.18.33:232][  0]LogUObjectGlobals: Created PersistentFrame Addr=0x0000024d53b63c40, Size=296, Default__ThirdPersonCharacter_C Function /Engine/Transient.REINST_ThirdPersonCharacter_C_4:ExecuteUbergraph_ThirdPersonCharacter
[2018.07.09-12.18.33:240][  0]LogUObjectGlobals: Created PersistentFrame Addr=0x0000024d53b62fc0, Size=296, Default__ThirdPersonCharacter_C Function /Game/ThirdPersonBP/Blueprints/ThirdPersonCharacter.ThirdPersonCharacter_C:ExecuteUbergraph_ThirdPersonCharacter
[2018.07.09-12.18.33:337][  0]LogUObjectGlobals: Created PersistentFrame Addr=0x0000024d54305800, Size=152, Default__Map_01_C Function /Game/Maps/Map_01.Map_01_C:ExecuteUbergraph_Map_01
[2018.07.09-12.18.33:344][  0]LogUObjectGlobals: Destroyed PersistentFrame Addr=0x0000024d54305800, Size=152
[2018.07.09-12.18.33:344][  0]LogUObjectGlobals: Created PersistentFrame Addr=0x0000024d542da340, Size=152, Default__Map_01_C Function /Engine/Transient.REINST_Map_01_C_8:ExecuteUbergraph_Map_01
[2018.07.09-12.18.33:350][  0]LogUObjectGlobals: Created PersistentFrame Addr=0x0000024d5427f4c0, Size=152, Default__Map_01_C Function /Game/Maps/Map_01.Map_01_C:ExecuteUbergraph_Map_01
[2018.07.09-12.18.33:541][  0]LogSkeletalMesh: Skeletal Mesh found in DDC [12.464988ms] /Game/Mannequin/Character/Mesh/SK_Mannequin.SK_Mannequin
[2018.07.09-12.18.33:670][  0]LogAIModule: Creating AISystem for world Map_01
[2018.07.09-12.18.33:747][  0]LogEditorServer: Finished looking for orphan Actors (0.000 secs)
[2018.07.09-12.18.33:771][  0]LogUObjectGlobals: Destroyed PersistentFrame Addr=0x0000024d5a54f800, Size=64
[2018.07.09-12.18.33:771][  0]LogUObjectGlobals: Destroyed PersistentFrame Addr=0x0000024d53b63c40, Size=296
[2018.07.09-12.18.33:771][  0]LogUObjectGlobals: Destroyed PersistentFrame Addr=0x0000024d542da340, Size=152
[2018.07.09-12.18.33:772][  0]Cmd: MAP CHECKDEP NOCLEARLOG
[2018.07.09-12.18.33:870][  0]MapCheck: Map check complete: 0 Error(s), 0 Warning(s), took 97.162ms to complete.
[2018.07.09-12.18.33:870][  0]LogFileHelpers: Loading map 'Map_01' took 0.786
[2018.07.09-12.18.34:034][  0]LogCollectionManager: Loaded 0 collections in 0.002978 seconds
[2018.07.09-12.18.34:082][  0]LogFileCache: Scanning file cache for directory 'C:/Users/NTI/Desktop/GK_Rep/Saved/Collections/' took 0.01s
[2018.07.09-12.18.34:082][  0]LogFileCache: Scanning file cache for directory 'C:/Users/NTI/Desktop/GK_Rep/Content/Developers/NTI/Collections/' took 0.01s
[2018.07.09-12.18.34:082][  0]LogFileCache: Scanning file cache for directory 'C:/Users/NTI/Desktop/GK_Rep/Content/Collections/' took 0.01s
[2018.07.09-12.18.34:082][  0]LogCollectionManager: Rebuilt the GUID cache for 0 collections in 0.000000 seconds
[2018.07.09-12.18.34:096][  0]LogContentBrowser: Native class hierarchy populated in 0.0135 seconds. Added 2466 classes and 564 folders.
[2018.07.09-12.18.34:105][  0]LogContentBrowser: Native class hierarchy updated for 'WidgetCarousel' in 0.0003 seconds. Added 0 classes and 0 folders.
[2018.07.09-12.18.34:172][  0]LogContentBrowser: Native class hierarchy updated for 'AddContentDialog' in 0.0003 seconds. Added 0 classes and 0 folders.
[2018.07.09-12.18.34:179][  0]LogContentBrowser: Native class hierarchy updated for 'SceneOutliner' in 0.0004 seconds. Added 1 classes and 2 folders.
[2018.07.09-12.18.34:208][  0]LogSlate: Took 0.000243 seconds to synchronously load lazily loaded font '../../../Engine/Content/Slate/Fonts/Roboto-Regular.ttf' (155K)
[2018.07.09-12.18.34:210][  0]LogSlate: Took 0.000407 seconds to synchronously load lazily loaded font '../../../Engine/Content/Slate/Fonts/Roboto-Bold.ttf' (160K)
[2018.07.09-12.18.34:216][  0]LogSlate: Took 0.000360 seconds to synchronously load lazily loaded font '../../../Engine/Content/Editor/Slate/Fonts/FontAwesome.ttf' (139K)
[2018.07.09-12.18.34:342][  0]LogRenderer: Reallocating scene render targets to support 836x340 Format 9 NumSamples 1 (Frame:1).
[2018.07.09-12.18.34:617][  0]LogContentBrowser: Native class hierarchy updated for 'HierarchicalLODOutliner' in 0.0013 seconds. Added 0 classes and 0 folders.
[2018.07.09-12.18.34:618][  0]LogLoad: (Engine Initialization) Total time: 15.34 seconds
[2018.07.09-12.18.34:618][  0]LogLoad: (Engine Initialization) Total Blueprint compile time: 0.00 seconds
[2018.07.09-12.18.34:989][  0]LogContentStreaming: Texture pool size now 800 MB
[2018.07.09-12.18.35:080][  0]LogSlate: Took 0.000370 seconds to synchronously load lazily loaded font '../../../Engine/Content/Slate/Fonts/Roboto-Light.ttf' (167K)
[2018.07.09-12.18.35:097][  1]LogSubstanceLiveLink: Warning: Unable to send data along socket, closing connection
[2018.07.09-12.18.35:610][  2]LogD3D11RHI: Timed out while waiting for GPU to catch up. (0.5 s)
[2018.07.09-12.18.35:651][  2]LogAssetRegistry: Asset discovery search completed in 9.5795 seconds
[2018.07.09-12.18.35:657][  2]LogCollectionManager: Rebuilt the object cache for 0 collections in 0.000001 seconds (found 0 objects)
[2018.07.09-12.18.35:657][  2]LogCollectionManager: Fixed up redirectors for 0 collections in 0.000179 seconds (updated 0 objects)
[2018.07.09-12.18.43:403][254]LogSlate: FSceneViewport::OnFocusLost() reason 0
[2018.07.09-12.18.43:538][260]LogSlate: Took 0.000392 seconds to synchronously load lazily loaded font '../../../Engine/Content/Slate/Fonts/Roboto-Light.ttf' (167K)
[2018.07.09-12.18.43:618][260]LogUObjectGlobals: Created PersistentFrame Addr=0x0000024d7fc3dc00, Size=968, Default__BP_Light_V2_C Function /Game/Characters/Player/Blueprints/Light/BP_Light_V2.BP_Light_V2_C:ExecuteUbergraph_BP_Light_V2
[2018.07.09-12.18.43:621][260]LogUObjectGlobals: Created PersistentFrame Addr=0x0000024d7fb27b80, Size=184, Default__Player_AnimBP_C Function /Game/Characters/Player/Blueprints/Light/Player_AnimBP.Player_AnimBP_C:ExecuteUbergraph_Player_AnimBP
[2018.07.09-12.18.43:647][260]LogUObjectGlobals: Created PersistentFrame Addr=0x0000024d0a5e7200, Size=224, Default__BP_Law_C Function /Game/Characters/NPC/Blueprints/BP_Law.BP_Law_C:ExecuteUbergraph_BP_Law
[2018.07.09-12.18.43:650][260]LogUObjectGlobals: Created PersistentFrame Addr=0x0000024d7fc52b00, Size=88, Default__Law_AnimBP_C Function /Game/Characters/NPC/Blueprints/Law_AnimBP.Law_AnimBP_C:ExecuteUbergraph_Law_AnimBP
[2018.07.09-12.18.43:684][260]LogUObjectGlobals: Created PersistentFrame Addr=0x0000024d0ec38e58, Size=56, Default__Follower_AI_CON_C Function /Game/Characters/NPC/Blueprints/AI/Follower_AI_CON.Follower_AI_CON_C:ExecuteUbergraph_Follower_AI_CON
[2018.07.09-12.18.43:687][260]LogUObjectGlobals: Created PersistentFrame Addr=0x0000024d157c5600, Size=720, Default__AgroCheck_C Function /Game/Characters/NPC/Blueprints/AI/AgroCheck.AgroCheck_C:ExecuteUbergraph_AgroCheck
[2018.07.09-12.18.43:706][260]LogUObjectGlobals: Created PersistentFrame Addr=0x0000024d547dfac0, Size=112, Default__RapidMoveTo_C Function /Game/Characters/NPC/Blueprints/AI/RapidMoveTo.RapidMoveTo_C:ExecuteUbergraph_RapidMoveTo
[2018.07.09-12.18.43:785][260]LogBlueprint: Warning: [Compiler Player_AnimBP] Set : 'ChargeAttack' variable not found. Base class was probably changed. /Game/Characters/Player/Blueprints/Light/Player_AnimBP.Player_AnimBP
[2018.07.09-12.18.43:786][260]LogBlueprint: Warning: [Compiler Player_AnimBP] Set ChargeAttack : 'ChargeAttack' variable not found. Base class was probably changed. /Game/Characters/Player/Blueprints/Light/Player_AnimBP.Player_AnimBP
[2018.07.09-12.18.43:790][260]LogBlueprint: Warning: [Compiler BP_Light_V2] Set : 'HeadRotation' variable not found. Base class was probably changed. /Game/Characters/Player/Blueprints/Light/BP_Light_V2.BP_Light_V2
[2018.07.09-12.18.43:790][260]LogBlueprint: Warning: [Compiler BP_Light_V2] Set HeadRotation : 'HeadRotation' variable not found. Base class was probably changed. /Game/Characters/Player/Blueprints/Light/BP_Light_V2.BP_Light_V2
[2018.07.09-12.18.43:802][260]LogUObjectGlobals: Destroyed PersistentFrame Addr=0x0000024d7fc52b00, Size=88
[2018.07.09-12.18.43:802][260]LogUObjectGlobals: Created PersistentFrame Addr=0x0000024d14f9fe20, Size=88, Default__Law_AnimBP_C Function /Engine/Transient.REINST_Law_AnimBP_C_1:ExecuteUbergraph_Law_AnimBP
[2018.07.09-12.18.43:803][260]LogUObjectGlobals: Destroyed PersistentFrame Addr=0x0000024d7fb27b80, Size=184
[2018.07.09-12.18.43:803][260]LogUObjectGlobals: Created PersistentFrame Addr=0x0000024d604c9840, Size=184, Default__Player_AnimBP_C Function /Engine/Transient.REINST_Player_AnimBP_C_2:ExecuteUbergraph_Player_AnimBP
[2018.07.09-12.18.43:804][260]LogUObjectGlobals: Destroyed PersistentFrame Addr=0x0000024d0a5e7200, Size=224
[2018.07.09-12.18.43:804][260]LogUObjectGlobals: Created PersistentFrame Addr=0x0000024d14f8b740, Size=224, Default__BP_Law_C Function /Engine/Transient.REINST_BP_Law_C_10:ExecuteUbergraph_BP_Law
[2018.07.09-12.18.43:805][260]LogUObjectGlobals: Destroyed PersistentFrame Addr=0x0000024d7fc3dc00, Size=968
[2018.07.09-12.18.43:805][260]LogUObjectGlobals: Created PersistentFrame Addr=0x0000024d54834400, Size=968, Default__BP_Light_V2_C Function /Engine/Transient.REINST_BP_Light_V2_C_11:ExecuteUbergraph_BP_Light_V2
[2018.07.09-12.18.43:805][260]LogUObjectGlobals: Destroyed PersistentFrame Addr=0x0000024d0ec38e58, Size=56
[2018.07.09-12.18.43:805][260]LogUObjectGlobals: Created PersistentFrame Addr=0x0000024d60479c58, Size=56, Default__Follower_AI_CON_C Function /Engine/Transient.REINST_Follower_AI_CON_C_12:ExecuteUbergraph_Follower_AI_CON
[2018.07.09-12.18.43:806][260]LogUObjectGlobals: Destroyed PersistentFrame Addr=0x0000024d547dfac0, Size=112
[2018.07.09-12.18.43:806][260]LogUObjectGlobals: Created PersistentFrame Addr=0x0000024d603eecc0, Size=112, Default__RapidMoveTo_C Function /Engine/Transient.REINST_RapidMoveTo_C_13:ExecuteUbergraph_RapidMoveTo
[2018.07.09-12.18.43:806][260]LogUObjectGlobals: Destroyed PersistentFrame Addr=0x0000024d157c5600, Size=720
[2018.07.09-12.18.43:806][260]LogUObjectGlobals: Created PersistentFrame Addr=0x0000024d60445900, Size=720, Default__AgroCheck_C Function /Engine/Transient.REINST_AgroCheck_C_14:ExecuteUbergraph_AgroCheck
[2018.07.09-12.18.43:812][260]LogBlueprint: Warning: [Compiler Player_AnimBP] Could not find a variable named "ChargeAttack" in 'BP_Light_V2_C'.
Make sure 'BP_Light_V2_C' has been compiled for  Set ChargeAttack
[2018.07.09-12.18.43:830][260]LogBlueprint: Warning: [Compiler BP_Light_V2] InputAction Event references unknown Action 'Sprint' for  InputAction Sprint
[2018.07.09-12.18.43:831][260]LogBlueprint: Warning: [Compiler BP_Light_V2] InputAction Event references unknown Action 'Dodge' for  InputAction Dodge
[2018.07.09-12.18.43:831][260]LogBlueprint: Warning: [Compiler BP_Light_V2] InputAction Event references unknown Action 'Heavy Attack' for  InputAction Heavy Attack
[2018.07.09-12.18.43:832][260]LogBlueprint: Warning: [Compiler BP_Light_V2] InputAction Event references unknown Action 'Light Attack' for  InputAction Light Attack
[2018.07.09-12.18.43:840][260]LogBlueprint: Warning: [Compiler BP_Light_V2] Could not find a variable named "HeadRotation" in 'Player_AnimBP_C'.
Make sure 'Player_AnimBP_C' has been compiled for  Set HeadRotation
[2018.07.09-12.18.43:856][260]LogUObjectGlobals: Created PersistentFrame Addr=0x0000024d14da56c0, Size=88, Default__Law_AnimBP_C Function /Game/Characters/NPC/Blueprints/Law_AnimBP.Law_AnimBP_C:ExecuteUbergraph_Law_AnimBP
[2018.07.09-12.18.43:858][260]LogUObjectGlobals: Created PersistentFrame Addr=0x0000024d14d39780, Size=184, Default__Player_AnimBP_C Function /Game/Characters/Player/Blueprints/Light/Player_AnimBP.Player_AnimBP_C:ExecuteUbergraph_Player_AnimBP
[2018.07.09-12.18.43:860][260]LogUObjectGlobals: Created PersistentFrame Addr=0x0000024d14d9c1e0, Size=224, Default__BP_Law_C Function /Game/Characters/NPC/Blueprints/BP_Law.BP_Law_C:ExecuteUbergraph_BP_Law
[2018.07.09-12.18.43:867][260]LogBlueprint: Error: [Compiler BP_Light_V2] The property associated with  Head Rotation  could not be found
[2018.07.09-12.18.43:869][260]LogUObjectGlobals: Created PersistentFrame Addr=0x0000024d14f16c00, Size=968, Default__BP_Light_V2_C Function /Game/Characters/Player/Blueprints/Light/BP_Light_V2.BP_Light_V2_C:ExecuteUbergraph_BP_Light_V2
[2018.07.09-12.18.43:870][260]LogUObjectGlobals: Created PersistentFrame Addr=0x0000024d14cbb900, Size=56, Default__Follower_AI_CON_C Function /Game/Characters/NPC/Blueprints/AI/Follower_AI_CON.Follower_AI_CON_C:ExecuteUbergraph_Follower_AI_CON
[2018.07.09-12.18.43:871][260]LogUObjectGlobals: Created PersistentFrame Addr=0x0000024d14c853d0, Size=112, Default__RapidMoveTo_C Function /Game/Characters/NPC/Blueprints/AI/RapidMoveTo.RapidMoveTo_C:ExecuteUbergraph_RapidMoveTo
[2018.07.09-12.18.43:874][260]LogUObjectGlobals: Created PersistentFrame Addr=0x0000024d14c8f100, Size=720, Default__AgroCheck_C Function /Game/Characters/NPC/Blueprints/AI/AgroCheck.AgroCheck_C:ExecuteUbergraph_AgroCheck
[2018.07.09-12.18.43:882][260]LogBlueprint: Warning: [Compiler Player_AnimBP] [0024.60] Compile of Player_AnimBP successful, but with 3 Warning(s) [in 101 ms] (/Game/Characters/Player/Blueprints/Light/Player_AnimBP.Player_AnimBP)
[2018.07.09-12.18.43:882][260]LogBlueprint: Warning: [Compiler BP_Light_V2] [0024.61] Compile of BP_Light_V2 failed. 1 Fatal Issue(s) 7 Warning(s) [in 101 ms] (/Game/Characters/Player/Blueprints/Light/BP_Light_V2.BP_Light_V2)
[2018.07.09-12.18.43:907][260]LogUObjectGlobals: Created PersistentFrame Addr=0x0000024d14c57500, Size=128, Default__Tash_Map_C Function /Game/Maps/Tash_Map.Tash_Map_C:ExecuteUbergraph_Tash_Map
[2018.07.09-12.18.43:915][260]LogUObjectGlobals: Destroyed PersistentFrame Addr=0x0000024d14c57500, Size=128
[2018.07.09-12.18.43:915][260]LogUObjectGlobals: Created PersistentFrame Addr=0x0000024d14c57500, Size=128, Default__Tash_Map_C Function /Engine/Transient.REINST_Tash_Map_C_24:ExecuteUbergraph_Tash_Map
[2018.07.09-12.18.43:920][260]LogUObjectGlobals: Created PersistentFrame Addr=0x0000024d14c57180, Size=128, Default__Tash_Map_C Function /Game/Maps/Tash_Map.Tash_Map_C:ExecuteUbergraph_Tash_Map
[2018.07.09-12.18.44:219][260]LogSkeletalMesh: Skeletal Mesh found in DDC [6.245136ms] /Game/Characters/Player/Meshes/SK_Light.SK_Light
[2018.07.09-12.18.44:268][260]LogSkeletalMesh: Skeletal Mesh found in DDC [10.059062ms] /Game/Characters/NPC/Meshes/SK_Law.SK_Law
[2018.07.09-12.18.44:413][260]LogAIModule: Creating AISystem for world Tash_Map
[2018.07.09-12.18.44:451][260]LogUObjectGlobals: Destroyed PersistentFrame Addr=0x0000024d603eecc0, Size=112
[2018.07.09-12.18.44:451][260]LogUObjectGlobals: Destroyed PersistentFrame Addr=0x0000024d60445900, Size=720
[2018.07.09-12.18.44:451][260]LogUObjectGlobals: Destroyed PersistentFrame Addr=0x0000024d60479c58, Size=56
[2018.07.09-12.18.44:451][260]LogUObjectGlobals: Destroyed PersistentFrame Addr=0x0000024d14f9fe20, Size=88
[2018.07.09-12.18.44:451][260]LogUObjectGlobals: Destroyed PersistentFrame Addr=0x0000024d14f8b740, Size=224
[2018.07.09-12.18.44:451][260]LogUObjectGlobals: Destroyed PersistentFrame Addr=0x0000024d604c9840, Size=184
[2018.07.09-12.18.44:451][260]LogUObjectGlobals: Destroyed PersistentFrame Addr=0x0000024d54834400, Size=968
[2018.07.09-12.18.44:451][260]LogUObjectGlobals: Destroyed PersistentFrame Addr=0x0000024d14c57500, Size=128
[2018.07.09-12.18.44:454][260]Cmd: MAP LOAD FILE="../../../../../../Users/NTI/Desktop/GK_Rep/Content/Maps/Tash_Map.umap" TEMPLATE=0 SHOWPROGRESS=1 FEATURELEVEL=3
[2018.07.09-12.18.44:454][260]LightingResults: New page: Lighting Build
[2018.07.09-12.18.44:455][260]LoadErrors: New page: Loading map: Tash_Map.umap
[2018.07.09-12.18.44:457][260]MapCheck: New page: Map Check
[2018.07.09-12.18.44:457][260]LightingResults: New page: Lighting Build
[2018.07.09-12.18.44:474][260]LogUObjectGlobals: Destroyed PersistentFrame Addr=0x0000024d5427f4c0, Size=152
[2018.07.09-12.18.44:520][260]LogEditorServer: Finished looking for orphan Actors (0.000 secs)
[2018.07.09-12.18.44:567][260]Cmd: MAP CHECKDEP NOCLEARLOG
[2018.07.09-12.18.44:675][260]MapCheck: Map check complete: 0 Error(s), 0 Warning(s), took 107.47ms to complete.
[2018.07.09-12.18.44:677][260]LogFileHelpers: Loading map 'Tash_Map' took 0.224
[2018.07.09-12.18.44:689][260]LoadErrors: Error: /Game/Characters/Player/Blueprints/Light/BP_Light_V2 : Failed import for StructProperty /Game/Characters/Player/Blueprints/Light/Player_AnimBP.Player_AnimBP_C:HeadRotation Referenced by export Function /Game/Characters/Player/Blueprints/Light/BP_Light_V2.BP_Light_V2_C:UpdateHeadRotation
[2018.07.09-12.18.48:009][408]LogTemp: Repeating last play command: New Editor Window (PIE)
[2018.07.09-12.18.48:029][408]LogBlueprintUserMessages: Early PlayInEditor Detection: Level '/Game/Maps/Tash_Map.Tash_Map:PersistentLevel' has LevelScriptBlueprint '/Game/Maps/Tash_Map.Tash_Map:PersistentLevel.Tash_Map' with GeneratedClass '/Game/Maps/Tash_Map.Tash_Map_C' with ClassGeneratedBy '/Game/Maps/Tash_Map.Tash_Map:PersistentLevel.Tash_Map'
[2018.07.09-12.18.48:029][408]LogPlayLevel: PlayLevel: No blueprints needed recompiling
[2018.07.09-12.18.53:403][408]LogSlate: Window 'Message' being destroyed
[2018.07.09-12.18.59:012][622]LogContentBrowser: Native class hierarchy updated for 'BlueprintGraph' in 0.0008 seconds. Added 116 classes and 0 folders.
[2018.07.09-12.18.59:410][622]LogUObjectGlobals: Created PersistentFrame Addr=0x0000024d6222fcb0, Size=4, Default__SKEL_PROTO_BP_AnimBlueprint_0_C Function /Engine/Transient.SKEL_PROTO_BP_AnimBlueprint_0_C:ExecuteUbergraph_PROTO_BP_AnimBlueprint_0
[2018.07.09-12.18.59:411][622]LogUObjectGlobals: Created PersistentFrame Addr=0x0000024d6222fca8, Size=4, Default__PROTO_BP_AnimBlueprint_0_C Function /Engine/Transient.PROTO_BP_AnimBlueprint_0_C:ExecuteUbergraph_PROTO_BP_AnimBlueprint_0
[2018.07.09-12.19.00:016][622]LogSlate: Took 0.001569 seconds to synchronously load lazily loaded font '../../../Engine/Content/Slate/Fonts/Roboto-BoldCondensed.ttf' (158K)
[2018.07.09-12.19.00:523][623]LogSlate: Took 0.003050 seconds to synchronously load lazily loaded font '../../../Engine/Content/Slate/Fonts/Roboto-Italic.ttf' (157K)
[2018.07.09-12.19.37:433][943]LogSlate: Window 'BP_Light_V2' being destroyed
[2018.07.09-12.19.37:455][943]LogSlate: Window 'BP_Light_V2' being destroyed
